2020-02-12 12:35:55,182 - INFO - Iter: 0; ema_loss: 0.012774
2020-02-12 12:35:56,525 - INFO - Iter: 100; ema_loss: 0.067041
2020-02-12 12:35:58,193 - INFO - Iter: 200; ema_loss: 0.092957
2020-02-12 12:36:00,015 - INFO - Iter: 300; ema_loss: 0.101471
2020-02-12 12:36:01,817 - INFO - Iter: 400; ema_loss: 0.107455
2020-02-12 12:36:03,530 - INFO - Iter: 500; ema_loss: 0.104169
2020-02-12 12:36:05,300 - INFO - Iter: 600; ema_loss: 0.095504
2020-02-12 12:36:07,209 - INFO - Iter: 700; ema_loss: 0.094742
2020-02-12 12:36:08,856 - INFO - Iter: 800; ema_loss: 0.099213
2020-02-12 12:36:10,436 - INFO - Iter: 900; ema_loss: 0.108276
2020-02-12 12:36:11,959 - INFO - Iter: 1000; ema_loss: 0.100629
2020-02-12 12:36:13,443 - INFO - Iter: 1100; ema_loss: 0.100011
2020-02-12 12:36:15,156 - INFO - Iter: 1200; ema_loss: 0.096131
2020-02-12 12:36:16,867 - INFO - Iter: 1300; ema_loss: 0.100382
2020-02-12 12:36:18,468 - INFO - Iter: 1400; ema_loss: 0.097362
2020-02-12 12:36:20,020 - INFO - Iter: 1500; ema_loss: 0.099022
2020-02-12 12:36:21,606 - INFO - Iter: 1600; ema_loss: 0.093755
2020-02-12 12:36:23,204 - INFO - Iter: 1700; ema_loss: 0.100867
2020-02-12 12:36:24,808 - INFO - Iter: 1800; ema_loss: 0.095437
2020-02-12 12:36:26,477 - INFO - Iter: 1900; ema_loss: 0.099947
2020-02-12 12:36:28,088 - INFO - Iter: 2000; ema_loss: 0.093512
2020-02-12 12:36:29,715 - INFO - Iter: 2100; ema_loss: 0.105176
2020-02-12 12:36:31,368 - INFO - Iter: 2200; ema_loss: 0.103248
2020-02-12 12:36:33,199 - INFO - Iter: 2300; ema_loss: 0.099166
2020-02-12 12:36:34,888 - INFO - Iter: 2400; ema_loss: 0.099611
2020-02-12 12:36:36,721 - INFO - Iter: 2500; ema_loss: 0.097457
2020-02-12 12:36:38,318 - INFO - Iter: 2600; ema_loss: 0.102273
2020-02-12 12:36:39,927 - INFO - Iter: 2700; ema_loss: 0.102970
2020-02-12 12:36:41,684 - INFO - Iter: 2800; ema_loss: 0.098113
2020-02-12 12:36:43,276 - INFO - Iter: 2900; ema_loss: 0.095135
2020-02-12 12:36:44,865 - INFO - Iter: 3000; ema_loss: 0.096702
2020-02-12 12:36:46,472 - INFO - Iter: 3100; ema_loss: 0.109284
2020-02-12 12:36:48,109 - INFO - Iter: 3200; ema_loss: 0.097694
2020-02-12 12:36:49,710 - INFO - Iter: 3300; ema_loss: 0.105254
2020-02-12 12:36:51,516 - INFO - Iter: 3400; ema_loss: 0.110975
2020-02-12 12:36:53,341 - INFO - Iter: 3500; ema_loss: 0.105701
2020-02-12 12:36:55,007 - INFO - Iter: 3600; ema_loss: 0.106030
2020-02-12 12:36:56,771 - INFO - Iter: 3700; ema_loss: 0.103389
2020-02-12 12:36:58,698 - INFO - Iter: 3800; ema_loss: 0.104280
2020-02-12 12:37:00,455 - INFO - Iter: 3900; ema_loss: 0.101824
2020-02-12 12:37:02,095 - INFO - Iter: 4000; ema_loss: 0.108813
2020-02-12 12:37:03,710 - INFO - Iter: 4100; ema_loss: 0.116961
2020-02-12 12:37:05,345 - INFO - Iter: 4200; ema_loss: 0.109775
2020-02-12 12:37:06,955 - INFO - Iter: 4300; ema_loss: 0.095803
2020-02-12 12:37:08,654 - INFO - Iter: 4400; ema_loss: 0.097675
2020-02-12 12:37:10,382 - INFO - Iter: 4500; ema_loss: 0.101345
2020-02-12 12:37:12,026 - INFO - Iter: 4600; ema_loss: 0.105516
2020-02-12 12:37:13,613 - INFO - Iter: 4700; ema_loss: 0.112166
2020-02-12 12:37:15,195 - INFO - Iter: 4800; ema_loss: 0.115895
2020-02-12 12:37:16,762 - INFO - Iter: 4900; ema_loss: 0.102400
2020-02-12 12:37:18,338 - INFO - Iter: 5000; ema_loss: 0.099890
2020-02-12 12:37:19,672 - INFO - 1-chain val AUC: 0.981194 val perc 98.276777; iteration: 5000
2020-02-12 12:37:21,330 - INFO - 2-inter val AUC: 0.769775 val perc 74.057377; iteration: 5000
2020-02-12 12:37:22,865 - INFO - Hard-2-inter val AUC: 0.497099 val perc 50.217947; iteration: 5000
2020-02-12 12:37:23,767 - INFO - 2-chain val AUC: 0.801392 val perc 84.693182; iteration: 5000
2020-02-12 12:37:25,265 - INFO - 3-chain val AUC: 0.792446 val perc 78.861386; iteration: 5000
2020-02-12 12:37:27,666 - INFO - 3-chain_inter val AUC: 0.698446 val perc 66.404040; iteration: 5000
2020-02-12 12:37:30,086 - INFO - Hard-3-chain_inter val AUC: 0.585066 val perc 58.890935; iteration: 5000
2020-02-12 12:37:32,542 - INFO - 3-inter_chain val AUC: 0.762643 val perc 76.468085; iteration: 5000
2020-02-12 12:37:34,933 - INFO - Hard-3-inter_chain val AUC: 0.508108 val perc 45.383734; iteration: 5000
2020-02-12 12:37:37,607 - INFO - 3-inter val AUC: 0.771929 val perc 76.673684; iteration: 5000
2020-02-12 12:37:40,316 - INFO - Hard-3-inter val AUC: 0.497827 val perc 49.261877; iteration: 5000
2020-02-12 12:37:42,551 - INFO - Iter: 5100; ema_loss: 0.101165
2020-02-12 12:37:44,573 - INFO - Iter: 5200; ema_loss: 0.100809
2020-02-12 12:37:46,547 - INFO - Iter: 5300; ema_loss: 0.096101
2020-02-12 12:37:48,818 - INFO - Iter: 5400; ema_loss: 0.107230
2020-02-12 12:37:50,904 - INFO - Iter: 5500; ema_loss: 0.103903
2020-02-12 12:37:53,119 - INFO - Iter: 5600; ema_loss: 0.099923
2020-02-12 12:37:55,346 - INFO - Iter: 5700; ema_loss: 0.110242
2020-02-12 12:37:57,516 - INFO - Iter: 5800; ema_loss: 0.101970
2020-02-12 12:37:59,897 - INFO - Iter: 5900; ema_loss: 0.102548
2020-02-12 12:38:01,913 - INFO - Iter: 6000; ema_loss: 0.104015
2020-02-12 12:38:04,116 - INFO - Iter: 6100; ema_loss: 0.103220
2020-02-12 12:38:06,254 - INFO - Iter: 6200; ema_loss: 0.096677
2020-02-12 12:38:08,370 - INFO - Iter: 6300; ema_loss: 0.103451
2020-02-12 12:38:10,638 - INFO - Iter: 6400; ema_loss: 0.100533
2020-02-12 12:38:12,830 - INFO - Iter: 6500; ema_loss: 0.099424
2020-02-12 12:38:14,981 - INFO - Iter: 6600; ema_loss: 0.101329
2020-02-12 12:38:17,294 - INFO - Iter: 6700; ema_loss: 0.103174
2020-02-12 12:38:19,458 - INFO - Iter: 6800; ema_loss: 0.103194
2020-02-12 12:38:21,624 - INFO - Iter: 6900; ema_loss: 0.096170
2020-02-12 12:38:23,927 - INFO - Iter: 7000; ema_loss: 0.096223
2020-02-12 12:38:26,010 - INFO - Iter: 7100; ema_loss: 0.101457
2020-02-12 12:38:28,167 - INFO - Iter: 7200; ema_loss: 0.102026
2020-02-12 12:38:30,389 - INFO - Iter: 7300; ema_loss: 0.109903
2020-02-12 12:38:32,411 - INFO - Iter: 7400; ema_loss: 0.104437
2020-02-12 12:38:34,541 - INFO - Iter: 7500; ema_loss: 0.107943
2020-02-12 12:38:36,776 - INFO - Iter: 7600; ema_loss: 0.107959
2020-02-12 12:38:39,001 - INFO - Iter: 7700; ema_loss: 0.095497
2020-02-12 12:38:41,140 - INFO - Iter: 7800; ema_loss: 0.104888
2020-02-12 12:38:43,200 - INFO - Iter: 7900; ema_loss: 0.107353
2020-02-12 12:38:45,350 - INFO - Iter: 8000; ema_loss: 0.110918
2020-02-12 12:38:47,527 - INFO - Iter: 8100; ema_loss: 0.100402
2020-02-12 12:38:49,683 - INFO - Iter: 8200; ema_loss: 0.092348
2020-02-12 12:38:51,875 - INFO - Iter: 8300; ema_loss: 0.097986
2020-02-12 12:38:54,071 - INFO - Iter: 8400; ema_loss: 0.102738
2020-02-12 12:38:56,493 - INFO - Iter: 8500; ema_loss: 0.105172
2020-02-12 12:38:58,725 - INFO - Iter: 8600; ema_loss: 0.097786
2020-02-12 12:39:01,179 - INFO - Iter: 8700; ema_loss: 0.101427
2020-02-12 12:39:03,358 - INFO - Iter: 8800; ema_loss: 0.107492
2020-02-12 12:39:05,698 - INFO - Iter: 8900; ema_loss: 0.103595
2020-02-12 12:39:08,022 - INFO - Iter: 9000; ema_loss: 0.093329
2020-02-12 12:39:10,247 - INFO - Iter: 9100; ema_loss: 0.095958
2020-02-12 12:39:12,501 - INFO - Iter: 9200; ema_loss: 0.096327
2020-02-12 12:39:14,608 - INFO - Iter: 9300; ema_loss: 0.097040
2020-02-12 12:39:16,731 - INFO - Iter: 9400; ema_loss: 0.104049
2020-02-12 12:39:18,944 - INFO - Iter: 9500; ema_loss: 0.102571
2020-02-12 12:39:20,956 - INFO - Iter: 9600; ema_loss: 0.099750
2020-02-12 12:39:23,170 - INFO - Iter: 9700; ema_loss: 0.096584
2020-02-12 12:39:25,442 - INFO - Iter: 9800; ema_loss: 0.100181
2020-02-12 12:39:27,432 - INFO - Iter: 9900; ema_loss: 0.096540
2020-02-12 12:39:29,499 - INFO - Iter: 10000; ema_loss: 0.094898
2020-02-12 12:39:30,848 - INFO - 1-chain val AUC: 0.981261 val perc 98.316577; iteration: 10000
2020-02-12 12:39:32,181 - INFO - 2-inter val AUC: 0.767617 val perc 74.057377; iteration: 10000
2020-02-12 12:39:33,478 - INFO - Hard-2-inter val AUC: 0.496158 val perc 49.495868; iteration: 10000
2020-02-12 12:39:34,256 - INFO - 2-chain val AUC: 0.797628 val perc 83.761364; iteration: 10000
2020-02-12 12:39:35,542 - INFO - 3-chain val AUC: 0.774208 val perc 77.930693; iteration: 10000
2020-02-12 12:39:37,518 - INFO - 3-chain_inter val AUC: 0.700805 val perc 64.202020; iteration: 10000
2020-02-12 12:39:39,442 - INFO - Hard-3-chain_inter val AUC: 0.584965 val perc 56.214672; iteration: 10000
2020-02-12 12:39:41,417 - INFO - 3-inter_chain val AUC: 0.756241 val perc 75.297872; iteration: 10000
2020-02-12 12:39:43,382 - INFO - Hard-3-inter_chain val AUC: 0.511993 val perc 45.138059; iteration: 10000
2020-02-12 12:39:45,603 - INFO - 3-inter val AUC: 0.773780 val perc 75.010526; iteration: 10000
2020-02-12 12:39:47,838 - INFO - Hard-3-inter val AUC: 0.498212 val perc 48.347809; iteration: 10000
2020-02-12 12:39:49,960 - INFO - Iter: 10100; ema_loss: 0.108212
2020-02-12 12:39:52,068 - INFO - Iter: 10200; ema_loss: 0.105287
2020-02-12 12:39:54,132 - INFO - Iter: 10300; ema_loss: 0.096829
2020-02-12 12:39:56,244 - INFO - Iter: 10400; ema_loss: 0.100515
2020-02-12 12:39:58,267 - INFO - Iter: 10500; ema_loss: 0.099713
2020-02-12 12:40:00,467 - INFO - Iter: 10600; ema_loss: 0.106269
2020-02-12 12:40:02,770 - INFO - Iter: 10700; ema_loss: 0.101628
2020-02-12 12:40:04,900 - INFO - Iter: 10800; ema_loss: 0.105279
2020-02-12 12:40:07,240 - INFO - Iter: 10900; ema_loss: 0.103308
2020-02-12 12:40:09,559 - INFO - Iter: 11000; ema_loss: 0.098177
2020-02-12 12:40:11,854 - INFO - Iter: 11100; ema_loss: 0.103161
2020-02-12 12:40:14,229 - INFO - Iter: 11200; ema_loss: 0.098663
2020-02-12 12:40:16,455 - INFO - Iter: 11300; ema_loss: 0.100819
2020-02-12 12:40:18,495 - INFO - Iter: 11400; ema_loss: 0.097066
2020-02-12 12:40:20,541 - INFO - Iter: 11500; ema_loss: 0.095947
2020-02-12 12:40:22,619 - INFO - Iter: 11600; ema_loss: 0.086612
2020-02-12 12:40:24,635 - INFO - Iter: 11700; ema_loss: 0.100167
2020-02-12 12:40:26,689 - INFO - Iter: 11800; ema_loss: 0.092526
2020-02-12 12:40:28,789 - INFO - Iter: 11900; ema_loss: 0.090787
2020-02-12 12:40:31,167 - INFO - Iter: 12000; ema_loss: 0.089245
2020-02-12 12:40:33,382 - INFO - Iter: 12100; ema_loss: 0.098552
2020-02-12 12:40:35,676 - INFO - Iter: 12200; ema_loss: 0.097429
2020-02-12 12:40:37,832 - INFO - Iter: 12300; ema_loss: 0.096312
2020-02-12 12:40:40,157 - INFO - Iter: 12400; ema_loss: 0.104282
2020-02-12 12:40:42,321 - INFO - Iter: 12500; ema_loss: 0.109914
2020-02-12 12:40:44,574 - INFO - Iter: 12600; ema_loss: 0.111974
2020-02-12 12:40:46,906 - INFO - Iter: 12700; ema_loss: 0.103085
2020-02-12 12:40:49,107 - INFO - Iter: 12800; ema_loss: 0.098580
2020-02-12 12:40:51,262 - INFO - Iter: 12900; ema_loss: 0.109225
2020-02-12 12:40:53,484 - INFO - Iter: 13000; ema_loss: 0.116279
2020-02-12 12:40:55,781 - INFO - Iter: 13100; ema_loss: 0.107359
2020-02-12 12:40:58,014 - INFO - Iter: 13200; ema_loss: 0.115357
2020-02-12 12:41:00,337 - INFO - Iter: 13300; ema_loss: 0.112181
2020-02-12 12:41:02,805 - INFO - Iter: 13400; ema_loss: 0.098051
2020-02-12 12:41:05,143 - INFO - Iter: 13500; ema_loss: 0.097611
2020-02-12 12:41:07,209 - INFO - Iter: 13600; ema_loss: 0.101634
2020-02-12 12:41:09,357 - INFO - Iter: 13700; ema_loss: 0.100415
2020-02-12 12:41:11,875 - INFO - Iter: 13800; ema_loss: 0.110027
2020-02-12 12:41:14,092 - INFO - Iter: 13900; ema_loss: 0.110162
2020-02-12 12:41:16,357 - INFO - Iter: 14000; ema_loss: 0.109169
2020-02-12 12:41:18,623 - INFO - Iter: 14100; ema_loss: 0.103621
2020-02-12 12:41:20,968 - INFO - Iter: 14200; ema_loss: 0.106582
2020-02-12 12:41:23,161 - INFO - Iter: 14300; ema_loss: 0.109488
2020-02-12 12:41:25,363 - INFO - Iter: 14400; ema_loss: 0.105350
2020-02-12 12:41:27,609 - INFO - Iter: 14500; ema_loss: 0.098562
2020-02-12 12:41:30,223 - INFO - Iter: 14600; ema_loss: 0.088672
2020-02-12 12:41:32,499 - INFO - Iter: 14700; ema_loss: 0.092142
2020-02-12 12:41:34,912 - INFO - Iter: 14800; ema_loss: 0.098931
2020-02-12 12:41:37,257 - INFO - Iter: 14900; ema_loss: 0.097569
2020-02-12 12:41:39,654 - INFO - Iter: 15000; ema_loss: 0.096937
2020-02-12 12:41:41,142 - INFO - 1-chain val AUC: 0.981429 val perc 98.274343; iteration: 15000
2020-02-12 12:41:42,430 - INFO - 2-inter val AUC: 0.769629 val perc 72.057377; iteration: 15000
2020-02-12 12:41:43,702 - INFO - Hard-2-inter val AUC: 0.498909 val perc 49.414254; iteration: 15000
2020-02-12 12:41:44,466 - INFO - 2-chain val AUC: 0.814416 val perc 84.931818; iteration: 15000
2020-02-12 12:41:45,736 - INFO - 3-chain val AUC: 0.790185 val perc 78.861386; iteration: 15000
2020-02-12 12:41:47,712 - INFO - 3-chain_inter val AUC: 0.703666 val perc 64.181818; iteration: 15000
2020-02-12 12:41:49,700 - INFO - Hard-3-chain_inter val AUC: 0.581227 val perc 56.445429; iteration: 15000
2020-02-12 12:41:51,680 - INFO - 3-inter_chain val AUC: 0.757858 val perc 77.574468; iteration: 15000
2020-02-12 12:41:53,670 - INFO - Hard-3-inter_chain val AUC: 0.515775 val perc 48.311649; iteration: 15000
2020-02-12 12:41:55,918 - INFO - 3-inter val AUC: 0.764156 val perc 75.200000; iteration: 15000
2020-02-12 12:41:58,162 - INFO - Hard-3-inter val AUC: 0.496851 val perc 49.270131; iteration: 15000
2020-02-12 12:42:00,314 - INFO - Iter: 15100; ema_loss: 0.110090
2020-02-12 12:42:02,181 - INFO - Iter: 15200; ema_loss: 0.102955
2020-02-12 12:42:04,306 - INFO - Iter: 15300; ema_loss: 0.100592
2020-02-12 12:42:06,460 - INFO - Iter: 15400; ema_loss: 0.094679
2020-02-12 12:42:08,866 - INFO - Iter: 15500; ema_loss: 0.099003
2020-02-12 12:42:11,265 - INFO - Iter: 15600; ema_loss: 0.102125
2020-02-12 12:42:13,522 - INFO - Iter: 15700; ema_loss: 0.103655
2020-02-12 12:42:15,768 - INFO - Iter: 15800; ema_loss: 0.095436
2020-02-12 12:42:18,008 - INFO - Iter: 15900; ema_loss: 0.098607
2020-02-12 12:42:20,359 - INFO - Iter: 16000; ema_loss: 0.099322
2020-02-12 12:42:22,824 - INFO - Iter: 16100; ema_loss: 0.108143
2020-02-12 12:42:24,909 - INFO - Iter: 16200; ema_loss: 0.111040
2020-02-12 12:42:27,377 - INFO - Iter: 16300; ema_loss: 0.099455
2020-02-12 12:42:29,541 - INFO - Iter: 16400; ema_loss: 0.101028
2020-02-12 12:42:31,665 - INFO - Iter: 16500; ema_loss: 0.101050
2020-02-12 12:42:33,926 - INFO - Iter: 16600; ema_loss: 0.107792
2020-02-12 12:42:36,394 - INFO - Iter: 16700; ema_loss: 0.095031
2020-02-12 12:42:38,501 - INFO - Iter: 16800; ema_loss: 0.096125
2020-02-12 12:42:40,812 - INFO - Iter: 16900; ema_loss: 0.096455
2020-02-12 12:42:43,134 - INFO - Iter: 17000; ema_loss: 0.095061
2020-02-12 12:42:45,352 - INFO - Iter: 17100; ema_loss: 0.101309
2020-02-12 12:42:47,669 - INFO - Iter: 17200; ema_loss: 0.102963
2020-02-12 12:42:49,938 - INFO - Iter: 17300; ema_loss: 0.105738
2020-02-12 12:42:52,171 - INFO - Iter: 17400; ema_loss: 0.104761
2020-02-12 12:42:54,299 - INFO - Iter: 17500; ema_loss: 0.105887
2020-02-12 12:42:56,648 - INFO - Iter: 17600; ema_loss: 0.100313
2020-02-12 12:42:58,882 - INFO - Iter: 17700; ema_loss: 0.098073
2020-02-12 12:43:00,998 - INFO - Iter: 17800; ema_loss: 0.096706
2020-02-12 12:43:03,134 - INFO - Iter: 17900; ema_loss: 0.096219
2020-02-12 12:43:05,360 - INFO - Iter: 18000; ema_loss: 0.102677
2020-02-12 12:43:07,628 - INFO - Iter: 18100; ema_loss: 0.109530
2020-02-12 12:43:09,875 - INFO - Iter: 18200; ema_loss: 0.110012
2020-02-12 12:43:12,264 - INFO - Iter: 18300; ema_loss: 0.111675
2020-02-12 12:43:14,368 - INFO - Iter: 18400; ema_loss: 0.107994
2020-02-12 12:43:16,766 - INFO - Iter: 18500; ema_loss: 0.101062
2020-02-12 12:43:18,907 - INFO - Iter: 18600; ema_loss: 0.107912
2020-02-12 12:43:20,942 - INFO - Iter: 18700; ema_loss: 0.115448
2020-02-12 12:43:23,286 - INFO - Iter: 18800; ema_loss: 0.108856
2020-02-12 12:43:25,284 - INFO - Iter: 18900; ema_loss: 0.106172
2020-02-12 12:43:27,427 - INFO - Iter: 19000; ema_loss: 0.097260
2020-02-12 12:43:29,609 - INFO - Iter: 19100; ema_loss: 0.095536
2020-02-12 12:43:31,576 - INFO - Iter: 19200; ema_loss: 0.098883
2020-02-12 12:43:33,743 - INFO - Iter: 19300; ema_loss: 0.096870
2020-02-12 12:43:35,982 - INFO - Iter: 19400; ema_loss: 0.098648
2020-02-12 12:43:38,194 - INFO - Iter: 19500; ema_loss: 0.103101
2020-02-12 12:43:40,380 - INFO - Iter: 19600; ema_loss: 0.104400
2020-02-12 12:43:42,669 - INFO - Iter: 19700; ema_loss: 0.104670
2020-02-12 12:43:45,040 - INFO - Iter: 19800; ema_loss: 0.107087
2020-02-12 12:43:47,358 - INFO - Iter: 19900; ema_loss: 0.106322
2020-02-12 12:43:49,613 - INFO - Iter: 20000; ema_loss: 0.098568
2020-02-12 12:43:50,999 - INFO - 1-chain val AUC: 0.981287 val perc 98.281402; iteration: 20000
2020-02-12 12:43:52,319 - INFO - 2-inter val AUC: 0.769074 val perc 72.114754; iteration: 20000
2020-02-12 12:43:53,632 - INFO - Hard-2-inter val AUC: 0.492131 val perc 51.356995; iteration: 20000
2020-02-12 12:43:54,410 - INFO - 2-chain val AUC: 0.812579 val perc 84.215909; iteration: 20000
2020-02-12 12:43:55,728 - INFO - 3-chain val AUC: 0.778341 val perc 77.217822; iteration: 20000
2020-02-12 12:43:57,794 - INFO - 3-chain_inter val AUC: 0.697905 val perc 65.808081; iteration: 20000
2020-02-12 12:43:59,862 - INFO - Hard-3-chain_inter val AUC: 0.573946 val perc 57.574022; iteration: 20000
2020-02-12 12:44:01,870 - INFO - 3-inter_chain val AUC: 0.759451 val perc 76.595745; iteration: 20000
2020-02-12 12:44:03,907 - INFO - Hard-3-inter_chain val AUC: 0.516086 val perc 46.968045; iteration: 20000
2020-02-12 12:44:06,142 - INFO - 3-inter val AUC: 0.769621 val perc 75.315789; iteration: 20000
2020-02-12 12:44:08,375 - INFO - Hard-3-inter val AUC: 0.499562 val perc 48.998360; iteration: 20000
2020-02-12 12:44:10,628 - INFO - Iter: 20100; ema_loss: 0.098411
2020-02-12 12:44:12,805 - INFO - Iter: 20200; ema_loss: 0.095011
2020-02-12 12:44:14,958 - INFO - Iter: 20300; ema_loss: 0.110891
2020-02-12 12:44:16,821 - INFO - Iter: 20400; ema_loss: 0.104716
2020-02-12 12:44:18,534 - INFO - Iter: 20500; ema_loss: 0.105364
2020-02-12 12:44:20,264 - INFO - Iter: 20600; ema_loss: 0.116095
2020-02-12 12:44:22,067 - INFO - Iter: 20700; ema_loss: 0.107379
2020-02-12 12:44:24,156 - INFO - Iter: 20800; ema_loss: 0.100252
2020-02-12 12:44:26,228 - INFO - Iter: 20900; ema_loss: 0.099860
2020-02-12 12:44:28,328 - INFO - Iter: 21000; ema_loss: 0.103292
2020-02-12 12:44:30,421 - INFO - Iter: 21100; ema_loss: 0.098237
2020-02-12 12:44:32,554 - INFO - Iter: 21200; ema_loss: 0.102321
2020-02-12 12:44:34,816 - INFO - Iter: 21300; ema_loss: 0.091442
2020-02-12 12:44:36,941 - INFO - Iter: 21400; ema_loss: 0.101643
2020-02-12 12:44:38,866 - INFO - Iter: 21500; ema_loss: 0.097078
2020-02-12 12:44:40,591 - INFO - Iter: 21600; ema_loss: 0.098456
2020-02-12 12:44:42,311 - INFO - Iter: 21700; ema_loss: 0.101612
2020-02-12 12:44:44,023 - INFO - Iter: 21800; ema_loss: 0.105011
2020-02-12 12:44:45,868 - INFO - Iter: 21900; ema_loss: 0.102823
2020-02-12 12:44:47,811 - INFO - Iter: 22000; ema_loss: 0.101501
2020-02-12 12:44:49,624 - INFO - Iter: 22100; ema_loss: 0.100532
2020-02-12 12:44:51,329 - INFO - Iter: 22200; ema_loss: 0.102456
2020-02-12 12:44:53,279 - INFO - Iter: 22300; ema_loss: 0.105899
2020-02-12 12:44:55,639 - INFO - Iter: 22400; ema_loss: 0.102675
2020-02-12 12:44:57,758 - INFO - Iter: 22500; ema_loss: 0.098879
2020-02-12 12:44:59,999 - INFO - Iter: 22600; ema_loss: 0.103960
2020-02-12 12:45:02,338 - INFO - Iter: 22700; ema_loss: 0.100777
2020-02-12 12:45:04,784 - INFO - Iter: 22800; ema_loss: 0.103946
2020-02-12 12:45:06,914 - INFO - Iter: 22900; ema_loss: 0.094247
2020-02-12 12:45:09,203 - INFO - Iter: 23000; ema_loss: 0.091818
2020-02-12 12:45:11,428 - INFO - Iter: 23100; ema_loss: 0.100077
2020-02-12 12:45:13,643 - INFO - Iter: 23200; ema_loss: 0.102250
2020-02-12 12:45:15,777 - INFO - Iter: 23300; ema_loss: 0.092488
2020-02-12 12:45:18,135 - INFO - Iter: 23400; ema_loss: 0.095191
2020-02-12 12:45:20,205 - INFO - Iter: 23500; ema_loss: 0.097863
2020-02-12 12:45:22,486 - INFO - Iter: 23600; ema_loss: 0.099794
2020-02-12 12:45:24,852 - INFO - Iter: 23700; ema_loss: 0.101471
2020-02-12 12:45:27,176 - INFO - Iter: 23800; ema_loss: 0.097845
2020-02-12 12:45:29,529 - INFO - Iter: 23900; ema_loss: 0.104466
2020-02-12 12:45:32,043 - INFO - Iter: 24000; ema_loss: 0.100422
2020-02-12 12:45:34,153 - INFO - Iter: 24100; ema_loss: 0.112723
2020-02-12 12:45:36,425 - INFO - Iter: 24200; ema_loss: 0.109193
2020-02-12 12:45:38,723 - INFO - Iter: 24300; ema_loss: 0.108744
2020-02-12 12:45:40,918 - INFO - Iter: 24400; ema_loss: 0.105310
2020-02-12 12:45:43,199 - INFO - Iter: 24500; ema_loss: 0.103157
2020-02-12 12:45:45,478 - INFO - Iter: 24600; ema_loss: 0.111859
2020-02-12 12:45:47,666 - INFO - Iter: 24700; ema_loss: 0.100880
2020-02-12 12:45:49,893 - INFO - Iter: 24800; ema_loss: 0.097085
2020-02-12 12:45:52,381 - INFO - Iter: 24900; ema_loss: 0.106188
2020-02-12 12:45:54,577 - INFO - Iter: 25000; ema_loss: 0.100463
2020-02-12 12:45:56,025 - INFO - 1-chain val AUC: 0.981441 val perc 98.280307; iteration: 25000
2020-02-12 12:45:57,440 - INFO - 2-inter val AUC: 0.767195 val perc 73.426230; iteration: 25000
2020-02-12 12:45:58,728 - INFO - Hard-2-inter val AUC: 0.495780 val perc 49.795144; iteration: 25000
2020-02-12 12:45:59,479 - INFO - 2-chain val AUC: 0.813903 val perc 82.795455; iteration: 25000
2020-02-12 12:46:00,746 - INFO - 3-chain val AUC: 0.782550 val perc 81.079208; iteration: 25000
2020-02-12 12:46:02,693 - INFO - 3-chain_inter val AUC: 0.697359 val perc 66.232323; iteration: 25000
2020-02-12 12:46:04,660 - INFO - Hard-3-chain_inter val AUC: 0.577941 val perc 57.874812; iteration: 25000
2020-02-12 12:46:06,638 - INFO - 3-inter_chain val AUC: 0.763581 val perc 76.223404; iteration: 25000
2020-02-12 12:46:08,624 - INFO - Hard-3-inter_chain val AUC: 0.520011 val perc 46.259094; iteration: 25000
2020-02-12 12:46:10,818 - INFO - 3-inter val AUC: 0.757393 val perc 75.221053; iteration: 25000
2020-02-12 12:46:13,054 - INFO - Hard-3-inter val AUC: 0.492584 val perc 51.311996; iteration: 25000
2020-02-12 12:46:15,377 - INFO - Iter: 25100; ema_loss: 0.100414
2020-02-12 12:46:17,512 - INFO - Iter: 25200; ema_loss: 0.098196
2020-02-12 12:46:19,752 - INFO - Iter: 25300; ema_loss: 0.101762
2020-02-12 12:46:22,255 - INFO - Iter: 25400; ema_loss: 0.098019
2020-02-12 12:46:24,524 - INFO - Iter: 25500; ema_loss: 0.103741
2020-02-12 12:46:26,827 - INFO - Iter: 25600; ema_loss: 0.106431
2020-02-12 12:46:28,966 - INFO - Iter: 25700; ema_loss: 0.109690
2020-02-12 12:46:31,237 - INFO - Iter: 25800; ema_loss: 0.104242
2020-02-12 12:46:33,560 - INFO - Iter: 25900; ema_loss: 0.096994
2020-02-12 12:46:35,748 - INFO - Iter: 26000; ema_loss: 0.096339
2020-02-12 12:46:38,033 - INFO - Iter: 26100; ema_loss: 0.100458
2020-02-12 12:46:40,113 - INFO - Iter: 26200; ema_loss: 0.104882
2020-02-12 12:46:42,372 - INFO - Iter: 26300; ema_loss: 0.097322
2020-02-12 12:46:44,680 - INFO - Iter: 26400; ema_loss: 0.102573
2020-02-12 12:46:46,904 - INFO - Iter: 26500; ema_loss: 0.103496
2020-02-12 12:46:49,078 - INFO - Iter: 26600; ema_loss: 0.101946
2020-02-12 12:46:51,492 - INFO - Iter: 26700; ema_loss: 0.098197
2020-02-12 12:46:53,910 - INFO - Iter: 26800; ema_loss: 0.107718
2020-02-12 12:46:56,127 - INFO - Iter: 26900; ema_loss: 0.107850
2020-02-12 12:46:58,540 - INFO - Iter: 27000; ema_loss: 0.103859
2020-02-12 12:47:00,920 - INFO - Iter: 27100; ema_loss: 0.101223
2020-02-12 12:47:03,168 - INFO - Iter: 27200; ema_loss: 0.107932
2020-02-12 12:47:05,524 - INFO - Iter: 27300; ema_loss: 0.095117
2020-02-12 12:47:07,973 - INFO - Iter: 27400; ema_loss: 0.102217
2020-02-12 12:47:10,163 - INFO - Iter: 27500; ema_loss: 0.103407
2020-02-12 12:47:12,651 - INFO - Iter: 27600; ema_loss: 0.104034
2020-02-12 12:47:15,100 - INFO - Iter: 27700; ema_loss: 0.100817
2020-02-12 12:47:17,171 - INFO - Iter: 27800; ema_loss: 0.098909
2020-02-12 12:47:19,440 - INFO - Iter: 27900; ema_loss: 0.091324
2020-02-12 12:47:21,530 - INFO - Iter: 28000; ema_loss: 0.095516
2020-02-12 12:47:23,604 - INFO - Iter: 28100; ema_loss: 0.094578
2020-02-12 12:47:26,043 - INFO - Iter: 28200; ema_loss: 0.094586
2020-02-12 12:47:28,292 - INFO - Iter: 28300; ema_loss: 0.093909
2020-02-12 12:47:30,637 - INFO - Iter: 28400; ema_loss: 0.099121
2020-02-12 12:47:32,552 - INFO - Iter: 28500; ema_loss: 0.102845
2020-02-12 12:47:34,549 - INFO - Iter: 28600; ema_loss: 0.093401
2020-02-12 12:47:36,602 - INFO - Iter: 28700; ema_loss: 0.093173
2020-02-12 12:47:38,718 - INFO - Iter: 28800; ema_loss: 0.100679
2020-02-12 12:47:40,942 - INFO - Iter: 28900; ema_loss: 0.097823
2020-02-12 12:47:43,060 - INFO - Iter: 29000; ema_loss: 0.098199
2020-02-12 12:47:45,247 - INFO - Iter: 29100; ema_loss: 0.095547
2020-02-12 12:47:47,439 - INFO - Iter: 29200; ema_loss: 0.092819
2020-02-12 12:47:49,726 - INFO - Iter: 29300; ema_loss: 0.100192
2020-02-12 12:47:51,946 - INFO - Iter: 29400; ema_loss: 0.100537
2020-02-12 12:47:54,059 - INFO - Iter: 29500; ema_loss: 0.096976
2020-02-12 12:47:56,185 - INFO - Iter: 29600; ema_loss: 0.096509
2020-02-12 12:47:58,213 - INFO - Iter: 29700; ema_loss: 0.098947
2020-02-12 12:48:00,064 - INFO - Iter: 29800; ema_loss: 0.100303
2020-02-12 12:48:02,042 - INFO - Iter: 29900; ema_loss: 0.104663
2020-02-12 12:48:03,901 - INFO - Iter: 30000; ema_loss: 0.098626
2020-02-12 12:48:05,266 - INFO - 1-chain val AUC: 0.981254 val perc 98.227361; iteration: 30000
2020-02-12 12:48:06,623 - INFO - 2-inter val AUC: 0.767227 val perc 73.254098; iteration: 30000
2020-02-12 12:48:07,894 - INFO - Hard-2-inter val AUC: 0.493908 val perc 48.570052; iteration: 30000
2020-02-12 12:48:08,648 - INFO - 2-chain val AUC: 0.809101 val perc 84.545455; iteration: 30000
2020-02-12 12:48:09,914 - INFO - 3-chain val AUC: 0.786302 val perc 80.366337; iteration: 30000
2020-02-12 12:48:11,907 - INFO - 3-chain_inter val AUC: 0.697305 val perc 63.535354; iteration: 30000
2020-02-12 12:48:13,858 - INFO - Hard-3-chain_inter val AUC: 0.575616 val perc 59.359367; iteration: 30000
2020-02-12 12:48:15,845 - INFO - 3-inter_chain val AUC: 0.761144 val perc 76.319149; iteration: 30000
2020-02-12 12:48:17,826 - INFO - Hard-3-inter_chain val AUC: 0.512644 val perc 46.152840; iteration: 30000
2020-02-12 12:48:20,065 - INFO - 3-inter val AUC: 0.757976 val perc 75.789474; iteration: 30000
2020-02-12 12:48:22,301 - INFO - Hard-3-inter val AUC: 0.492506 val perc 51.323944; iteration: 30000
2020-02-12 12:48:22,309 - INFO - Edge converged at iteration 30000
2020-02-12 12:48:22,309 - INFO - Testing at edge conv...
2020-02-12 12:48:33,849 - INFO - 1-chain val AUC: 0.981128 val perc 98.312670; iteration: 30001
2020-02-12 12:48:37,294 - INFO - 2-inter val AUC: 0.755290 val perc 75.448756; iteration: 30001
2020-02-12 12:48:40,715 - INFO - Hard-2-inter val AUC: 0.501113 val perc 49.529132; iteration: 30001
2020-02-12 12:48:42,842 - INFO - 2-chain val AUC: 0.836509 val perc 85.213115; iteration: 30001
2020-02-12 12:48:51,152 - INFO - 3-chain val AUC: 0.776750 val perc 75.572435; iteration: 30001
2020-02-12 12:49:05,349 - INFO - 3-chain_inter val AUC: 0.692891 val perc 67.707631; iteration: 30001
2020-02-12 12:49:19,540 - INFO - Hard-3-chain_inter val AUC: 0.575628 val perc 59.095591; iteration: 30001
2020-02-12 12:49:32,595 - INFO - 3-inter_chain val AUC: 0.751479 val perc 73.865969; iteration: 30001
2020-02-12 12:49:45,738 - INFO - Hard-3-inter_chain val AUC: 0.506117 val perc 50.424434; iteration: 30001
2020-02-12 12:50:00,906 - INFO - 3-inter val AUC: 0.755171 val perc 76.337067; iteration: 30001
2020-02-12 12:50:16,055 - INFO - Hard-3-inter val AUC: 0.495653 val perc 49.604700; iteration: 30001
2020-02-12 12:50:27,770 - INFO - 1-chain val AUC: 0.981128 val perc 98.312670; iteration: 30001
2020-02-12 12:50:31,354 - INFO - 2-inter val AUC: 0.755290 val perc 75.448756; iteration: 30001
2020-02-12 12:50:34,736 - INFO - Hard-2-inter val AUC: 0.501113 val perc 49.529132; iteration: 30001
2020-02-12 12:50:36,853 - INFO - 2-chain val AUC: 0.836509 val perc 85.213115; iteration: 30001
2020-02-12 12:50:45,197 - INFO - 3-chain val AUC: 0.776750 val perc 75.572435; iteration: 30001
2020-02-12 12:50:59,477 - INFO - 3-chain_inter val AUC: 0.692891 val perc 67.707631; iteration: 30001
2020-02-12 12:51:13,527 - INFO - Hard-3-chain_inter val AUC: 0.575628 val perc 59.095591; iteration: 30001
2020-02-12 12:51:26,779 - INFO - 3-inter_chain val AUC: 0.751479 val perc 73.865969; iteration: 30001
2020-02-12 12:51:39,938 - INFO - Hard-3-inter_chain val AUC: 0.506117 val perc 50.424434; iteration: 30001
2020-02-12 12:51:55,207 - INFO - 3-inter val AUC: 0.755171 val perc 76.337067; iteration: 30001
2020-02-12 12:52:10,248 - INFO - Hard-3-inter val AUC: 0.495653 val perc 49.604700; iteration: 30001
2020-02-12 12:52:10,249 - INFO - Test macro-averaged val: 0.693430
2020-02-12 12:52:10,249 - INFO - Improvement from edge conv: 0.000000
