2020-02-12 11:32:32,884 - INFO - Iter: 0; ema_loss: 0.105697
2020-02-12 11:32:34,696 - INFO - Iter: 100; ema_loss: 0.102728
2020-02-12 11:32:36,751 - INFO - Iter: 200; ema_loss: 0.099447
2020-02-12 11:32:38,910 - INFO - Iter: 300; ema_loss: 0.105319
2020-02-12 11:32:41,090 - INFO - Iter: 400; ema_loss: 0.109095
2020-02-12 11:32:43,021 - INFO - Iter: 500; ema_loss: 0.104208
2020-02-12 11:32:44,599 - INFO - Iter: 600; ema_loss: 0.104396
2020-02-12 11:32:46,345 - INFO - Iter: 700; ema_loss: 0.101186
2020-02-12 11:32:48,145 - INFO - Iter: 800; ema_loss: 0.107444
2020-02-12 11:32:50,392 - INFO - Iter: 900; ema_loss: 0.099587
2020-02-12 11:32:52,667 - INFO - Iter: 1000; ema_loss: 0.106320
2020-02-12 11:32:54,700 - INFO - Iter: 1100; ema_loss: 0.101135
2020-02-12 11:32:56,385 - INFO - Iter: 1200; ema_loss: 0.099675
2020-02-12 11:32:58,130 - INFO - Iter: 1300; ema_loss: 0.101751
2020-02-12 11:32:59,852 - INFO - Iter: 1400; ema_loss: 0.107146
2020-02-12 11:33:01,498 - INFO - Iter: 1500; ema_loss: 0.100921
2020-02-12 11:33:03,615 - INFO - Iter: 1600; ema_loss: 0.101338
2020-02-12 11:33:05,799 - INFO - Iter: 1700; ema_loss: 0.093617
2020-02-12 11:33:07,960 - INFO - Iter: 1800; ema_loss: 0.101022
2020-02-12 11:33:10,090 - INFO - Iter: 1900; ema_loss: 0.103560
2020-02-12 11:33:11,920 - INFO - Iter: 2000; ema_loss: 0.104219
2020-02-12 11:33:13,554 - INFO - Iter: 2100; ema_loss: 0.096350
2020-02-12 11:33:15,319 - INFO - Iter: 2200; ema_loss: 0.097283
2020-02-12 11:33:17,028 - INFO - Iter: 2300; ema_loss: 0.100668
2020-02-12 11:33:18,742 - INFO - Iter: 2400; ema_loss: 0.093809
2020-02-12 11:33:20,857 - INFO - Iter: 2500; ema_loss: 0.098699
2020-02-12 11:33:22,603 - INFO - Iter: 2600; ema_loss: 0.096179
2020-02-12 11:33:24,381 - INFO - Iter: 2700; ema_loss: 0.102829
2020-02-12 11:33:26,049 - INFO - Iter: 2800; ema_loss: 0.100555
2020-02-12 11:33:27,849 - INFO - Iter: 2900; ema_loss: 0.098492
2020-02-12 11:33:29,611 - INFO - Iter: 3000; ema_loss: 0.105029
2020-02-12 11:33:31,365 - INFO - Iter: 3100; ema_loss: 0.100338
2020-02-12 11:33:33,042 - INFO - Iter: 3200; ema_loss: 0.101477
2020-02-12 11:33:34,688 - INFO - Iter: 3300; ema_loss: 0.106121
2020-02-12 11:33:36,336 - INFO - Iter: 3400; ema_loss: 0.107472
2020-02-12 11:33:38,075 - INFO - Iter: 3500; ema_loss: 0.097131
2020-02-12 11:33:39,780 - INFO - Iter: 3600; ema_loss: 0.096397
2020-02-12 11:33:41,742 - INFO - Iter: 3700; ema_loss: 0.101439
2020-02-12 11:33:43,841 - INFO - Iter: 3800; ema_loss: 0.107931
2020-02-12 11:33:46,199 - INFO - Iter: 3900; ema_loss: 0.101663
2020-02-12 11:33:48,400 - INFO - Iter: 4000; ema_loss: 0.103077
2020-02-12 11:33:50,559 - INFO - Iter: 4100; ema_loss: 0.106884
2020-02-12 11:33:52,833 - INFO - Iter: 4200; ema_loss: 0.107855
2020-02-12 11:33:55,042 - INFO - Iter: 4300; ema_loss: 0.111519
2020-02-12 11:33:57,122 - INFO - Iter: 4400; ema_loss: 0.096529
2020-02-12 11:33:59,453 - INFO - Iter: 4500; ema_loss: 0.113222
2020-02-12 11:34:01,740 - INFO - Iter: 4600; ema_loss: 0.103566
2020-02-12 11:34:03,877 - INFO - Iter: 4700; ema_loss: 0.108607
2020-02-12 11:34:06,150 - INFO - Iter: 4800; ema_loss: 0.100169
2020-02-12 11:34:08,479 - INFO - Iter: 4900; ema_loss: 0.103296
2020-02-12 11:34:10,520 - INFO - Iter: 5000; ema_loss: 0.115340
2020-02-12 11:34:12,119 - INFO - 1-chain val AUC: 0.981518 val perc 98.279090; iteration: 5000
2020-02-12 11:34:13,490 - INFO - 2-inter val AUC: 0.761997 val perc 74.377049; iteration: 5000
2020-02-12 11:34:14,836 - INFO - Hard-2-inter val AUC: 0.491846 val perc 51.504530; iteration: 5000
2020-02-12 11:34:15,640 - INFO - 2-chain val AUC: 0.799087 val perc 83.806818; iteration: 5000
2020-02-12 11:34:16,961 - INFO - 3-chain val AUC: 0.760417 val perc 79.257426; iteration: 5000
2020-02-12 11:34:18,990 - INFO - 3-chain_inter val AUC: 0.708773 val perc 63.404040; iteration: 5000
2020-02-12 11:34:21,003 - INFO - Hard-3-chain_inter val AUC: 0.589579 val perc 56.140625; iteration: 5000
2020-02-12 11:34:23,083 - INFO - 3-inter_chain val AUC: 0.766523 val perc 79.074468; iteration: 5000
2020-02-12 11:34:25,166 - INFO - Hard-3-inter_chain val AUC: 0.519234 val perc 49.092665; iteration: 5000
2020-02-12 11:34:27,510 - INFO - 3-inter val AUC: 0.780559 val perc 76.968421; iteration: 5000
2020-02-12 11:34:29,837 - INFO - Hard-3-inter val AUC: 0.501162 val perc 48.547503; iteration: 5000
2020-02-12 11:34:32,007 - INFO - Iter: 5100; ema_loss: 0.103732
2020-02-12 11:34:34,273 - INFO - Iter: 5200; ema_loss: 0.097896
2020-02-12 11:34:36,599 - INFO - Iter: 5300; ema_loss: 0.095623
2020-02-12 11:34:38,845 - INFO - Iter: 5400; ema_loss: 0.096510
2020-02-12 11:34:41,125 - INFO - Iter: 5500; ema_loss: 0.103387
2020-02-12 11:34:43,428 - INFO - Iter: 5600; ema_loss: 0.110316
2020-02-12 11:34:45,749 - INFO - Iter: 5700; ema_loss: 0.111167
2020-02-12 11:34:48,090 - INFO - Iter: 5800; ema_loss: 0.106280
2020-02-12 11:34:50,288 - INFO - Iter: 5900; ema_loss: 0.106786
2020-02-12 11:34:52,576 - INFO - Iter: 6000; ema_loss: 0.099565
2020-02-12 11:34:54,769 - INFO - Iter: 6100; ema_loss: 0.106168
2020-02-12 11:34:56,949 - INFO - Iter: 6200; ema_loss: 0.102113
2020-02-12 11:34:59,104 - INFO - Iter: 6300; ema_loss: 0.105220
2020-02-12 11:35:01,334 - INFO - Iter: 6400; ema_loss: 0.100164
2020-02-12 11:35:03,491 - INFO - Iter: 6500; ema_loss: 0.104576
2020-02-12 11:35:05,649 - INFO - Iter: 6600; ema_loss: 0.096867
2020-02-12 11:35:07,852 - INFO - Iter: 6700; ema_loss: 0.100377
2020-02-12 11:35:10,111 - INFO - Iter: 6800; ema_loss: 0.104016
2020-02-12 11:35:12,450 - INFO - Iter: 6900; ema_loss: 0.105369
2020-02-12 11:35:14,697 - INFO - Iter: 7000; ema_loss: 0.105766
2020-02-12 11:35:17,223 - INFO - Iter: 7100; ema_loss: 0.093311
2020-02-12 11:35:19,436 - INFO - Iter: 7200; ema_loss: 0.092269
2020-02-12 11:35:21,732 - INFO - Iter: 7300; ema_loss: 0.107790
2020-02-12 11:35:24,069 - INFO - Iter: 7400; ema_loss: 0.106362
2020-02-12 11:35:26,508 - INFO - Iter: 7500; ema_loss: 0.101127
2020-02-12 11:35:28,866 - INFO - Iter: 7600; ema_loss: 0.105235
2020-02-12 11:35:31,247 - INFO - Iter: 7700; ema_loss: 0.102763
2020-02-12 11:35:33,778 - INFO - Iter: 7800; ema_loss: 0.096290
2020-02-12 11:35:36,200 - INFO - Iter: 7900; ema_loss: 0.098910
2020-02-12 11:35:38,611 - INFO - Iter: 8000; ema_loss: 0.103202
2020-02-12 11:35:40,986 - INFO - Iter: 8100; ema_loss: 0.101594
2020-02-12 11:35:43,471 - INFO - Iter: 8200; ema_loss: 0.107842
2020-02-12 11:35:45,738 - INFO - Iter: 8300; ema_loss: 0.107999
2020-02-12 11:35:48,339 - INFO - Iter: 8400; ema_loss: 0.107834
2020-02-12 11:35:50,795 - INFO - Iter: 8500; ema_loss: 0.105792
2020-02-12 11:35:53,285 - INFO - Iter: 8600; ema_loss: 0.102364
2020-02-12 11:35:55,978 - INFO - Iter: 8700; ema_loss: 0.098200
2020-02-12 11:35:58,283 - INFO - Iter: 8800; ema_loss: 0.095145
2020-02-12 11:36:00,688 - INFO - Iter: 8900; ema_loss: 0.105721
2020-02-12 11:36:03,302 - INFO - Iter: 9000; ema_loss: 0.098903
2020-02-12 11:36:05,862 - INFO - Iter: 9100; ema_loss: 0.104432
2020-02-12 11:36:08,327 - INFO - Iter: 9200; ema_loss: 0.098376
2020-02-12 11:36:10,679 - INFO - Iter: 9300; ema_loss: 0.099494
2020-02-12 11:36:13,042 - INFO - Iter: 9400; ema_loss: 0.100928
2020-02-12 11:36:15,394 - INFO - Iter: 9500; ema_loss: 0.095574
2020-02-12 11:36:17,729 - INFO - Iter: 9600; ema_loss: 0.097154
2020-02-12 11:36:20,013 - INFO - Iter: 9700; ema_loss: 0.107854
2020-02-12 11:36:22,325 - INFO - Iter: 9800; ema_loss: 0.105135
2020-02-12 11:36:24,592 - INFO - Iter: 9900; ema_loss: 0.091540
2020-02-12 11:36:26,937 - INFO - Iter: 10000; ema_loss: 0.093572
2020-02-12 11:36:28,784 - INFO - 1-chain val AUC: 0.981334 val perc 98.269839; iteration: 10000
2020-02-12 11:36:31,506 - INFO - 2-inter val AUC: 0.763490 val perc 74.459016; iteration: 10000
2020-02-12 11:36:34,250 - INFO - Hard-2-inter val AUC: 0.491649 val perc 49.888113; iteration: 10000
2020-02-12 11:36:35,812 - INFO - 2-chain val AUC: 0.802938 val perc 84.147727; iteration: 10000
2020-02-12 11:36:38,344 - INFO - 3-chain val AUC: 0.779792 val perc 78.821782; iteration: 10000
2020-02-12 11:36:42,591 - INFO - 3-chain_inter val AUC: 0.709218 val perc 64.464646; iteration: 10000
2020-02-12 11:36:46,833 - INFO - Hard-3-chain_inter val AUC: 0.586050 val perc 55.901143; iteration: 10000
2020-02-12 11:36:51,151 - INFO - 3-inter_chain val AUC: 0.771445 val perc 78.521277; iteration: 10000
2020-02-12 11:36:55,407 - INFO - Hard-3-inter_chain val AUC: 0.514033 val perc 48.906510; iteration: 10000
2020-02-12 11:37:00,248 - INFO - 3-inter val AUC: 0.779402 val perc 76.473684; iteration: 10000
2020-02-12 11:37:05,037 - INFO - Hard-3-inter val AUC: 0.494243 val perc 48.905453; iteration: 10000
2020-02-12 11:37:07,634 - INFO - Iter: 10100; ema_loss: 0.101123
2020-02-12 11:37:10,205 - INFO - Iter: 10200; ema_loss: 0.111239
2020-02-12 11:37:12,736 - INFO - Iter: 10300; ema_loss: 0.098882
2020-02-12 11:37:15,231 - INFO - Iter: 10400; ema_loss: 0.098191
2020-02-12 11:37:17,619 - INFO - Iter: 10500; ema_loss: 0.095414
2020-02-12 11:37:19,917 - INFO - Iter: 10600; ema_loss: 0.105723
2020-02-12 11:37:22,229 - INFO - Iter: 10700; ema_loss: 0.099383
2020-02-12 11:37:24,553 - INFO - Iter: 10800; ema_loss: 0.103551
2020-02-12 11:37:26,852 - INFO - Iter: 10900; ema_loss: 0.093216
2020-02-12 11:37:29,355 - INFO - Iter: 11000; ema_loss: 0.099561
2020-02-12 11:37:31,964 - INFO - Iter: 11100; ema_loss: 0.101515
2020-02-12 11:37:34,384 - INFO - Iter: 11200; ema_loss: 0.099418
2020-02-12 11:37:36,818 - INFO - Iter: 11300; ema_loss: 0.100570
2020-02-12 11:37:39,172 - INFO - Iter: 11400; ema_loss: 0.102095
2020-02-12 11:37:41,629 - INFO - Iter: 11500; ema_loss: 0.105784
2020-02-12 11:37:44,264 - INFO - Iter: 11600; ema_loss: 0.104484
2020-02-12 11:37:46,584 - INFO - Iter: 11700; ema_loss: 0.102283
2020-02-12 11:37:49,089 - INFO - Iter: 11800; ema_loss: 0.094991
2020-02-12 11:37:51,686 - INFO - Iter: 11900; ema_loss: 0.101499
2020-02-12 11:37:54,246 - INFO - Iter: 12000; ema_loss: 0.103268
2020-02-12 11:37:56,759 - INFO - Iter: 12100; ema_loss: 0.102145
2020-02-12 11:37:59,152 - INFO - Iter: 12200; ema_loss: 0.104846
2020-02-12 11:38:01,629 - INFO - Iter: 12300; ema_loss: 0.095636
2020-02-12 11:38:04,121 - INFO - Iter: 12400; ema_loss: 0.102594
2020-02-12 11:38:06,379 - INFO - Iter: 12500; ema_loss: 0.102392
2020-02-12 11:38:08,773 - INFO - Iter: 12600; ema_loss: 0.098180
2020-02-12 11:38:11,098 - INFO - Iter: 12700; ema_loss: 0.103638
2020-02-12 11:38:13,540 - INFO - Iter: 12800; ema_loss: 0.100546
2020-02-12 11:38:16,017 - INFO - Iter: 12900; ema_loss: 0.102289
2020-02-12 11:38:18,430 - INFO - Iter: 13000; ema_loss: 0.099614
2020-02-12 11:38:20,896 - INFO - Iter: 13100; ema_loss: 0.105357
2020-02-12 11:38:23,265 - INFO - Iter: 13200; ema_loss: 0.101150
2020-02-12 11:38:25,713 - INFO - Iter: 13300; ema_loss: 0.097492
2020-02-12 11:38:28,228 - INFO - Iter: 13400; ema_loss: 0.093526
2020-02-12 11:38:30,499 - INFO - Iter: 13500; ema_loss: 0.096007
2020-02-12 11:38:32,946 - INFO - Iter: 13600; ema_loss: 0.103076
2020-02-12 11:38:35,279 - INFO - Iter: 13700; ema_loss: 0.099187
2020-02-12 11:38:37,854 - INFO - Iter: 13800; ema_loss: 0.103388
2020-02-12 11:38:40,247 - INFO - Iter: 13900; ema_loss: 0.091909
2020-02-12 11:38:42,730 - INFO - Iter: 14000; ema_loss: 0.095325
2020-02-12 11:38:45,408 - INFO - Iter: 14100; ema_loss: 0.098567
2020-02-12 11:38:47,923 - INFO - Iter: 14200; ema_loss: 0.093888
2020-02-12 11:38:50,307 - INFO - Iter: 14300; ema_loss: 0.096564
2020-02-12 11:38:52,703 - INFO - Iter: 14400; ema_loss: 0.095419
2020-02-12 11:38:55,146 - INFO - Iter: 14500; ema_loss: 0.085638
2020-02-12 11:38:57,428 - INFO - Iter: 14600; ema_loss: 0.090316
2020-02-12 11:38:59,832 - INFO - Iter: 14700; ema_loss: 0.104542
2020-02-12 11:39:02,213 - INFO - Iter: 14800; ema_loss: 0.105199
2020-02-12 11:39:04,766 - INFO - Iter: 14900; ema_loss: 0.100295
2020-02-12 11:39:07,093 - INFO - Iter: 15000; ema_loss: 0.104424
2020-02-12 11:39:08,913 - INFO - 1-chain val AUC: 0.981379 val perc 98.297103; iteration: 15000
2020-02-12 11:39:11,652 - INFO - 2-inter val AUC: 0.763191 val perc 72.639344; iteration: 15000
2020-02-12 11:39:14,344 - INFO - Hard-2-inter val AUC: 0.496845 val perc 47.077193; iteration: 15000
2020-02-12 11:39:15,905 - INFO - 2-chain val AUC: 0.805060 val perc 84.170455; iteration: 15000
2020-02-12 11:39:18,448 - INFO - 3-chain val AUC: 0.772779 val perc 79.683168; iteration: 15000
2020-02-12 11:39:22,544 - INFO - 3-chain_inter val AUC: 0.710767 val perc 66.585859; iteration: 15000
2020-02-12 11:39:26,629 - INFO - Hard-3-chain_inter val AUC: 0.585236 val perc 57.641968; iteration: 15000
2020-02-12 11:39:30,790 - INFO - 3-inter_chain val AUC: 0.765237 val perc 79.638298; iteration: 15000
2020-02-12 11:39:34,937 - INFO - Hard-3-inter_chain val AUC: 0.514549 val perc 49.882422; iteration: 15000
2020-02-12 11:39:39,785 - INFO - 3-inter val AUC: 0.779344 val perc 76.252632; iteration: 15000
2020-02-12 11:39:44,686 - INFO - Hard-3-inter val AUC: 0.494941 val perc 47.776146; iteration: 15000
2020-02-12 11:39:46,853 - INFO - Iter: 15100; ema_loss: 0.105174
2020-02-12 11:39:49,290 - INFO - Iter: 15200; ema_loss: 0.096382
2020-02-12 11:39:51,630 - INFO - Iter: 15300; ema_loss: 0.097981
2020-02-12 11:39:53,944 - INFO - Iter: 15400; ema_loss: 0.095533
2020-02-12 11:39:56,473 - INFO - Iter: 15500; ema_loss: 0.099694
2020-02-12 11:39:58,910 - INFO - Iter: 15600; ema_loss: 0.103923
2020-02-12 11:40:01,390 - INFO - Iter: 15700; ema_loss: 0.110279
2020-02-12 11:40:03,700 - INFO - Iter: 15800; ema_loss: 0.099640
2020-02-12 11:40:06,077 - INFO - Iter: 15900; ema_loss: 0.098318
2020-02-12 11:40:08,533 - INFO - Iter: 16000; ema_loss: 0.093517
2020-02-12 11:40:10,929 - INFO - Iter: 16100; ema_loss: 0.096887
2020-02-12 11:40:13,456 - INFO - Iter: 16200; ema_loss: 0.096683
2020-02-12 11:40:15,905 - INFO - Iter: 16300; ema_loss: 0.110487
2020-02-12 11:40:18,507 - INFO - Iter: 16400; ema_loss: 0.108734
2020-02-12 11:40:20,927 - INFO - Iter: 16500; ema_loss: 0.098309
2020-02-12 11:40:23,592 - INFO - Iter: 16600; ema_loss: 0.103208
2020-02-12 11:40:26,288 - INFO - Iter: 16700; ema_loss: 0.103395
2020-02-12 11:40:28,911 - INFO - Iter: 16800; ema_loss: 0.101793
2020-02-12 11:40:31,302 - INFO - Iter: 16900; ema_loss: 0.096325
2020-02-12 11:40:33,788 - INFO - Iter: 17000; ema_loss: 0.093732
2020-02-12 11:40:36,319 - INFO - Iter: 17100; ema_loss: 0.103361
2020-02-12 11:40:38,987 - INFO - Iter: 17200; ema_loss: 0.096540
2020-02-12 11:40:41,521 - INFO - Iter: 17300; ema_loss: 0.103773
2020-02-12 11:40:44,289 - INFO - Iter: 17400; ema_loss: 0.101467
2020-02-12 11:40:46,970 - INFO - Iter: 17500; ema_loss: 0.108668
2020-02-12 11:40:49,513 - INFO - Iter: 17600; ema_loss: 0.108658
2020-02-12 11:40:51,807 - INFO - Iter: 17700; ema_loss: 0.111167
2020-02-12 11:40:54,305 - INFO - Iter: 17800; ema_loss: 0.104114
2020-02-12 11:40:56,799 - INFO - Iter: 17900; ema_loss: 0.107303
2020-02-12 11:40:59,324 - INFO - Iter: 18000; ema_loss: 0.099782
2020-02-12 11:41:01,528 - INFO - Iter: 18100; ema_loss: 0.093519
2020-02-12 11:41:04,148 - INFO - Iter: 18200; ema_loss: 0.093404
2020-02-12 11:41:06,433 - INFO - Iter: 18300; ema_loss: 0.104135
2020-02-12 11:41:08,867 - INFO - Iter: 18400; ema_loss: 0.102976
2020-02-12 11:41:11,411 - INFO - Iter: 18500; ema_loss: 0.099092
2020-02-12 11:41:13,973 - INFO - Iter: 18600; ema_loss: 0.101285
2020-02-12 11:41:16,431 - INFO - Iter: 18700; ema_loss: 0.103560
2020-02-12 11:41:18,706 - INFO - Iter: 18800; ema_loss: 0.100604
2020-02-12 11:41:21,325 - INFO - Iter: 18900; ema_loss: 0.098022
2020-02-12 11:41:23,487 - INFO - Iter: 19000; ema_loss: 0.094857
2020-02-12 11:41:25,826 - INFO - Iter: 19100; ema_loss: 0.101171
2020-02-12 11:41:28,337 - INFO - Iter: 19200; ema_loss: 0.103328
2020-02-12 11:41:30,864 - INFO - Iter: 19300; ema_loss: 0.105739
2020-02-12 11:41:33,457 - INFO - Iter: 19400; ema_loss: 0.105556
2020-02-12 11:41:36,089 - INFO - Iter: 19500; ema_loss: 0.103418
2020-02-12 11:41:38,659 - INFO - Iter: 19600; ema_loss: 0.100611
2020-02-12 11:41:41,260 - INFO - Iter: 19700; ema_loss: 0.102815
2020-02-12 11:41:43,931 - INFO - Iter: 19800; ema_loss: 0.099732
2020-02-12 11:41:46,398 - INFO - Iter: 19900; ema_loss: 0.095934
2020-02-12 11:41:48,824 - INFO - Iter: 20000; ema_loss: 0.096897
2020-02-12 11:41:50,696 - INFO - 1-chain val AUC: 0.981528 val perc 98.317186; iteration: 20000
2020-02-12 11:41:53,454 - INFO - 2-inter val AUC: 0.758922 val perc 72.819672; iteration: 20000
2020-02-12 11:41:56,169 - INFO - Hard-2-inter val AUC: 0.489822 val perc 49.052512; iteration: 20000
2020-02-12 11:41:57,712 - INFO - 2-chain val AUC: 0.806760 val perc 83.818182; iteration: 20000
2020-02-12 11:42:00,249 - INFO - 3-chain val AUC: 0.767606 val perc 81.108911; iteration: 20000
2020-02-12 11:42:04,402 - INFO - 3-chain_inter val AUC: 0.709564 val perc 66.838384; iteration: 20000
2020-02-12 11:42:08,562 - INFO - Hard-3-chain_inter val AUC: 0.596604 val perc 58.770646; iteration: 20000
2020-02-12 11:42:12,746 - INFO - 3-inter_chain val AUC: 0.774999 val perc 78.170213; iteration: 20000
2020-02-12 11:42:16,911 - INFO - Hard-3-inter_chain val AUC: 0.518675 val perc 46.470658; iteration: 20000
2020-02-12 11:42:21,684 - INFO - 3-inter val AUC: 0.778411 val perc 76.221053; iteration: 20000
2020-02-12 11:42:26,433 - INFO - Hard-3-inter val AUC: 0.498789 val perc 51.245704; iteration: 20000
2020-02-12 11:42:28,764 - INFO - Iter: 20100; ema_loss: 0.103771
2020-02-12 11:42:31,038 - INFO - Iter: 20200; ema_loss: 0.101641
2020-02-12 11:42:33,696 - INFO - Iter: 20300; ema_loss: 0.101300
2020-02-12 11:42:36,324 - INFO - Iter: 20400; ema_loss: 0.092760
2020-02-12 11:42:38,961 - INFO - Iter: 20500; ema_loss: 0.101054
2020-02-12 11:42:41,567 - INFO - Iter: 20600; ema_loss: 0.103461
2020-02-12 11:42:44,165 - INFO - Iter: 20700; ema_loss: 0.095860
2020-02-12 11:42:46,631 - INFO - Iter: 20800; ema_loss: 0.096615
2020-02-12 11:42:49,040 - INFO - Iter: 20900; ema_loss: 0.102231
2020-02-12 11:42:51,495 - INFO - Iter: 21000; ema_loss: 0.102569
2020-02-12 11:42:53,760 - INFO - Iter: 21100; ema_loss: 0.092992
2020-02-12 11:42:56,194 - INFO - Iter: 21200; ema_loss: 0.092768
2020-02-12 11:42:58,770 - INFO - Iter: 21300; ema_loss: 0.102246
2020-02-12 11:43:01,045 - INFO - Iter: 21400; ema_loss: 0.095088
2020-02-12 11:43:03,516 - INFO - Iter: 21500; ema_loss: 0.102696
2020-02-12 11:43:06,124 - INFO - Iter: 21600; ema_loss: 0.091707
2020-02-12 11:43:08,478 - INFO - Iter: 21700; ema_loss: 0.095346
2020-02-12 11:43:10,962 - INFO - Iter: 21800; ema_loss: 0.105454
2020-02-12 11:43:13,391 - INFO - Iter: 21900; ema_loss: 0.108179
2020-02-12 11:43:15,870 - INFO - Iter: 22000; ema_loss: 0.111729
2020-02-12 11:43:18,353 - INFO - Iter: 22100; ema_loss: 0.109177
2020-02-12 11:43:20,661 - INFO - Iter: 22200; ema_loss: 0.107523
2020-02-12 11:43:23,120 - INFO - Iter: 22300; ema_loss: 0.105504
2020-02-12 11:43:25,612 - INFO - Iter: 22400; ema_loss: 0.098947
2020-02-12 11:43:28,164 - INFO - Iter: 22500; ema_loss: 0.096623
2020-02-12 11:43:30,763 - INFO - Iter: 22600; ema_loss: 0.099526
2020-02-12 11:43:33,383 - INFO - Iter: 22700; ema_loss: 0.103396
2020-02-12 11:43:35,936 - INFO - Iter: 22800; ema_loss: 0.108324
2020-02-12 11:43:38,474 - INFO - Iter: 22900; ema_loss: 0.100521
2020-02-12 11:43:41,043 - INFO - Iter: 23000; ema_loss: 0.095968
2020-02-12 11:43:43,705 - INFO - Iter: 23100; ema_loss: 0.098489
2020-02-12 11:43:46,107 - INFO - Iter: 23200; ema_loss: 0.098427
2020-02-12 11:43:48,647 - INFO - Iter: 23300; ema_loss: 0.102421
2020-02-12 11:43:51,059 - INFO - Iter: 23400; ema_loss: 0.092343
2020-02-12 11:43:53,492 - INFO - Iter: 23500; ema_loss: 0.100768
2020-02-12 11:43:55,909 - INFO - Iter: 23600; ema_loss: 0.099238
2020-02-12 11:43:58,458 - INFO - Iter: 23700; ema_loss: 0.093405
2020-02-12 11:44:00,999 - INFO - Iter: 23800; ema_loss: 0.099290
2020-02-12 11:44:03,487 - INFO - Iter: 23900; ema_loss: 0.098760
2020-02-12 11:44:05,889 - INFO - Iter: 24000; ema_loss: 0.100997
2020-02-12 11:44:08,281 - INFO - Iter: 24100; ema_loss: 0.092275
2020-02-12 11:44:10,701 - INFO - Iter: 24200; ema_loss: 0.102804
2020-02-12 11:44:13,132 - INFO - Iter: 24300; ema_loss: 0.098788
2020-02-12 11:44:15,576 - INFO - Iter: 24400; ema_loss: 0.097709
2020-02-12 11:44:18,166 - INFO - Iter: 24500; ema_loss: 0.089614
2020-02-12 11:44:20,811 - INFO - Iter: 24600; ema_loss: 0.092950
2020-02-12 11:44:23,173 - INFO - Iter: 24700; ema_loss: 0.111753
2020-02-12 11:44:25,638 - INFO - Iter: 24800; ema_loss: 0.099158
2020-02-12 11:44:28,395 - INFO - Iter: 24900; ema_loss: 0.104415
2020-02-12 11:44:31,140 - INFO - Iter: 25000; ema_loss: 0.098948
2020-02-12 11:44:33,139 - INFO - 1-chain val AUC: 0.981597 val perc 98.312926; iteration: 25000
2020-02-12 11:44:36,157 - INFO - 2-inter val AUC: 0.754818 val perc 73.729508; iteration: 25000
2020-02-12 11:44:38,939 - INFO - Hard-2-inter val AUC: 0.492445 val perc 48.988150; iteration: 25000
2020-02-12 11:44:40,522 - INFO - 2-chain val AUC: 0.806497 val perc 84.000000; iteration: 25000
2020-02-12 11:44:43,031 - INFO - 3-chain val AUC: 0.768081 val perc 78.435644; iteration: 25000
2020-02-12 11:44:47,187 - INFO - 3-chain_inter val AUC: 0.708483 val perc 67.858586; iteration: 25000
2020-02-12 11:44:51,298 - INFO - Hard-3-chain_inter val AUC: 0.584569 val perc 57.947468; iteration: 25000
2020-02-12 11:44:55,441 - INFO - 3-inter_chain val AUC: 0.769617 val perc 78.202128; iteration: 25000
2020-02-12 11:44:59,697 - INFO - Hard-3-inter_chain val AUC: 0.518320 val perc 47.581133; iteration: 25000
2020-02-12 11:45:04,444 - INFO - 3-inter val AUC: 0.770747 val perc 76.789474; iteration: 25000
2020-02-12 11:45:09,218 - INFO - Hard-3-inter val AUC: 0.497829 val perc 51.065947; iteration: 25000
2020-02-12 11:45:11,888 - INFO - Iter: 25100; ema_loss: 0.098495
2020-02-12 11:45:14,513 - INFO - Iter: 25200; ema_loss: 0.099604
2020-02-12 11:45:17,116 - INFO - Iter: 25300; ema_loss: 0.099386
2020-02-12 11:45:19,515 - INFO - Iter: 25400; ema_loss: 0.097331
2020-02-12 11:45:21,985 - INFO - Iter: 25500; ema_loss: 0.093684
2020-02-12 11:45:24,413 - INFO - Iter: 25600; ema_loss: 0.095296
2020-02-12 11:45:26,695 - INFO - Iter: 25700; ema_loss: 0.096778
2020-02-12 11:45:29,134 - INFO - Iter: 25800; ema_loss: 0.093530
2020-02-12 11:45:31,790 - INFO - Iter: 25900; ema_loss: 0.092300
2020-02-12 11:45:34,294 - INFO - Iter: 26000; ema_loss: 0.101639
2020-02-12 11:45:37,269 - INFO - Iter: 26100; ema_loss: 0.098343
2020-02-12 11:45:39,958 - INFO - Iter: 26200; ema_loss: 0.104880
2020-02-12 11:45:42,377 - INFO - Iter: 26300; ema_loss: 0.100280
2020-02-12 11:45:44,841 - INFO - Iter: 26400; ema_loss: 0.099529
2020-02-12 11:45:47,319 - INFO - Iter: 26500; ema_loss: 0.095241
2020-02-12 11:45:49,867 - INFO - Iter: 26600; ema_loss: 0.093267
2020-02-12 11:45:52,375 - INFO - Iter: 26700; ema_loss: 0.090425
2020-02-12 11:45:54,824 - INFO - Iter: 26800; ema_loss: 0.109131
2020-02-12 11:45:57,336 - INFO - Iter: 26900; ema_loss: 0.102592
2020-02-12 11:45:59,818 - INFO - Iter: 27000; ema_loss: 0.112256
2020-02-12 11:46:02,365 - INFO - Iter: 27100; ema_loss: 0.101252
2020-02-12 11:46:04,763 - INFO - Iter: 27200; ema_loss: 0.096116
2020-02-12 11:46:07,165 - INFO - Iter: 27300; ema_loss: 0.103554
2020-02-12 11:46:09,852 - INFO - Iter: 27400; ema_loss: 0.100329
2020-02-12 11:46:12,283 - INFO - Iter: 27500; ema_loss: 0.109967
2020-02-12 11:46:14,797 - INFO - Iter: 27600; ema_loss: 0.107004
2020-02-12 11:46:17,258 - INFO - Iter: 27700; ema_loss: 0.094543
2020-02-12 11:46:19,733 - INFO - Iter: 27800; ema_loss: 0.103046
2020-02-12 11:46:22,173 - INFO - Iter: 27900; ema_loss: 0.105307
2020-02-12 11:46:24,764 - INFO - Iter: 28000; ema_loss: 0.096116
2020-02-12 11:46:27,479 - INFO - Iter: 28100; ema_loss: 0.094568
2020-02-12 11:46:29,941 - INFO - Iter: 28200; ema_loss: 0.096535
2020-02-12 11:46:32,772 - INFO - Iter: 28300; ema_loss: 0.094217
2020-02-12 11:46:35,434 - INFO - Iter: 28400; ema_loss: 0.102114
2020-02-12 11:46:37,887 - INFO - Iter: 28500; ema_loss: 0.097152
2020-02-12 11:46:40,370 - INFO - Iter: 28600; ema_loss: 0.097274
2020-02-12 11:46:42,729 - INFO - Iter: 28700; ema_loss: 0.104395
2020-02-12 11:46:45,298 - INFO - Iter: 28800; ema_loss: 0.099396
2020-02-12 11:46:47,656 - INFO - Iter: 28900; ema_loss: 0.107742
2020-02-12 11:46:50,068 - INFO - Iter: 29000; ema_loss: 0.104904
2020-02-12 11:46:52,714 - INFO - Iter: 29100; ema_loss: 0.103628
2020-02-12 11:46:55,210 - INFO - Iter: 29200; ema_loss: 0.095629
2020-02-12 11:46:57,652 - INFO - Iter: 29300; ema_loss: 0.086535
2020-02-12 11:47:00,151 - INFO - Iter: 29400; ema_loss: 0.094588
2020-02-12 11:47:02,546 - INFO - Iter: 29500; ema_loss: 0.098088
2020-02-12 11:47:05,278 - INFO - Iter: 29600; ema_loss: 0.106548
2020-02-12 11:47:07,942 - INFO - Iter: 29700; ema_loss: 0.101918
2020-02-12 11:47:10,252 - INFO - Iter: 29800; ema_loss: 0.106287
2020-02-12 11:47:12,766 - INFO - Iter: 29900; ema_loss: 0.099279
2020-02-12 11:47:15,170 - INFO - Iter: 30000; ema_loss: 0.106999
2020-02-12 11:47:17,065 - INFO - 1-chain val AUC: 0.981388 val perc 98.308179; iteration: 30000
2020-02-12 11:47:19,819 - INFO - 2-inter val AUC: 0.758734 val perc 72.680328; iteration: 30000
2020-02-12 11:47:22,589 - INFO - Hard-2-inter val AUC: 0.487290 val perc 48.719159; iteration: 30000
2020-02-12 11:47:24,180 - INFO - 2-chain val AUC: 0.799657 val perc 84.113636; iteration: 30000
2020-02-12 11:47:26,773 - INFO - 3-chain val AUC: 0.765762 val perc 80.128713; iteration: 30000
2020-02-12 11:47:31,058 - INFO - 3-chain_inter val AUC: 0.713341 val perc 65.818182; iteration: 30000
2020-02-12 11:47:35,316 - INFO - Hard-3-chain_inter val AUC: 0.588144 val perc 56.412072; iteration: 30000
2020-02-12 11:47:39,451 - INFO - 3-inter_chain val AUC: 0.768833 val perc 78.446809; iteration: 30000
2020-02-12 11:47:43,670 - INFO - Hard-3-inter_chain val AUC: 0.516618 val perc 47.956285; iteration: 30000
2020-02-12 11:47:48,473 - INFO - 3-inter val AUC: 0.774720 val perc 75.210526; iteration: 30000
2020-02-12 11:47:53,321 - INFO - Hard-3-inter val AUC: 0.495341 val perc 51.872254; iteration: 30000
2020-02-12 11:47:55,847 - INFO - Iter: 30100; ema_loss: 0.103293
2020-02-12 11:47:58,258 - INFO - Iter: 30200; ema_loss: 0.102497
2020-02-12 11:48:00,728 - INFO - Iter: 30300; ema_loss: 0.102572
2020-02-12 11:48:03,302 - INFO - Iter: 30400; ema_loss: 0.102953
2020-02-12 11:48:05,636 - INFO - Iter: 30500; ema_loss: 0.105284
2020-02-12 11:48:08,287 - INFO - Iter: 30600; ema_loss: 0.095518
2020-02-12 11:48:10,839 - INFO - Iter: 30700; ema_loss: 0.100172
2020-02-12 11:48:13,357 - INFO - Iter: 30800; ema_loss: 0.105317
2020-02-12 11:48:15,992 - INFO - Iter: 30900; ema_loss: 0.098170
2020-02-12 11:48:18,648 - INFO - Iter: 31000; ema_loss: 0.097254
2020-02-12 11:48:21,341 - INFO - Iter: 31100; ema_loss: 0.099006
2020-02-12 11:48:23,985 - INFO - Iter: 31200; ema_loss: 0.104176
2020-02-12 11:48:26,677 - INFO - Iter: 31300; ema_loss: 0.093473
2020-02-12 11:48:29,009 - INFO - Iter: 31400; ema_loss: 0.089683
2020-02-12 11:48:31,570 - INFO - Iter: 31500; ema_loss: 0.093811
2020-02-12 11:48:34,126 - INFO - Iter: 31600; ema_loss: 0.096661
2020-02-12 11:48:36,729 - INFO - Iter: 31700; ema_loss: 0.098972
2020-02-12 11:48:39,226 - INFO - Iter: 31800; ema_loss: 0.095903
2020-02-12 11:48:41,645 - INFO - Iter: 31900; ema_loss: 0.096883
2020-02-12 11:48:44,174 - INFO - Iter: 32000; ema_loss: 0.097539
2020-02-12 11:48:46,747 - INFO - Iter: 32100; ema_loss: 0.094182
2020-02-12 11:48:49,230 - INFO - Iter: 32200; ema_loss: 0.094395
2020-02-12 11:48:51,730 - INFO - Iter: 32300; ema_loss: 0.099844
2020-02-12 11:48:54,182 - INFO - Iter: 32400; ema_loss: 0.094958
2020-02-12 11:48:56,757 - INFO - Iter: 32500; ema_loss: 0.094905
2020-02-12 11:48:59,289 - INFO - Iter: 32600; ema_loss: 0.092349
2020-02-12 11:49:01,796 - INFO - Iter: 32700; ema_loss: 0.103601
2020-02-12 11:49:04,205 - INFO - Iter: 32800; ema_loss: 0.102413
2020-02-12 11:49:06,712 - INFO - Iter: 32900; ema_loss: 0.100927
2020-02-12 11:49:09,209 - INFO - Iter: 33000; ema_loss: 0.109280
2020-02-12 11:49:11,755 - INFO - Iter: 33100; ema_loss: 0.102364
2020-02-12 11:49:14,202 - INFO - Iter: 33200; ema_loss: 0.100720
2020-02-12 11:49:16,732 - INFO - Iter: 33300; ema_loss: 0.101735
2020-02-12 11:49:19,388 - INFO - Iter: 33400; ema_loss: 0.108425
2020-02-12 11:49:21,989 - INFO - Iter: 33500; ema_loss: 0.100978
2020-02-12 11:49:24,530 - INFO - Iter: 33600; ema_loss: 0.097998
2020-02-12 11:49:27,169 - INFO - Iter: 33700; ema_loss: 0.098335
2020-02-12 11:49:29,738 - INFO - Iter: 33800; ema_loss: 0.093425
2020-02-12 11:49:32,149 - INFO - Iter: 33900; ema_loss: 0.090354
2020-02-12 11:49:34,629 - INFO - Iter: 34000; ema_loss: 0.094264
2020-02-12 11:49:37,227 - INFO - Iter: 34100; ema_loss: 0.089601
2020-02-12 11:49:39,855 - INFO - Iter: 34200; ema_loss: 0.091559
2020-02-12 11:49:42,527 - INFO - Iter: 34300; ema_loss: 0.097306
2020-02-12 11:49:44,803 - INFO - Iter: 34400; ema_loss: 0.102045
2020-02-12 11:49:47,212 - INFO - Iter: 34500; ema_loss: 0.103689
2020-02-12 11:49:49,765 - INFO - Iter: 34600; ema_loss: 0.112698
2020-02-12 11:49:52,378 - INFO - Iter: 34700; ema_loss: 0.104578
2020-02-12 11:49:54,875 - INFO - Iter: 34800; ema_loss: 0.107380
2020-02-12 11:49:57,311 - INFO - Iter: 34900; ema_loss: 0.101832
2020-02-12 11:49:59,868 - INFO - Iter: 35000; ema_loss: 0.101048
2020-02-12 11:50:01,756 - INFO - 1-chain val AUC: 0.981661 val perc 98.291504; iteration: 35000
2020-02-12 11:50:04,474 - INFO - 2-inter val AUC: 0.758886 val perc 72.475410; iteration: 35000
2020-02-12 11:50:07,210 - INFO - Hard-2-inter val AUC: 0.489556 val perc 48.565019; iteration: 35000
2020-02-12 11:50:08,791 - INFO - 2-chain val AUC: 0.812710 val perc 83.897727; iteration: 35000
2020-02-12 11:50:11,355 - INFO - 3-chain val AUC: 0.779560 val perc 79.811881; iteration: 35000
2020-02-12 11:50:15,489 - INFO - 3-chain_inter val AUC: 0.705286 val perc 66.747475; iteration: 35000
2020-02-12 11:50:19,729 - INFO - Hard-3-chain_inter val AUC: 0.589284 val perc 55.801226; iteration: 35000
2020-02-12 11:50:24,038 - INFO - 3-inter_chain val AUC: 0.764457 val perc 78.138298; iteration: 35000
2020-02-12 11:50:28,289 - INFO - Hard-3-inter_chain val AUC: 0.517461 val perc 46.493226; iteration: 35000
2020-02-12 11:50:33,196 - INFO - 3-inter val AUC: 0.772741 val perc 75.789474; iteration: 35000
2020-02-12 11:50:37,982 - INFO - Hard-3-inter val AUC: 0.500554 val perc 50.092411; iteration: 35000
2020-02-12 11:50:37,994 - INFO - Edge converged at iteration 35000
2020-02-12 11:50:37,994 - INFO - Testing at edge conv...
2020-02-12 11:50:52,209 - INFO - 1-chain val AUC: 0.981601 val perc 98.319829; iteration: 35001
2020-02-12 11:50:59,498 - INFO - 2-inter val AUC: 0.755616 val perc 74.055721; iteration: 35001
2020-02-12 11:51:06,719 - INFO - Hard-2-inter val AUC: 0.496700 val perc 48.793273; iteration: 35001
2020-02-12 11:51:11,055 - INFO - 2-chain val AUC: 0.838768 val perc 85.264344; iteration: 35001
2020-02-12 11:51:27,981 - INFO - 3-chain val AUC: 0.769054 val perc 75.509054; iteration: 35001
2020-02-12 11:51:57,968 - INFO - 3-chain_inter val AUC: 0.714081 val perc 70.079286; iteration: 35001
2020-02-12 11:52:28,149 - INFO - Hard-3-chain_inter val AUC: 0.583601 val perc 60.546513; iteration: 35001
2020-02-12 11:52:55,841 - INFO - 3-inter_chain val AUC: 0.766038 val perc 75.189529; iteration: 35001
2020-02-12 11:53:23,718 - INFO - Hard-3-inter_chain val AUC: 0.505780 val perc 51.033835; iteration: 35001
2020-02-12 11:53:56,446 - INFO - 3-inter val AUC: 0.757748 val perc 75.890020; iteration: 35001
2020-02-12 11:54:29,502 - INFO - Hard-3-inter val AUC: 0.494061 val perc 49.329258; iteration: 35001
2020-02-12 11:54:44,272 - INFO - 1-chain val AUC: 0.981601 val perc 98.319829; iteration: 35001
2020-02-12 11:54:51,713 - INFO - 2-inter val AUC: 0.755616 val perc 74.055721; iteration: 35001
2020-02-12 11:54:59,001 - INFO - Hard-2-inter val AUC: 0.496700 val perc 48.793273; iteration: 35001
2020-02-12 11:55:03,344 - INFO - 2-chain val AUC: 0.838768 val perc 85.264344; iteration: 35001
2020-02-12 11:55:20,129 - INFO - 3-chain val AUC: 0.769054 val perc 75.509054; iteration: 35001
2020-02-12 11:55:50,391 - INFO - 3-chain_inter val AUC: 0.714081 val perc 70.079286; iteration: 35001
2020-02-12 11:56:20,448 - INFO - Hard-3-chain_inter val AUC: 0.583601 val perc 60.546513; iteration: 35001
2020-02-12 11:56:48,443 - INFO - 3-inter_chain val AUC: 0.766038 val perc 75.189529; iteration: 35001
2020-02-12 11:57:16,077 - INFO - Hard-3-inter_chain val AUC: 0.505780 val perc 51.033835; iteration: 35001
2020-02-12 11:57:49,170 - INFO - 3-inter val AUC: 0.757748 val perc 75.890020; iteration: 35001
2020-02-12 11:58:21,941 - INFO - Hard-3-inter val AUC: 0.494061 val perc 49.329258; iteration: 35001
2020-02-12 11:58:21,943 - INFO - Test macro-averaged val: 0.696641
2020-02-12 11:58:21,943 - INFO - Improvement from edge conv: 0.000000
