2020-02-12 10:57:08,818 - INFO - Iter: 0; ema_loss: 0.146933
2020-02-12 10:57:10,177 - INFO - Iter: 100; ema_loss: 0.123106
2020-02-12 10:57:11,859 - INFO - Iter: 200; ema_loss: 0.110073
2020-02-12 10:57:13,601 - INFO - Iter: 300; ema_loss: 0.106513
2020-02-12 10:57:15,429 - INFO - Iter: 400; ema_loss: 0.104786
2020-02-12 10:57:17,352 - INFO - Iter: 500; ema_loss: 0.108245
2020-02-12 10:57:19,258 - INFO - Iter: 600; ema_loss: 0.104932
2020-02-12 10:57:21,257 - INFO - Iter: 700; ema_loss: 0.103476
2020-02-12 10:57:23,277 - INFO - Iter: 800; ema_loss: 0.097767
2020-02-12 10:57:25,344 - INFO - Iter: 900; ema_loss: 0.105621
2020-02-12 10:57:27,460 - INFO - Iter: 1000; ema_loss: 0.102184
2020-02-12 10:57:29,557 - INFO - Iter: 1100; ema_loss: 0.105975
2020-02-12 10:57:31,657 - INFO - Iter: 1200; ema_loss: 0.102776
2020-02-12 10:57:33,787 - INFO - Iter: 1300; ema_loss: 0.099039
2020-02-12 10:57:36,016 - INFO - Iter: 1400; ema_loss: 0.097356
2020-02-12 10:57:38,180 - INFO - Iter: 1500; ema_loss: 0.100261
2020-02-12 10:57:40,288 - INFO - Iter: 1600; ema_loss: 0.101927
2020-02-12 10:57:41,867 - INFO - Iter: 1700; ema_loss: 0.103810
2020-02-12 10:57:43,628 - INFO - Iter: 1800; ema_loss: 0.101697
2020-02-12 10:57:45,663 - INFO - Iter: 1900; ema_loss: 0.101637
2020-02-12 10:57:47,633 - INFO - Iter: 2000; ema_loss: 0.100445
2020-02-12 10:57:49,651 - INFO - Iter: 2100; ema_loss: 0.100535
2020-02-12 10:57:51,524 - INFO - Iter: 2200; ema_loss: 0.095285
2020-02-12 10:57:53,628 - INFO - Iter: 2300; ema_loss: 0.100906
2020-02-12 10:57:55,650 - INFO - Iter: 2400; ema_loss: 0.099697
2020-02-12 10:57:57,725 - INFO - Iter: 2500; ema_loss: 0.098332
2020-02-12 10:57:59,907 - INFO - Iter: 2600; ema_loss: 0.101301
2020-02-12 10:58:02,007 - INFO - Iter: 2700; ema_loss: 0.106161
2020-02-12 10:58:04,137 - INFO - Iter: 2800; ema_loss: 0.098127
2020-02-12 10:58:06,165 - INFO - Iter: 2900; ema_loss: 0.102958
2020-02-12 10:58:08,216 - INFO - Iter: 3000; ema_loss: 0.102264
2020-02-12 10:58:10,131 - INFO - Iter: 3100; ema_loss: 0.100451
2020-02-12 10:58:12,287 - INFO - Iter: 3200; ema_loss: 0.099139
2020-02-12 10:58:14,470 - INFO - Iter: 3300; ema_loss: 0.097848
2020-02-12 10:58:16,513 - INFO - Iter: 3400; ema_loss: 0.099182
2020-02-12 10:58:18,596 - INFO - Iter: 3500; ema_loss: 0.101330
2020-02-12 10:58:20,621 - INFO - Iter: 3600; ema_loss: 0.098987
2020-02-12 10:58:22,692 - INFO - Iter: 3700; ema_loss: 0.096942
2020-02-12 10:58:24,854 - INFO - Iter: 3800; ema_loss: 0.107070
2020-02-12 10:58:26,933 - INFO - Iter: 3900; ema_loss: 0.104803
2020-02-12 10:58:29,090 - INFO - Iter: 4000; ema_loss: 0.106532
2020-02-12 10:58:31,211 - INFO - Iter: 4100; ema_loss: 0.107404
2020-02-12 10:58:33,331 - INFO - Iter: 4200; ema_loss: 0.107485
2020-02-12 10:58:35,469 - INFO - Iter: 4300; ema_loss: 0.103763
2020-02-12 10:58:37,658 - INFO - Iter: 4400; ema_loss: 0.107199
2020-02-12 10:58:39,801 - INFO - Iter: 4500; ema_loss: 0.098897
2020-02-12 10:58:41,922 - INFO - Iter: 4600; ema_loss: 0.103786
2020-02-12 10:58:44,136 - INFO - Iter: 4700; ema_loss: 0.096685
2020-02-12 10:58:46,390 - INFO - Iter: 4800; ema_loss: 0.100037
2020-02-12 10:58:48,651 - INFO - Iter: 4900; ema_loss: 0.105404
2020-02-12 10:58:50,832 - INFO - Iter: 5000; ema_loss: 0.098736
2020-02-12 10:58:52,505 - INFO - 1-chain val AUC: 0.981357 val perc 98.279942; iteration: 5000
2020-02-12 10:58:54,113 - INFO - 2-inter val AUC: 0.764280 val perc 74.327869; iteration: 5000
2020-02-12 10:58:55,653 - INFO - Hard-2-inter val AUC: 0.493816 val perc 51.163879; iteration: 5000
2020-02-12 10:58:56,563 - INFO - 2-chain val AUC: 0.798464 val perc 83.636364; iteration: 5000
2020-02-12 10:58:58,050 - INFO - 3-chain val AUC: 0.752312 val perc 77.722772; iteration: 5000
2020-02-12 10:59:00,478 - INFO - 3-chain_inter val AUC: 0.745332 val perc 71.626263; iteration: 5000
2020-02-12 10:59:02,874 - INFO - Hard-3-chain_inter val AUC: 0.606576 val perc 61.608391; iteration: 5000
2020-02-12 10:59:05,256 - INFO - 3-inter_chain val AUC: 0.769753 val perc 78.617021; iteration: 5000
2020-02-12 10:59:07,717 - INFO - Hard-3-inter_chain val AUC: 0.509063 val perc 47.728103; iteration: 5000
2020-02-12 10:59:10,477 - INFO - 3-inter val AUC: 0.782095 val perc 75.505263; iteration: 5000
2020-02-12 10:59:13,185 - INFO - Hard-3-inter val AUC: 0.497743 val perc 49.518105; iteration: 5000
2020-02-12 10:59:15,339 - INFO - Iter: 5100; ema_loss: 0.103648
2020-02-12 10:59:17,636 - INFO - Iter: 5200; ema_loss: 0.094717
2020-02-12 10:59:19,954 - INFO - Iter: 5300; ema_loss: 0.088492
2020-02-12 10:59:22,065 - INFO - Iter: 5400; ema_loss: 0.100246
2020-02-12 10:59:24,213 - INFO - Iter: 5500; ema_loss: 0.099764
2020-02-12 10:59:26,322 - INFO - Iter: 5600; ema_loss: 0.099000
2020-02-12 10:59:28,405 - INFO - Iter: 5700; ema_loss: 0.098884
2020-02-12 10:59:30,605 - INFO - Iter: 5800; ema_loss: 0.111702
2020-02-12 10:59:32,847 - INFO - Iter: 5900; ema_loss: 0.105960
2020-02-12 10:59:34,908 - INFO - Iter: 6000; ema_loss: 0.101158
2020-02-12 10:59:36,947 - INFO - Iter: 6100; ema_loss: 0.089495
2020-02-12 10:59:39,107 - INFO - Iter: 6200; ema_loss: 0.095067
2020-02-12 10:59:41,084 - INFO - Iter: 6300; ema_loss: 0.098300
2020-02-12 10:59:43,375 - INFO - Iter: 6400; ema_loss: 0.109981
2020-02-12 10:59:45,625 - INFO - Iter: 6500; ema_loss: 0.103536
2020-02-12 10:59:47,913 - INFO - Iter: 6600; ema_loss: 0.103743
2020-02-12 10:59:50,297 - INFO - Iter: 6700; ema_loss: 0.106885
2020-02-12 10:59:52,554 - INFO - Iter: 6800; ema_loss: 0.102132
2020-02-12 10:59:54,604 - INFO - Iter: 6900; ema_loss: 0.101160
2020-02-12 10:59:56,728 - INFO - Iter: 7000; ema_loss: 0.106542
2020-02-12 10:59:58,658 - INFO - Iter: 7100; ema_loss: 0.102434
2020-02-12 11:00:00,834 - INFO - Iter: 7200; ema_loss: 0.103356
2020-02-12 11:00:02,726 - INFO - Iter: 7300; ema_loss: 0.101476
2020-02-12 11:00:04,507 - INFO - Iter: 7400; ema_loss: 0.099942
2020-02-12 11:00:06,796 - INFO - Iter: 7500; ema_loss: 0.097727
2020-02-12 11:00:08,976 - INFO - Iter: 7600; ema_loss: 0.098176
2020-02-12 11:00:11,176 - INFO - Iter: 7700; ema_loss: 0.110101
2020-02-12 11:00:13,360 - INFO - Iter: 7800; ema_loss: 0.103747
2020-02-12 11:00:15,382 - INFO - Iter: 7900; ema_loss: 0.100792
2020-02-12 11:00:17,167 - INFO - Iter: 8000; ema_loss: 0.097190
2020-02-12 11:00:18,961 - INFO - Iter: 8100; ema_loss: 0.090662
2020-02-12 11:00:21,240 - INFO - Iter: 8200; ema_loss: 0.093675
2020-02-12 11:00:23,322 - INFO - Iter: 8300; ema_loss: 0.105070
2020-02-12 11:00:25,531 - INFO - Iter: 8400; ema_loss: 0.100516
2020-02-12 11:00:27,894 - INFO - Iter: 8500; ema_loss: 0.101772
2020-02-12 11:00:29,871 - INFO - Iter: 8600; ema_loss: 0.095089
2020-02-12 11:00:32,108 - INFO - Iter: 8700; ema_loss: 0.095961
2020-02-12 11:00:34,493 - INFO - Iter: 8800; ema_loss: 0.100591
2020-02-12 11:00:36,753 - INFO - Iter: 8900; ema_loss: 0.102217
2020-02-12 11:00:39,098 - INFO - Iter: 9000; ema_loss: 0.096662
2020-02-12 11:00:41,358 - INFO - Iter: 9100; ema_loss: 0.108566
2020-02-12 11:00:43,491 - INFO - Iter: 9200; ema_loss: 0.100920
2020-02-12 11:00:45,841 - INFO - Iter: 9300; ema_loss: 0.099325
2020-02-12 11:00:48,074 - INFO - Iter: 9400; ema_loss: 0.108829
2020-02-12 11:00:50,130 - INFO - Iter: 9500; ema_loss: 0.108445
2020-02-12 11:00:52,350 - INFO - Iter: 9600; ema_loss: 0.102095
2020-02-12 11:00:54,471 - INFO - Iter: 9700; ema_loss: 0.091413
2020-02-12 11:00:56,684 - INFO - Iter: 9800; ema_loss: 0.104242
2020-02-12 11:00:58,582 - INFO - Iter: 9900; ema_loss: 0.108937
2020-02-12 11:01:00,751 - INFO - Iter: 10000; ema_loss: 0.104152
2020-02-12 11:01:02,264 - INFO - 1-chain val AUC: 0.981389 val perc 98.282619; iteration: 10000
2020-02-12 11:01:03,577 - INFO - 2-inter val AUC: 0.762213 val perc 73.508197; iteration: 10000
2020-02-12 11:01:04,864 - INFO - Hard-2-inter val AUC: 0.495043 val perc 51.437622; iteration: 10000
2020-02-12 11:01:05,617 - INFO - 2-chain val AUC: 0.800244 val perc 84.352273; iteration: 10000
2020-02-12 11:01:06,889 - INFO - 3-chain val AUC: 0.763679 val perc 79.108911; iteration: 10000
2020-02-12 11:01:08,897 - INFO - 3-chain_inter val AUC: 0.733674 val perc 69.939394; iteration: 10000
2020-02-12 11:01:10,914 - INFO - Hard-3-chain_inter val AUC: 0.607558 val perc 61.960767; iteration: 10000
2020-02-12 11:01:12,915 - INFO - 3-inter_chain val AUC: 0.771528 val perc 76.521277; iteration: 10000
2020-02-12 11:01:14,910 - INFO - Hard-3-inter_chain val AUC: 0.508352 val perc 47.531130; iteration: 10000
2020-02-12 11:01:17,167 - INFO - 3-inter val AUC: 0.773920 val perc 76.600000; iteration: 10000
2020-02-12 11:01:19,424 - INFO - Hard-3-inter val AUC: 0.494319 val perc 47.807845; iteration: 10000
2020-02-12 11:01:21,529 - INFO - Iter: 10100; ema_loss: 0.104506
2020-02-12 11:01:23,598 - INFO - Iter: 10200; ema_loss: 0.089940
2020-02-12 11:01:25,574 - INFO - Iter: 10300; ema_loss: 0.107022
2020-02-12 11:01:27,583 - INFO - Iter: 10400; ema_loss: 0.097241
2020-02-12 11:01:29,476 - INFO - Iter: 10500; ema_loss: 0.104253
2020-02-12 11:01:31,389 - INFO - Iter: 10600; ema_loss: 0.100764
2020-02-12 11:01:33,398 - INFO - Iter: 10700; ema_loss: 0.103918
2020-02-12 11:01:35,366 - INFO - Iter: 10800; ema_loss: 0.101524
2020-02-12 11:01:37,434 - INFO - Iter: 10900; ema_loss: 0.103391
2020-02-12 11:01:39,699 - INFO - Iter: 11000; ema_loss: 0.102525
2020-02-12 11:01:41,956 - INFO - Iter: 11100; ema_loss: 0.104991
2020-02-12 11:01:44,013 - INFO - Iter: 11200; ema_loss: 0.112432
2020-02-12 11:01:46,226 - INFO - Iter: 11300; ema_loss: 0.119631
2020-02-12 11:01:48,437 - INFO - Iter: 11400; ema_loss: 0.106427
2020-02-12 11:01:50,891 - INFO - Iter: 11500; ema_loss: 0.112943
2020-02-12 11:01:53,238 - INFO - Iter: 11600; ema_loss: 0.105368
2020-02-12 11:01:55,596 - INFO - Iter: 11700; ema_loss: 0.102139
2020-02-12 11:01:57,952 - INFO - Iter: 11800; ema_loss: 0.106014
2020-02-12 11:02:00,259 - INFO - Iter: 11900; ema_loss: 0.102994
2020-02-12 11:02:02,297 - INFO - Iter: 12000; ema_loss: 0.102976
2020-02-12 11:02:04,376 - INFO - Iter: 12100; ema_loss: 0.098574
2020-02-12 11:02:06,529 - INFO - Iter: 12200; ema_loss: 0.113094
2020-02-12 11:02:08,699 - INFO - Iter: 12300; ema_loss: 0.100432
2020-02-12 11:02:11,060 - INFO - Iter: 12400; ema_loss: 0.096939
2020-02-12 11:02:13,247 - INFO - Iter: 12500; ema_loss: 0.102252
2020-02-12 11:02:15,274 - INFO - Iter: 12600; ema_loss: 0.105429
2020-02-12 11:02:17,117 - INFO - Iter: 12700; ema_loss: 0.107971
2020-02-12 11:02:18,912 - INFO - Iter: 12800; ema_loss: 0.102962
2020-02-12 11:02:20,685 - INFO - Iter: 12900; ema_loss: 0.102574
2020-02-12 11:02:22,470 - INFO - Iter: 13000; ema_loss: 0.095300
2020-02-12 11:02:24,200 - INFO - Iter: 13100; ema_loss: 0.094685
2020-02-12 11:02:26,068 - INFO - Iter: 13200; ema_loss: 0.101102
2020-02-12 11:02:28,218 - INFO - Iter: 13300; ema_loss: 0.099683
2020-02-12 11:02:30,384 - INFO - Iter: 13400; ema_loss: 0.095787
2020-02-12 11:02:32,663 - INFO - Iter: 13500; ema_loss: 0.093843
2020-02-12 11:02:34,841 - INFO - Iter: 13600; ema_loss: 0.095110
2020-02-12 11:02:36,828 - INFO - Iter: 13700; ema_loss: 0.095193
2020-02-12 11:02:39,029 - INFO - Iter: 13800; ema_loss: 0.100061
2020-02-12 11:02:41,315 - INFO - Iter: 13900; ema_loss: 0.098216
2020-02-12 11:02:43,496 - INFO - Iter: 14000; ema_loss: 0.102378
2020-02-12 11:02:45,872 - INFO - Iter: 14100; ema_loss: 0.107007
2020-02-12 11:02:48,099 - INFO - Iter: 14200; ema_loss: 0.097388
2020-02-12 11:02:50,516 - INFO - Iter: 14300; ema_loss: 0.102428
2020-02-12 11:02:52,841 - INFO - Iter: 14400; ema_loss: 0.100897
2020-02-12 11:02:54,823 - INFO - Iter: 14500; ema_loss: 0.101467
2020-02-12 11:02:56,982 - INFO - Iter: 14600; ema_loss: 0.102858
2020-02-12 11:02:59,179 - INFO - Iter: 14700; ema_loss: 0.107827
2020-02-12 11:03:01,463 - INFO - Iter: 14800; ema_loss: 0.107236
2020-02-12 11:03:03,606 - INFO - Iter: 14900; ema_loss: 0.107944
2020-02-12 11:03:05,781 - INFO - Iter: 15000; ema_loss: 0.099676
2020-02-12 11:03:07,195 - INFO - 1-chain val AUC: 0.981510 val perc 98.259615; iteration: 15000
2020-02-12 11:03:08,595 - INFO - 2-inter val AUC: 0.757834 val perc 74.803279; iteration: 15000
2020-02-12 11:03:09,901 - INFO - Hard-2-inter val AUC: 0.490430 val perc 51.895196; iteration: 15000
2020-02-12 11:03:10,690 - INFO - 2-chain val AUC: 0.798039 val perc 84.670455; iteration: 15000
2020-02-12 11:03:11,988 - INFO - 3-chain val AUC: 0.765915 val perc 79.366337; iteration: 15000
2020-02-12 11:03:13,997 - INFO - 3-chain_inter val AUC: 0.721331 val perc 69.111111; iteration: 15000
2020-02-12 11:03:15,981 - INFO - Hard-3-chain_inter val AUC: 0.599962 val perc 59.568754; iteration: 15000
2020-02-12 11:03:17,982 - INFO - 3-inter_chain val AUC: 0.764622 val perc 78.882979; iteration: 15000
2020-02-12 11:03:20,022 - INFO - Hard-3-inter_chain val AUC: 0.513408 val perc 48.815682; iteration: 15000
2020-02-12 11:03:22,298 - INFO - 3-inter val AUC: 0.774396 val perc 76.578947; iteration: 15000
2020-02-12 11:03:24,546 - INFO - Hard-3-inter val AUC: 0.496615 val perc 49.434560; iteration: 15000
2020-02-12 11:03:26,245 - INFO - Iter: 15100; ema_loss: 0.096380
2020-02-12 11:03:27,957 - INFO - Iter: 15200; ema_loss: 0.103794
2020-02-12 11:03:29,631 - INFO - Iter: 15300; ema_loss: 0.100614
2020-02-12 11:03:31,417 - INFO - Iter: 15400; ema_loss: 0.101572
2020-02-12 11:03:33,129 - INFO - Iter: 15500; ema_loss: 0.105541
2020-02-12 11:03:35,143 - INFO - Iter: 15600; ema_loss: 0.100717
2020-02-12 11:03:37,142 - INFO - Iter: 15700; ema_loss: 0.101067
2020-02-12 11:03:39,405 - INFO - Iter: 15800; ema_loss: 0.102852
2020-02-12 11:03:41,571 - INFO - Iter: 15900; ema_loss: 0.103844
2020-02-12 11:03:43,724 - INFO - Iter: 16000; ema_loss: 0.103650
2020-02-12 11:03:45,923 - INFO - Iter: 16100; ema_loss: 0.099498
2020-02-12 11:03:48,247 - INFO - Iter: 16200; ema_loss: 0.100977
2020-02-12 11:03:50,432 - INFO - Iter: 16300; ema_loss: 0.098378
2020-02-12 11:03:52,588 - INFO - Iter: 16400; ema_loss: 0.105165
2020-02-12 11:03:54,742 - INFO - Iter: 16500; ema_loss: 0.104373
2020-02-12 11:03:56,920 - INFO - Iter: 16600; ema_loss: 0.105018
2020-02-12 11:03:59,259 - INFO - Iter: 16700; ema_loss: 0.106109
2020-02-12 11:04:01,634 - INFO - Iter: 16800; ema_loss: 0.105870
2020-02-12 11:04:03,804 - INFO - Iter: 16900; ema_loss: 0.108323
2020-02-12 11:04:06,286 - INFO - Iter: 17000; ema_loss: 0.101980
2020-02-12 11:04:08,503 - INFO - Iter: 17100; ema_loss: 0.104662
2020-02-12 11:04:10,716 - INFO - Iter: 17200; ema_loss: 0.101374
2020-02-12 11:04:12,909 - INFO - Iter: 17300; ema_loss: 0.097026
2020-02-12 11:04:15,119 - INFO - Iter: 17400; ema_loss: 0.105408
2020-02-12 11:04:17,432 - INFO - Iter: 17500; ema_loss: 0.099791
2020-02-12 11:04:19,943 - INFO - Iter: 17600; ema_loss: 0.105110
2020-02-12 11:04:21,905 - INFO - Iter: 17700; ema_loss: 0.095098
2020-02-12 11:04:24,336 - INFO - Iter: 17800; ema_loss: 0.099549
2020-02-12 11:04:26,486 - INFO - Iter: 17900; ema_loss: 0.097298
2020-02-12 11:04:28,911 - INFO - Iter: 18000; ema_loss: 0.100343
2020-02-12 11:04:31,201 - INFO - Iter: 18100; ema_loss: 0.102258
2020-02-12 11:04:33,564 - INFO - Iter: 18200; ema_loss: 0.103505
2020-02-12 11:04:35,940 - INFO - Iter: 18300; ema_loss: 0.105401
2020-02-12 11:04:38,201 - INFO - Iter: 18400; ema_loss: 0.109663
2020-02-12 11:04:40,701 - INFO - Iter: 18500; ema_loss: 0.105897
2020-02-12 11:04:43,011 - INFO - Iter: 18600; ema_loss: 0.102676
2020-02-12 11:04:45,372 - INFO - Iter: 18700; ema_loss: 0.103170
2020-02-12 11:04:47,615 - INFO - Iter: 18800; ema_loss: 0.111132
2020-02-12 11:04:49,902 - INFO - Iter: 18900; ema_loss: 0.111492
2020-02-12 11:04:52,369 - INFO - Iter: 19000; ema_loss: 0.101626
2020-02-12 11:04:55,121 - INFO - Iter: 19100; ema_loss: 0.094218
2020-02-12 11:04:57,691 - INFO - Iter: 19200; ema_loss: 0.095890
2020-02-12 11:05:00,159 - INFO - Iter: 19300; ema_loss: 0.099047
2020-02-12 11:05:02,473 - INFO - Iter: 19400; ema_loss: 0.105046
2020-02-12 11:05:04,844 - INFO - Iter: 19500; ema_loss: 0.097456
2020-02-12 11:05:07,098 - INFO - Iter: 19600; ema_loss: 0.098341
2020-02-12 11:05:09,454 - INFO - Iter: 19700; ema_loss: 0.097734
2020-02-12 11:05:11,733 - INFO - Iter: 19800; ema_loss: 0.099377
2020-02-12 11:05:14,018 - INFO - Iter: 19900; ema_loss: 0.102272
2020-02-12 11:05:16,435 - INFO - Iter: 20000; ema_loss: 0.098688
2020-02-12 11:05:18,271 - INFO - 1-chain val AUC: 0.981595 val perc 98.253895; iteration: 20000
2020-02-12 11:05:21,393 - INFO - 2-inter val AUC: 0.760081 val perc 74.344262; iteration: 20000
2020-02-12 11:05:24,440 - INFO - Hard-2-inter val AUC: 0.490987 val perc 49.633645; iteration: 20000
2020-02-12 11:05:26,199 - INFO - 2-chain val AUC: 0.804246 val perc 83.909091; iteration: 20000
2020-02-12 11:05:28,989 - INFO - 3-chain val AUC: 0.761961 val perc 79.089109; iteration: 20000
2020-02-12 11:05:33,607 - INFO - 3-chain_inter val AUC: 0.721336 val perc 70.050505; iteration: 20000
2020-02-12 11:05:38,196 - INFO - Hard-3-chain_inter val AUC: 0.600631 val perc 60.123442; iteration: 20000
2020-02-12 11:05:42,853 - INFO - 3-inter_chain val AUC: 0.771186 val perc 79.531915; iteration: 20000
2020-02-12 11:05:47,435 - INFO - Hard-3-inter_chain val AUC: 0.513893 val perc 50.237738; iteration: 20000
2020-02-12 11:05:52,575 - INFO - 3-inter val AUC: 0.768596 val perc 75.568421; iteration: 20000
2020-02-12 11:05:57,470 - INFO - Hard-3-inter val AUC: 0.492503 val perc 48.050574; iteration: 20000
2020-02-12 11:05:59,952 - INFO - Iter: 20100; ema_loss: 0.104847
2020-02-12 11:06:02,491 - INFO - Iter: 20200; ema_loss: 0.097325
2020-02-12 11:06:04,810 - INFO - Iter: 20300; ema_loss: 0.098907
2020-02-12 11:06:07,210 - INFO - Iter: 20400; ema_loss: 0.100404
2020-02-12 11:06:09,547 - INFO - Iter: 20500; ema_loss: 0.100735
2020-02-12 11:06:11,983 - INFO - Iter: 20600; ema_loss: 0.094905
2020-02-12 11:06:14,312 - INFO - Iter: 20700; ema_loss: 0.099261
2020-02-12 11:06:16,787 - INFO - Iter: 20800; ema_loss: 0.094533
2020-02-12 11:06:19,082 - INFO - Iter: 20900; ema_loss: 0.100448
2020-02-12 11:06:21,605 - INFO - Iter: 21000; ema_loss: 0.093715
2020-02-12 11:06:23,982 - INFO - Iter: 21100; ema_loss: 0.098857
2020-02-12 11:06:26,419 - INFO - Iter: 21200; ema_loss: 0.108259
2020-02-12 11:06:28,770 - INFO - Iter: 21300; ema_loss: 0.098421
2020-02-12 11:06:31,170 - INFO - Iter: 21400; ema_loss: 0.096239
2020-02-12 11:06:33,375 - INFO - Iter: 21500; ema_loss: 0.100700
2020-02-12 11:06:35,820 - INFO - Iter: 21600; ema_loss: 0.098535
2020-02-12 11:06:38,166 - INFO - Iter: 21700; ema_loss: 0.103227
2020-02-12 11:06:40,628 - INFO - Iter: 21800; ema_loss: 0.099221
2020-02-12 11:06:42,991 - INFO - Iter: 21900; ema_loss: 0.091816
2020-02-12 11:06:45,325 - INFO - Iter: 22000; ema_loss: 0.100844
2020-02-12 11:06:47,550 - INFO - Iter: 22100; ema_loss: 0.093573
2020-02-12 11:06:49,801 - INFO - Iter: 22200; ema_loss: 0.098517
2020-02-12 11:06:52,237 - INFO - Iter: 22300; ema_loss: 0.094919
2020-02-12 11:06:54,674 - INFO - Iter: 22400; ema_loss: 0.095953
2020-02-12 11:06:57,230 - INFO - Iter: 22500; ema_loss: 0.097534
2020-02-12 11:06:59,611 - INFO - Iter: 22600; ema_loss: 0.098015
2020-02-12 11:07:01,953 - INFO - Iter: 22700; ema_loss: 0.114358
2020-02-12 11:07:04,356 - INFO - Iter: 22800; ema_loss: 0.106471
2020-02-12 11:07:06,862 - INFO - Iter: 22900; ema_loss: 0.097059
2020-02-12 11:07:09,325 - INFO - Iter: 23000; ema_loss: 0.100931
2020-02-12 11:07:11,638 - INFO - Iter: 23100; ema_loss: 0.099126
2020-02-12 11:07:13,922 - INFO - Iter: 23200; ema_loss: 0.099814
2020-02-12 11:07:16,223 - INFO - Iter: 23300; ema_loss: 0.104028
2020-02-12 11:07:18,571 - INFO - Iter: 23400; ema_loss: 0.113254
2020-02-12 11:07:20,868 - INFO - Iter: 23500; ema_loss: 0.106139
2020-02-12 11:07:23,255 - INFO - Iter: 23600; ema_loss: 0.101599
2020-02-12 11:07:25,588 - INFO - Iter: 23700; ema_loss: 0.100204
2020-02-12 11:07:27,853 - INFO - Iter: 23800; ema_loss: 0.109217
2020-02-12 11:07:30,209 - INFO - Iter: 23900; ema_loss: 0.108477
2020-02-12 11:07:32,446 - INFO - Iter: 24000; ema_loss: 0.099587
2020-02-12 11:07:34,932 - INFO - Iter: 24100; ema_loss: 0.100985
2020-02-12 11:07:37,472 - INFO - Iter: 24200; ema_loss: 0.105724
2020-02-12 11:07:39,978 - INFO - Iter: 24300; ema_loss: 0.102570
2020-02-12 11:07:42,283 - INFO - Iter: 24400; ema_loss: 0.096247
2020-02-12 11:07:44,711 - INFO - Iter: 24500; ema_loss: 0.093752
2020-02-12 11:07:47,201 - INFO - Iter: 24600; ema_loss: 0.106378
2020-02-12 11:07:49,786 - INFO - Iter: 24700; ema_loss: 0.105219
2020-02-12 11:07:52,373 - INFO - Iter: 24800; ema_loss: 0.100496
2020-02-12 11:07:54,912 - INFO - Iter: 24900; ema_loss: 0.106781
2020-02-12 11:07:57,371 - INFO - Iter: 25000; ema_loss: 0.092467
2020-02-12 11:07:59,304 - INFO - 1-chain val AUC: 0.981616 val perc 98.280672; iteration: 25000
2020-02-12 11:08:02,022 - INFO - 2-inter val AUC: 0.763778 val perc 75.442623; iteration: 25000
2020-02-12 11:08:04,692 - INFO - Hard-2-inter val AUC: 0.492167 val perc 50.485787; iteration: 25000
2020-02-12 11:08:06,236 - INFO - 2-chain val AUC: 0.804449 val perc 84.204545; iteration: 25000
2020-02-12 11:08:08,756 - INFO - 3-chain val AUC: 0.775379 val perc 79.069307; iteration: 25000
2020-02-12 11:08:12,749 - INFO - 3-chain_inter val AUC: 0.722449 val perc 67.939394; iteration: 25000
2020-02-12 11:08:16,720 - INFO - Hard-3-chain_inter val AUC: 0.600780 val perc 58.740852; iteration: 25000
2020-02-12 11:08:21,248 - INFO - 3-inter_chain val AUC: 0.770923 val perc 81.542553; iteration: 25000
2020-02-12 11:08:25,867 - INFO - Hard-3-inter_chain val AUC: 0.517385 val perc 49.654300; iteration: 25000
2020-02-12 11:08:31,045 - INFO - 3-inter val AUC: 0.771597 val perc 76.663158; iteration: 25000
2020-02-12 11:08:36,256 - INFO - Hard-3-inter val AUC: 0.495035 val perc 48.328909; iteration: 25000
2020-02-12 11:08:38,589 - INFO - Iter: 25100; ema_loss: 0.097395
2020-02-12 11:08:41,050 - INFO - Iter: 25200; ema_loss: 0.099025
2020-02-12 11:08:43,479 - INFO - Iter: 25300; ema_loss: 0.108245
2020-02-12 11:08:45,913 - INFO - Iter: 25400; ema_loss: 0.110262
2020-02-12 11:08:48,290 - INFO - Iter: 25500; ema_loss: 0.110122
2020-02-12 11:08:50,872 - INFO - Iter: 25600; ema_loss: 0.107233
2020-02-12 11:08:53,343 - INFO - Iter: 25700; ema_loss: 0.092688
2020-02-12 11:08:55,838 - INFO - Iter: 25800; ema_loss: 0.086995
2020-02-12 11:08:58,484 - INFO - Iter: 25900; ema_loss: 0.097458
2020-02-12 11:09:00,898 - INFO - Iter: 26000; ema_loss: 0.094132
2020-02-12 11:09:03,064 - INFO - Iter: 26100; ema_loss: 0.098040
2020-02-12 11:09:05,312 - INFO - Iter: 26200; ema_loss: 0.092292
2020-02-12 11:09:07,703 - INFO - Iter: 26300; ema_loss: 0.101053
2020-02-12 11:09:10,047 - INFO - Iter: 26400; ema_loss: 0.102390
2020-02-12 11:09:12,234 - INFO - Iter: 26500; ema_loss: 0.094166
2020-02-12 11:09:14,421 - INFO - Iter: 26600; ema_loss: 0.097881
2020-02-12 11:09:16,679 - INFO - Iter: 26700; ema_loss: 0.101521
2020-02-12 11:09:19,058 - INFO - Iter: 26800; ema_loss: 0.103995
2020-02-12 11:09:21,303 - INFO - Iter: 26900; ema_loss: 0.100430
2020-02-12 11:09:23,581 - INFO - Iter: 27000; ema_loss: 0.104028
2020-02-12 11:09:25,881 - INFO - Iter: 27100; ema_loss: 0.103070
2020-02-12 11:09:28,013 - INFO - Iter: 27200; ema_loss: 0.103030
2020-02-12 11:09:30,126 - INFO - Iter: 27300; ema_loss: 0.106375
2020-02-12 11:09:32,399 - INFO - Iter: 27400; ema_loss: 0.108120
2020-02-12 11:09:34,841 - INFO - Iter: 27500; ema_loss: 0.099621
2020-02-12 11:09:36,997 - INFO - Iter: 27600; ema_loss: 0.100249
2020-02-12 11:09:39,024 - INFO - Iter: 27700; ema_loss: 0.098947
2020-02-12 11:09:41,287 - INFO - Iter: 27800; ema_loss: 0.099795
2020-02-12 11:09:43,492 - INFO - Iter: 27900; ema_loss: 0.096228
2020-02-12 11:09:45,765 - INFO - Iter: 28000; ema_loss: 0.097609
2020-02-12 11:09:48,111 - INFO - Iter: 28100; ema_loss: 0.094901
2020-02-12 11:09:50,574 - INFO - Iter: 28200; ema_loss: 0.088338
2020-02-12 11:09:53,136 - INFO - Iter: 28300; ema_loss: 0.103439
2020-02-12 11:09:55,705 - INFO - Iter: 28400; ema_loss: 0.106178
2020-02-12 11:09:58,163 - INFO - Iter: 28500; ema_loss: 0.100973
2020-02-12 11:10:00,620 - INFO - Iter: 28600; ema_loss: 0.101517
2020-02-12 11:10:02,937 - INFO - Iter: 28700; ema_loss: 0.096210
2020-02-12 11:10:05,197 - INFO - Iter: 28800; ema_loss: 0.104437
2020-02-12 11:10:07,546 - INFO - Iter: 28900; ema_loss: 0.097357
2020-02-12 11:10:09,830 - INFO - Iter: 29000; ema_loss: 0.100770
2020-02-12 11:10:12,236 - INFO - Iter: 29100; ema_loss: 0.099334
2020-02-12 11:10:14,598 - INFO - Iter: 29200; ema_loss: 0.094141
2020-02-12 11:10:17,005 - INFO - Iter: 29300; ema_loss: 0.093219
2020-02-12 11:10:19,372 - INFO - Iter: 29400; ema_loss: 0.094244
2020-02-12 11:10:21,659 - INFO - Iter: 29500; ema_loss: 0.092500
2020-02-12 11:10:24,067 - INFO - Iter: 29600; ema_loss: 0.099429
2020-02-12 11:10:26,208 - INFO - Iter: 29700; ema_loss: 0.098941
2020-02-12 11:10:28,460 - INFO - Iter: 29800; ema_loss: 0.089268
2020-02-12 11:10:30,803 - INFO - Iter: 29900; ema_loss: 0.100231
2020-02-12 11:10:33,165 - INFO - Iter: 30000; ema_loss: 0.101819
2020-02-12 11:10:35,031 - INFO - 1-chain val AUC: 0.981689 val perc 98.264606; iteration: 30000
2020-02-12 11:10:37,738 - INFO - 2-inter val AUC: 0.755813 val perc 75.254098; iteration: 30000
2020-02-12 11:10:40,385 - INFO - Hard-2-inter val AUC: 0.487939 val perc 50.277814; iteration: 30000
2020-02-12 11:10:41,917 - INFO - 2-chain val AUC: 0.813605 val perc 84.181818; iteration: 30000
2020-02-12 11:10:44,445 - INFO - 3-chain val AUC: 0.783030 val perc 79.594059; iteration: 30000
2020-02-12 11:10:48,663 - INFO - 3-chain_inter val AUC: 0.723684 val perc 65.171717; iteration: 30000
2020-02-12 11:10:52,832 - INFO - Hard-3-chain_inter val AUC: 0.597767 val perc 56.674986; iteration: 30000
2020-02-12 11:10:57,079 - INFO - 3-inter_chain val AUC: 0.768082 val perc 80.106383; iteration: 30000
2020-02-12 11:11:01,070 - INFO - Hard-3-inter_chain val AUC: 0.517003 val perc 49.044480; iteration: 30000
2020-02-12 11:11:05,809 - INFO - 3-inter val AUC: 0.772657 val perc 75.863158; iteration: 30000
2020-02-12 11:11:10,561 - INFO - Hard-3-inter val AUC: 0.501760 val perc 47.820435; iteration: 30000
2020-02-12 11:11:13,040 - INFO - Iter: 30100; ema_loss: 0.105959
2020-02-12 11:11:15,449 - INFO - Iter: 30200; ema_loss: 0.099759
2020-02-12 11:11:17,996 - INFO - Iter: 30300; ema_loss: 0.099279
2020-02-12 11:11:20,506 - INFO - Iter: 30400; ema_loss: 0.094350
2020-02-12 11:11:22,921 - INFO - Iter: 30500; ema_loss: 0.094649
2020-02-12 11:11:25,343 - INFO - Iter: 30600; ema_loss: 0.096694
2020-02-12 11:11:27,761 - INFO - Iter: 30700; ema_loss: 0.110034
2020-02-12 11:11:30,136 - INFO - Iter: 30800; ema_loss: 0.108073
2020-02-12 11:11:32,737 - INFO - Iter: 30900; ema_loss: 0.097252
2020-02-12 11:11:35,067 - INFO - Iter: 31000; ema_loss: 0.103446
2020-02-12 11:11:37,332 - INFO - Iter: 31100; ema_loss: 0.092740
2020-02-12 11:11:39,682 - INFO - Iter: 31200; ema_loss: 0.102875
2020-02-12 11:11:42,101 - INFO - Iter: 31300; ema_loss: 0.105569
2020-02-12 11:11:44,551 - INFO - Iter: 31400; ema_loss: 0.097358
2020-02-12 11:11:46,927 - INFO - Iter: 31500; ema_loss: 0.091841
2020-02-12 11:11:49,319 - INFO - Iter: 31600; ema_loss: 0.094740
2020-02-12 11:11:52,028 - INFO - Iter: 31700; ema_loss: 0.101940
2020-02-12 11:11:54,433 - INFO - Iter: 31800; ema_loss: 0.099906
2020-02-12 11:11:56,780 - INFO - Iter: 31900; ema_loss: 0.096207
2020-02-12 11:11:59,085 - INFO - Iter: 32000; ema_loss: 0.109218
2020-02-12 11:12:01,445 - INFO - Iter: 32100; ema_loss: 0.108440
2020-02-12 11:12:03,816 - INFO - Iter: 32200; ema_loss: 0.104610
2020-02-12 11:12:06,293 - INFO - Iter: 32300; ema_loss: 0.103579
2020-02-12 11:12:08,660 - INFO - Iter: 32400; ema_loss: 0.108629
2020-02-12 11:12:10,933 - INFO - Iter: 32500; ema_loss: 0.110471
2020-02-12 11:12:13,241 - INFO - Iter: 32600; ema_loss: 0.110314
2020-02-12 11:12:15,766 - INFO - Iter: 32700; ema_loss: 0.105145
2020-02-12 11:12:18,244 - INFO - Iter: 32800; ema_loss: 0.103643
2020-02-12 11:12:20,589 - INFO - Iter: 32900; ema_loss: 0.103468
2020-02-12 11:12:22,908 - INFO - Iter: 33000; ema_loss: 0.094311
2020-02-12 11:12:25,332 - INFO - Iter: 33100; ema_loss: 0.093221
2020-02-12 11:12:27,891 - INFO - Iter: 33200; ema_loss: 0.100178
2020-02-12 11:12:30,504 - INFO - Iter: 33300; ema_loss: 0.094083
2020-02-12 11:12:32,938 - INFO - Iter: 33400; ema_loss: 0.099533
2020-02-12 11:12:35,296 - INFO - Iter: 33500; ema_loss: 0.099810
2020-02-12 11:12:37,574 - INFO - Iter: 33600; ema_loss: 0.096110
2020-02-12 11:12:39,879 - INFO - Iter: 33700; ema_loss: 0.102903
2020-02-12 11:12:42,468 - INFO - Iter: 33800; ema_loss: 0.098498
2020-02-12 11:12:45,194 - INFO - Iter: 33900; ema_loss: 0.097168
2020-02-12 11:12:47,405 - INFO - Iter: 34000; ema_loss: 0.102125
2020-02-12 11:12:49,858 - INFO - Iter: 34100; ema_loss: 0.096281
2020-02-12 11:12:52,334 - INFO - Iter: 34200; ema_loss: 0.103554
2020-02-12 11:12:54,657 - INFO - Iter: 34300; ema_loss: 0.096302
2020-02-12 11:12:56,940 - INFO - Iter: 34400; ema_loss: 0.098994
2020-02-12 11:12:59,308 - INFO - Iter: 34500; ema_loss: 0.094168
2020-02-12 11:13:01,525 - INFO - Iter: 34600; ema_loss: 0.094279
2020-02-12 11:13:03,676 - INFO - Iter: 34700; ema_loss: 0.105864
2020-02-12 11:13:06,078 - INFO - Iter: 34800; ema_loss: 0.104347
2020-02-12 11:13:08,553 - INFO - Iter: 34900; ema_loss: 0.104206
2020-02-12 11:13:10,878 - INFO - Iter: 35000; ema_loss: 0.108431
2020-02-12 11:13:12,698 - INFO - 1-chain val AUC: 0.981440 val perc 98.260589; iteration: 35000
2020-02-12 11:13:15,377 - INFO - 2-inter val AUC: 0.759579 val perc 75.639344; iteration: 35000
2020-02-12 11:13:17,983 - INFO - Hard-2-inter val AUC: 0.487926 val perc 50.557395; iteration: 35000
2020-02-12 11:13:19,519 - INFO - 2-chain val AUC: 0.801556 val perc 84.056818; iteration: 35000
2020-02-12 11:13:22,075 - INFO - 3-chain val AUC: 0.770771 val perc 79.613861; iteration: 35000
2020-02-12 11:13:26,091 - INFO - 3-chain_inter val AUC: 0.718600 val perc 67.232323; iteration: 35000
2020-02-12 11:13:30,123 - INFO - Hard-3-chain_inter val AUC: 0.600371 val perc 58.961695; iteration: 35000
2020-02-12 11:13:34,280 - INFO - 3-inter_chain val AUC: 0.769534 val perc 81.127660; iteration: 35000
2020-02-12 11:13:38,440 - INFO - Hard-3-inter_chain val AUC: 0.514351 val perc 50.589119; iteration: 35000
2020-02-12 11:13:43,361 - INFO - 3-inter val AUC: 0.779599 val perc 76.105263; iteration: 35000
2020-02-12 11:13:48,345 - INFO - Hard-3-inter val AUC: 0.499001 val perc 47.922117; iteration: 35000
2020-02-12 11:13:48,357 - INFO - Edge converged at iteration 35000
2020-02-12 11:13:48,357 - INFO - Testing at edge conv...
2020-02-12 11:14:03,209 - INFO - 1-chain val AUC: 0.981388 val perc 98.331847; iteration: 35001
2020-02-12 11:14:11,452 - INFO - 2-inter val AUC: 0.756497 val perc 74.649751; iteration: 35001
2020-02-12 11:14:19,571 - INFO - Hard-2-inter val AUC: 0.500444 val perc 48.661258; iteration: 35001
2020-02-12 11:14:24,427 - INFO - 2-chain val AUC: 0.829925 val perc 85.371926; iteration: 35001
2020-02-12 11:14:42,824 - INFO - 3-chain val AUC: 0.766807 val perc 75.441650; iteration: 35001
2020-02-12 11:15:12,436 - INFO - 3-chain_inter val AUC: 0.723393 val perc 71.086224; iteration: 35001
2020-02-12 11:15:43,391 - INFO - Hard-3-chain_inter val AUC: 0.588461 val perc 61.186427; iteration: 35001
2020-02-12 11:16:14,382 - INFO - 3-inter_chain val AUC: 0.771646 val perc 75.047120; iteration: 35001
2020-02-12 11:16:45,361 - INFO - Hard-3-inter_chain val AUC: 0.509042 val perc 51.168498; iteration: 35001
2020-02-12 11:17:21,079 - INFO - 3-inter val AUC: 0.753997 val perc 76.385947; iteration: 35001
2020-02-12 11:17:54,889 - INFO - Hard-3-inter val AUC: 0.492867 val perc 50.029664; iteration: 35001
2020-02-12 11:18:09,358 - INFO - 1-chain val AUC: 0.981388 val perc 98.331847; iteration: 35001
2020-02-12 11:18:16,719 - INFO - 2-inter val AUC: 0.756497 val perc 74.649751; iteration: 35001
2020-02-12 11:18:23,879 - INFO - Hard-2-inter val AUC: 0.500444 val perc 48.661258; iteration: 35001
2020-02-12 11:18:28,177 - INFO - 2-chain val AUC: 0.829925 val perc 85.371926; iteration: 35001
2020-02-12 11:18:45,055 - INFO - 3-chain val AUC: 0.766807 val perc 75.441650; iteration: 35001
2020-02-12 11:19:17,265 - INFO - 3-chain_inter val AUC: 0.723393 val perc 71.086224; iteration: 35001
2020-02-12 11:19:47,615 - INFO - Hard-3-chain_inter val AUC: 0.588461 val perc 61.186427; iteration: 35001
2020-02-12 11:20:14,707 - INFO - 3-inter_chain val AUC: 0.771646 val perc 75.047120; iteration: 35001
2020-02-12 11:20:42,193 - INFO - Hard-3-inter_chain val AUC: 0.509042 val perc 51.168498; iteration: 35001
2020-02-12 11:21:14,445 - INFO - 3-inter val AUC: 0.753997 val perc 76.385947; iteration: 35001
2020-02-12 11:21:47,127 - INFO - Hard-3-inter val AUC: 0.492867 val perc 50.029664; iteration: 35001
2020-02-12 11:21:47,128 - INFO - Test macro-averaged val: 0.697679
2020-02-12 11:21:47,129 - INFO - Improvement from edge conv: 0.000000
