2020-02-11 22:45:37,540 - INFO - Iter: 0; ema_loss: 0.160857
2020-02-11 22:45:38,970 - INFO - Iter: 100; ema_loss: 0.123255
2020-02-11 22:45:40,633 - INFO - Iter: 200; ema_loss: 0.115153
2020-02-11 22:45:42,430 - INFO - Iter: 300; ema_loss: 0.110510
2020-02-11 22:45:44,185 - INFO - Iter: 400; ema_loss: 0.105736
2020-02-11 22:45:46,008 - INFO - Iter: 500; ema_loss: 0.105429
2020-02-11 22:45:47,882 - INFO - Iter: 600; ema_loss: 0.098887
2020-02-11 22:45:49,798 - INFO - Iter: 700; ema_loss: 0.097038
2020-02-11 22:45:51,652 - INFO - Iter: 800; ema_loss: 0.102303
2020-02-11 22:45:53,395 - INFO - Iter: 900; ema_loss: 0.091512
2020-02-11 22:45:55,282 - INFO - Iter: 1000; ema_loss: 0.086848
2020-02-11 22:45:57,097 - INFO - Iter: 1100; ema_loss: 0.096478
2020-02-11 22:45:58,915 - INFO - Iter: 1200; ema_loss: 0.105419
2020-02-11 22:46:00,752 - INFO - Iter: 1300; ema_loss: 0.104094
2020-02-11 22:46:02,629 - INFO - Iter: 1400; ema_loss: 0.101530
2020-02-11 22:46:04,303 - INFO - Iter: 1500; ema_loss: 0.106011
2020-02-11 22:46:06,074 - INFO - Iter: 1600; ema_loss: 0.108377
2020-02-11 22:46:08,110 - INFO - Iter: 1700; ema_loss: 0.101027
2020-02-11 22:46:10,008 - INFO - Iter: 1800; ema_loss: 0.109276
2020-02-11 22:46:12,064 - INFO - Iter: 1900; ema_loss: 0.108973
2020-02-11 22:46:14,123 - INFO - Iter: 2000; ema_loss: 0.102445
2020-02-11 22:46:16,131 - INFO - Iter: 2100; ema_loss: 0.103765
2020-02-11 22:46:18,176 - INFO - Iter: 2200; ema_loss: 0.102597
2020-02-11 22:46:20,058 - INFO - Iter: 2300; ema_loss: 0.107343
2020-02-11 22:46:21,898 - INFO - Iter: 2400; ema_loss: 0.101004
2020-02-11 22:46:23,622 - INFO - Iter: 2500; ema_loss: 0.107266
2020-02-11 22:46:25,511 - INFO - Iter: 2600; ema_loss: 0.106942
2020-02-11 22:46:27,511 - INFO - Iter: 2700; ema_loss: 0.100417
2020-02-11 22:46:29,495 - INFO - Iter: 2800; ema_loss: 0.104741
2020-02-11 22:46:31,214 - INFO - Iter: 2900; ema_loss: 0.106938
2020-02-11 22:46:33,064 - INFO - Iter: 3000; ema_loss: 0.108368
2020-02-11 22:46:35,222 - INFO - Iter: 3100; ema_loss: 0.104700
2020-02-11 22:46:37,351 - INFO - Iter: 3200; ema_loss: 0.100235
2020-02-11 22:46:39,416 - INFO - Iter: 3300; ema_loss: 0.104169
2020-02-11 22:46:41,571 - INFO - Iter: 3400; ema_loss: 0.097634
2020-02-11 22:46:43,663 - INFO - Iter: 3500; ema_loss: 0.104990
2020-02-11 22:46:45,858 - INFO - Iter: 3600; ema_loss: 0.108630
2020-02-11 22:46:48,033 - INFO - Iter: 3700; ema_loss: 0.109938
2020-02-11 22:46:50,177 - INFO - Iter: 3800; ema_loss: 0.106367
2020-02-11 22:46:52,545 - INFO - Iter: 3900; ema_loss: 0.108233
2020-02-11 22:46:54,632 - INFO - Iter: 4000; ema_loss: 0.094682
2020-02-11 22:46:56,973 - INFO - Iter: 4100; ema_loss: 0.096431
2020-02-11 22:46:59,251 - INFO - Iter: 4200; ema_loss: 0.092875
2020-02-11 22:47:01,252 - INFO - Iter: 4300; ema_loss: 0.101597
2020-02-11 22:47:03,404 - INFO - Iter: 4400; ema_loss: 0.104933
2020-02-11 22:47:05,463 - INFO - Iter: 4500; ema_loss: 0.107598
2020-02-11 22:47:07,493 - INFO - Iter: 4600; ema_loss: 0.099946
2020-02-11 22:47:09,700 - INFO - Iter: 4700; ema_loss: 0.105545
2020-02-11 22:47:11,916 - INFO - Iter: 4800; ema_loss: 0.103954
2020-02-11 22:47:13,934 - INFO - Iter: 4900; ema_loss: 0.098892
2020-02-11 22:47:16,219 - INFO - Iter: 5000; ema_loss: 0.093870
2020-02-11 22:47:17,644 - INFO - 1-chain val AUC: 0.981336 val perc 98.299537; iteration: 5000
2020-02-11 22:47:19,215 - INFO - 2-inter val AUC: 0.748019 val perc 70.581967; iteration: 5000
2020-02-11 22:47:20,744 - INFO - Hard-2-inter val AUC: 0.491965 val perc 46.546982; iteration: 5000
2020-02-11 22:47:21,629 - INFO - 2-chain val AUC: 0.803131 val perc 83.965909; iteration: 5000
2020-02-11 22:47:23,136 - INFO - 3-chain val AUC: 0.748026 val perc 77.613861; iteration: 5000
2020-02-11 22:47:25,531 - INFO - 3-chain_inter val AUC: 0.743628 val perc 69.959596; iteration: 5000
2020-02-11 22:47:27,795 - INFO - Hard-3-chain_inter val AUC: 0.598394 val perc 59.345829; iteration: 5000
2020-02-11 22:47:29,772 - INFO - 3-inter_chain val AUC: 0.766182 val perc 79.776596; iteration: 5000
2020-02-11 22:47:31,784 - INFO - Hard-3-inter_chain val AUC: 0.510506 val perc 49.859437; iteration: 5000
2020-02-11 22:47:34,040 - INFO - 3-inter val AUC: 0.773166 val perc 74.947368; iteration: 5000
2020-02-11 22:47:36,253 - INFO - Hard-3-inter val AUC: 0.499705 val perc 51.511352; iteration: 5000
2020-02-11 22:47:38,291 - INFO - Iter: 5100; ema_loss: 0.095725
2020-02-11 22:47:40,528 - INFO - Iter: 5200; ema_loss: 0.105722
2020-02-11 22:47:42,565 - INFO - Iter: 5300; ema_loss: 0.101327
2020-02-11 22:47:44,257 - INFO - Iter: 5400; ema_loss: 0.093845
2020-02-11 22:47:45,989 - INFO - Iter: 5500; ema_loss: 0.097443
2020-02-11 22:47:47,668 - INFO - Iter: 5600; ema_loss: 0.107152
2020-02-11 22:47:49,397 - INFO - Iter: 5700; ema_loss: 0.109974
2020-02-11 22:47:51,258 - INFO - Iter: 5800; ema_loss: 0.097465
2020-02-11 22:47:53,038 - INFO - Iter: 5900; ema_loss: 0.108130
2020-02-11 22:47:54,732 - INFO - Iter: 6000; ema_loss: 0.099736
2020-02-11 22:47:56,609 - INFO - Iter: 6100; ema_loss: 0.101436
2020-02-11 22:47:58,767 - INFO - Iter: 6200; ema_loss: 0.091858
2020-02-11 22:48:01,107 - INFO - Iter: 6300; ema_loss: 0.093103
2020-02-11 22:48:03,170 - INFO - Iter: 6400; ema_loss: 0.097729
2020-02-11 22:48:05,364 - INFO - Iter: 6500; ema_loss: 0.097023
2020-02-11 22:48:07,704 - INFO - Iter: 6600; ema_loss: 0.104327
2020-02-11 22:48:09,824 - INFO - Iter: 6700; ema_loss: 0.101006
2020-02-11 22:48:11,911 - INFO - Iter: 6800; ema_loss: 0.100889
2020-02-11 22:48:14,139 - INFO - Iter: 6900; ema_loss: 0.095134
2020-02-11 22:48:16,152 - INFO - Iter: 7000; ema_loss: 0.090472
2020-02-11 22:48:18,117 - INFO - Iter: 7100; ema_loss: 0.093625
2020-02-11 22:48:20,083 - INFO - Iter: 7200; ema_loss: 0.101808
2020-02-11 22:48:22,320 - INFO - Iter: 7300; ema_loss: 0.107106
2020-02-11 22:48:24,473 - INFO - Iter: 7400; ema_loss: 0.106333
2020-02-11 22:48:26,598 - INFO - Iter: 7500; ema_loss: 0.106702
2020-02-11 22:48:28,920 - INFO - Iter: 7600; ema_loss: 0.106161
2020-02-11 22:48:30,944 - INFO - Iter: 7700; ema_loss: 0.105021
2020-02-11 22:48:33,073 - INFO - Iter: 7800; ema_loss: 0.105526
2020-02-11 22:48:35,334 - INFO - Iter: 7900; ema_loss: 0.098130
2020-02-11 22:48:37,494 - INFO - Iter: 8000; ema_loss: 0.105037
2020-02-11 22:48:39,653 - INFO - Iter: 8100; ema_loss: 0.098342
2020-02-11 22:48:41,604 - INFO - Iter: 8200; ema_loss: 0.100041
2020-02-11 22:48:43,485 - INFO - Iter: 8300; ema_loss: 0.097223
2020-02-11 22:48:45,542 - INFO - Iter: 8400; ema_loss: 0.103765
2020-02-11 22:48:47,630 - INFO - Iter: 8500; ema_loss: 0.109858
2020-02-11 22:48:49,805 - INFO - Iter: 8600; ema_loss: 0.100608
2020-02-11 22:48:52,261 - INFO - Iter: 8700; ema_loss: 0.097064
2020-02-11 22:48:54,756 - INFO - Iter: 8800; ema_loss: 0.103800
2020-02-11 22:48:56,879 - INFO - Iter: 8900; ema_loss: 0.102453
2020-02-11 22:48:59,377 - INFO - Iter: 9000; ema_loss: 0.091527
2020-02-11 22:49:01,456 - INFO - Iter: 9100; ema_loss: 0.097613
2020-02-11 22:49:03,509 - INFO - Iter: 9200; ema_loss: 0.099278
2020-02-11 22:49:05,904 - INFO - Iter: 9300; ema_loss: 0.100258
2020-02-11 22:49:08,065 - INFO - Iter: 9400; ema_loss: 0.101270
2020-02-11 22:49:09,945 - INFO - Iter: 9500; ema_loss: 0.098157
2020-02-11 22:49:12,260 - INFO - Iter: 9600; ema_loss: 0.103533
2020-02-11 22:49:14,217 - INFO - Iter: 9700; ema_loss: 0.106433
2020-02-11 22:49:16,498 - INFO - Iter: 9800; ema_loss: 0.100363
2020-02-11 22:49:18,555 - INFO - Iter: 9900; ema_loss: 0.094585
2020-02-11 22:49:20,676 - INFO - Iter: 10000; ema_loss: 0.093667
2020-02-11 22:49:22,152 - INFO - 1-chain val AUC: 0.981246 val perc 98.315117; iteration: 10000
2020-02-11 22:49:23,712 - INFO - 2-inter val AUC: 0.750479 val perc 72.860656; iteration: 10000
2020-02-11 22:49:25,241 - INFO - Hard-2-inter val AUC: 0.490621 val perc 49.469728; iteration: 10000
2020-02-11 22:49:26,006 - INFO - 2-chain val AUC: 0.797636 val perc 83.647727; iteration: 10000
2020-02-11 22:49:27,404 - INFO - 3-chain val AUC: 0.761613 val perc 79.118812; iteration: 10000
2020-02-11 22:49:29,781 - INFO - 3-chain_inter val AUC: 0.741741 val perc 70.818182; iteration: 10000
2020-02-11 22:49:32,163 - INFO - Hard-3-chain_inter val AUC: 0.599789 val perc 59.959982; iteration: 10000
2020-02-11 22:49:34,550 - INFO - 3-inter_chain val AUC: 0.770977 val perc 78.276596; iteration: 10000
2020-02-11 22:49:36,716 - INFO - Hard-3-inter_chain val AUC: 0.506958 val perc 49.766792; iteration: 10000
2020-02-11 22:49:39,374 - INFO - 3-inter val AUC: 0.775245 val perc 75.157895; iteration: 10000
2020-02-11 22:49:42,069 - INFO - Hard-3-inter val AUC: 0.493759 val perc 52.376819; iteration: 10000
2020-02-11 22:49:44,253 - INFO - Iter: 10100; ema_loss: 0.101926
2020-02-11 22:49:46,362 - INFO - Iter: 10200; ema_loss: 0.101066
2020-02-11 22:49:48,744 - INFO - Iter: 10300; ema_loss: 0.098538
2020-02-11 22:49:50,914 - INFO - Iter: 10400; ema_loss: 0.093315
2020-02-11 22:49:53,277 - INFO - Iter: 10500; ema_loss: 0.091024
2020-02-11 22:49:55,382 - INFO - Iter: 10600; ema_loss: 0.107597
2020-02-11 22:49:57,877 - INFO - Iter: 10700; ema_loss: 0.102431
2020-02-11 22:50:00,009 - INFO - Iter: 10800; ema_loss: 0.099524
2020-02-11 22:50:02,288 - INFO - Iter: 10900; ema_loss: 0.096419
2020-02-11 22:50:04,690 - INFO - Iter: 11000; ema_loss: 0.102053
2020-02-11 22:50:06,895 - INFO - Iter: 11100; ema_loss: 0.112990
2020-02-11 22:50:08,929 - INFO - Iter: 11200; ema_loss: 0.100467
2020-02-11 22:50:11,281 - INFO - Iter: 11300; ema_loss: 0.101590
2020-02-11 22:50:13,312 - INFO - Iter: 11400; ema_loss: 0.113066
2020-02-11 22:50:15,613 - INFO - Iter: 11500; ema_loss: 0.100556
2020-02-11 22:50:17,746 - INFO - Iter: 11600; ema_loss: 0.093611
2020-02-11 22:50:19,661 - INFO - Iter: 11700; ema_loss: 0.099832
2020-02-11 22:50:21,838 - INFO - Iter: 11800; ema_loss: 0.099543
2020-02-11 22:50:24,047 - INFO - Iter: 11900; ema_loss: 0.115367
2020-02-11 22:50:26,289 - INFO - Iter: 12000; ema_loss: 0.093270
2020-02-11 22:50:28,745 - INFO - Iter: 12100; ema_loss: 0.093881
2020-02-11 22:50:30,811 - INFO - Iter: 12200; ema_loss: 0.106518
2020-02-11 22:50:33,060 - INFO - Iter: 12300; ema_loss: 0.102708
2020-02-11 22:50:35,375 - INFO - Iter: 12400; ema_loss: 0.110398
2020-02-11 22:50:37,438 - INFO - Iter: 12500; ema_loss: 0.102900
2020-02-11 22:50:39,564 - INFO - Iter: 12600; ema_loss: 0.100488
2020-02-11 22:50:41,725 - INFO - Iter: 12700; ema_loss: 0.089445
2020-02-11 22:50:43,868 - INFO - Iter: 12800; ema_loss: 0.096615
2020-02-11 22:50:46,215 - INFO - Iter: 12900; ema_loss: 0.106408
2020-02-11 22:50:48,460 - INFO - Iter: 13000; ema_loss: 0.102527
2020-02-11 22:50:50,587 - INFO - Iter: 13100; ema_loss: 0.103232
2020-02-11 22:50:52,819 - INFO - Iter: 13200; ema_loss: 0.098033
2020-02-11 22:50:55,037 - INFO - Iter: 13300; ema_loss: 0.097070
2020-02-11 22:50:57,401 - INFO - Iter: 13400; ema_loss: 0.098680
2020-02-11 22:50:59,814 - INFO - Iter: 13500; ema_loss: 0.097729
2020-02-11 22:51:02,133 - INFO - Iter: 13600; ema_loss: 0.093497
2020-02-11 22:51:04,275 - INFO - Iter: 13700; ema_loss: 0.086259
2020-02-11 22:51:06,340 - INFO - Iter: 13800; ema_loss: 0.090102
2020-02-11 22:51:08,575 - INFO - Iter: 13900; ema_loss: 0.111231
2020-02-11 22:51:10,882 - INFO - Iter: 14000; ema_loss: 0.109489
2020-02-11 22:51:13,068 - INFO - Iter: 14100; ema_loss: 0.110362
2020-02-11 22:51:15,389 - INFO - Iter: 14200; ema_loss: 0.104022
2020-02-11 22:51:17,788 - INFO - Iter: 14300; ema_loss: 0.103082
2020-02-11 22:51:20,073 - INFO - Iter: 14400; ema_loss: 0.096565
2020-02-11 22:51:22,542 - INFO - Iter: 14500; ema_loss: 0.102068
2020-02-11 22:51:24,761 - INFO - Iter: 14600; ema_loss: 0.111006
2020-02-11 22:51:26,956 - INFO - Iter: 14700; ema_loss: 0.109227
2020-02-11 22:51:29,161 - INFO - Iter: 14800; ema_loss: 0.111475
2020-02-11 22:51:31,082 - INFO - Iter: 14900; ema_loss: 0.107312
2020-02-11 22:51:33,131 - INFO - Iter: 15000; ema_loss: 0.106278
2020-02-11 22:51:34,495 - INFO - 1-chain val AUC: 0.981385 val perc 98.330453; iteration: 15000
2020-02-11 22:51:35,768 - INFO - 2-inter val AUC: 0.753491 val perc 74.090164; iteration: 15000
2020-02-11 22:51:37,042 - INFO - Hard-2-inter val AUC: 0.491353 val perc 51.261006; iteration: 15000
2020-02-11 22:51:37,822 - INFO - 2-chain val AUC: 0.800512 val perc 83.988636; iteration: 15000
2020-02-11 22:51:39,114 - INFO - 3-chain val AUC: 0.755767 val perc 78.801980; iteration: 15000
2020-02-11 22:51:41,063 - INFO - 3-chain_inter val AUC: 0.740656 val perc 69.797980; iteration: 15000
2020-02-11 22:51:43,040 - INFO - Hard-3-chain_inter val AUC: 0.595772 val perc 60.179098; iteration: 15000
2020-02-11 22:51:45,036 - INFO - 3-inter_chain val AUC: 0.762908 val perc 79.202128; iteration: 15000
2020-02-11 22:51:47,018 - INFO - Hard-3-inter_chain val AUC: 0.501709 val perc 49.446838; iteration: 15000
2020-02-11 22:51:49,228 - INFO - 3-inter val AUC: 0.775168 val perc 74.136842; iteration: 15000
2020-02-11 22:51:51,419 - INFO - Hard-3-inter val AUC: 0.495924 val perc 49.278729; iteration: 15000
2020-02-11 22:51:53,316 - INFO - Iter: 15100; ema_loss: 0.101351
2020-02-11 22:51:55,079 - INFO - Iter: 15200; ema_loss: 0.104680
2020-02-11 22:51:56,789 - INFO - Iter: 15300; ema_loss: 0.105213
2020-02-11 22:51:58,530 - INFO - Iter: 15400; ema_loss: 0.101125
2020-02-11 22:52:00,218 - INFO - Iter: 15500; ema_loss: 0.104105
2020-02-11 22:52:02,504 - INFO - Iter: 15600; ema_loss: 0.098314
2020-02-11 22:52:04,847 - INFO - Iter: 15700; ema_loss: 0.107963
2020-02-11 22:52:07,299 - INFO - Iter: 15800; ema_loss: 0.104937
2020-02-11 22:52:09,466 - INFO - Iter: 15900; ema_loss: 0.093286
2020-02-11 22:52:11,204 - INFO - Iter: 16000; ema_loss: 0.100638
2020-02-11 22:52:13,066 - INFO - Iter: 16100; ema_loss: 0.104344
2020-02-11 22:52:14,953 - INFO - Iter: 16200; ema_loss: 0.099426
2020-02-11 22:52:16,845 - INFO - Iter: 16300; ema_loss: 0.102625
2020-02-11 22:52:18,678 - INFO - Iter: 16400; ema_loss: 0.102120
2020-02-11 22:52:20,711 - INFO - Iter: 16500; ema_loss: 0.099271
2020-02-11 22:52:22,612 - INFO - Iter: 16600; ema_loss: 0.103410
2020-02-11 22:52:24,381 - INFO - Iter: 16700; ema_loss: 0.103256
2020-02-11 22:52:26,271 - INFO - Iter: 16800; ema_loss: 0.108919
2020-02-11 22:52:28,216 - INFO - Iter: 16900; ema_loss: 0.102491
2020-02-11 22:52:30,185 - INFO - Iter: 17000; ema_loss: 0.103116
2020-02-11 22:52:32,471 - INFO - Iter: 17100; ema_loss: 0.099541
2020-02-11 22:52:34,354 - INFO - Iter: 17200; ema_loss: 0.096269
2020-02-11 22:52:36,370 - INFO - Iter: 17300; ema_loss: 0.107181
2020-02-11 22:52:38,398 - INFO - Iter: 17400; ema_loss: 0.102680
2020-02-11 22:52:40,325 - INFO - Iter: 17500; ema_loss: 0.099233
2020-02-11 22:52:42,116 - INFO - Iter: 17600; ema_loss: 0.102266
2020-02-11 22:52:44,029 - INFO - Iter: 17700; ema_loss: 0.103448
2020-02-11 22:52:45,818 - INFO - Iter: 17800; ema_loss: 0.091171
2020-02-11 22:52:47,849 - INFO - Iter: 17900; ema_loss: 0.095755
2020-02-11 22:52:49,769 - INFO - Iter: 18000; ema_loss: 0.098110
2020-02-11 22:52:51,535 - INFO - Iter: 18100; ema_loss: 0.105961
2020-02-11 22:52:53,535 - INFO - Iter: 18200; ema_loss: 0.104112
2020-02-11 22:52:55,757 - INFO - Iter: 18300; ema_loss: 0.101201
2020-02-11 22:52:57,967 - INFO - Iter: 18400; ema_loss: 0.100246
2020-02-11 22:53:00,213 - INFO - Iter: 18500; ema_loss: 0.094180
2020-02-11 22:53:02,533 - INFO - Iter: 18600; ema_loss: 0.095590
2020-02-11 22:53:04,624 - INFO - Iter: 18700; ema_loss: 0.099839
2020-02-11 22:53:06,273 - INFO - Iter: 18800; ema_loss: 0.101486
2020-02-11 22:53:07,925 - INFO - Iter: 18900; ema_loss: 0.105887
2020-02-11 22:53:09,733 - INFO - Iter: 19000; ema_loss: 0.098465
2020-02-11 22:53:11,986 - INFO - Iter: 19100; ema_loss: 0.098405
2020-02-11 22:53:14,357 - INFO - Iter: 19200; ema_loss: 0.108108
2020-02-11 22:53:16,561 - INFO - Iter: 19300; ema_loss: 0.106298
2020-02-11 22:53:18,868 - INFO - Iter: 19400; ema_loss: 0.111701
2020-02-11 22:53:21,227 - INFO - Iter: 19500; ema_loss: 0.103434
2020-02-11 22:53:23,455 - INFO - Iter: 19600; ema_loss: 0.106788
2020-02-11 22:53:25,671 - INFO - Iter: 19700; ema_loss: 0.103073
2020-02-11 22:53:27,847 - INFO - Iter: 19800; ema_loss: 0.102494
2020-02-11 22:53:30,012 - INFO - Iter: 19900; ema_loss: 0.111748
2020-02-11 22:53:32,287 - INFO - Iter: 20000; ema_loss: 0.105207
2020-02-11 22:53:33,835 - INFO - 1-chain val AUC: 0.981385 val perc 98.326436; iteration: 20000
2020-02-11 22:53:35,401 - INFO - 2-inter val AUC: 0.758436 val perc 73.827869; iteration: 20000
2020-02-11 22:53:36,933 - INFO - Hard-2-inter val AUC: 0.495098 val perc 49.892961; iteration: 20000
2020-02-11 22:53:37,845 - INFO - 2-chain val AUC: 0.804253 val perc 83.931818; iteration: 20000
2020-02-11 22:53:39,350 - INFO - 3-chain val AUC: 0.756922 val perc 78.891089; iteration: 20000
2020-02-11 22:53:41,706 - INFO - 3-chain_inter val AUC: 0.732931 val perc 69.989899; iteration: 20000
2020-02-11 22:53:44,096 - INFO - Hard-3-chain_inter val AUC: 0.599812 val perc 59.229662; iteration: 20000
2020-02-11 22:53:46,477 - INFO - 3-inter_chain val AUC: 0.771228 val perc 79.436170; iteration: 20000
2020-02-11 22:53:48,879 - INFO - Hard-3-inter_chain val AUC: 0.509292 val perc 47.852176; iteration: 20000
2020-02-11 22:53:51,606 - INFO - 3-inter val AUC: 0.765094 val perc 75.221053; iteration: 20000
2020-02-11 22:53:54,283 - INFO - Hard-3-inter val AUC: 0.498949 val perc 48.830270; iteration: 20000
2020-02-11 22:53:56,536 - INFO - Iter: 20100; ema_loss: 0.106682
2020-02-11 22:53:58,899 - INFO - Iter: 20200; ema_loss: 0.102504
2020-02-11 22:54:00,792 - INFO - Iter: 20300; ema_loss: 0.106439
2020-02-11 22:54:02,618 - INFO - Iter: 20400; ema_loss: 0.103696
2020-02-11 22:54:04,414 - INFO - Iter: 20500; ema_loss: 0.101957
2020-02-11 22:54:06,197 - INFO - Iter: 20600; ema_loss: 0.108675
2020-02-11 22:54:08,020 - INFO - Iter: 20700; ema_loss: 0.109469
2020-02-11 22:54:09,844 - INFO - Iter: 20800; ema_loss: 0.110006
2020-02-11 22:54:11,727 - INFO - Iter: 20900; ema_loss: 0.098098
2020-02-11 22:54:13,562 - INFO - Iter: 21000; ema_loss: 0.095799
2020-02-11 22:54:15,245 - INFO - Iter: 21100; ema_loss: 0.093205
2020-02-11 22:54:16,998 - INFO - Iter: 21200; ema_loss: 0.097205
2020-02-11 22:54:18,881 - INFO - Iter: 21300; ema_loss: 0.101574
2020-02-11 22:54:21,096 - INFO - Iter: 21400; ema_loss: 0.102724
2020-02-11 22:54:23,245 - INFO - Iter: 21500; ema_loss: 0.101830
2020-02-11 22:54:25,331 - INFO - Iter: 21600; ema_loss: 0.095812
2020-02-11 22:54:27,565 - INFO - Iter: 21700; ema_loss: 0.106761
2020-02-11 22:54:29,809 - INFO - Iter: 21800; ema_loss: 0.102537
2020-02-11 22:54:32,039 - INFO - Iter: 21900; ema_loss: 0.107288
2020-02-11 22:54:34,211 - INFO - Iter: 22000; ema_loss: 0.103449
2020-02-11 22:54:36,488 - INFO - Iter: 22100; ema_loss: 0.088085
2020-02-11 22:54:38,771 - INFO - Iter: 22200; ema_loss: 0.105203
2020-02-11 22:54:40,950 - INFO - Iter: 22300; ema_loss: 0.103362
2020-02-11 22:54:43,250 - INFO - Iter: 22400; ema_loss: 0.097232
2020-02-11 22:54:45,433 - INFO - Iter: 22500; ema_loss: 0.105467
2020-02-11 22:54:47,609 - INFO - Iter: 22600; ema_loss: 0.107414
2020-02-11 22:54:49,667 - INFO - Iter: 22700; ema_loss: 0.103298
2020-02-11 22:54:52,114 - INFO - Iter: 22800; ema_loss: 0.093877
2020-02-11 22:54:54,326 - INFO - Iter: 22900; ema_loss: 0.100457
2020-02-11 22:54:56,750 - INFO - Iter: 23000; ema_loss: 0.093862
2020-02-11 22:54:58,896 - INFO - Iter: 23100; ema_loss: 0.102299
2020-02-11 22:55:01,217 - INFO - Iter: 23200; ema_loss: 0.105396
2020-02-11 22:55:03,354 - INFO - Iter: 23300; ema_loss: 0.103532
2020-02-11 22:55:05,094 - INFO - Iter: 23400; ema_loss: 0.102116
2020-02-11 22:55:06,838 - INFO - Iter: 23500; ema_loss: 0.100470
2020-02-11 22:55:08,565 - INFO - Iter: 23600; ema_loss: 0.100973
2020-02-11 22:55:10,429 - INFO - Iter: 23700; ema_loss: 0.103083
2020-02-11 22:55:12,641 - INFO - Iter: 23800; ema_loss: 0.096799
2020-02-11 22:55:14,886 - INFO - Iter: 23900; ema_loss: 0.107097
2020-02-11 22:55:17,108 - INFO - Iter: 24000; ema_loss: 0.110962
2020-02-11 22:55:19,330 - INFO - Iter: 24100; ema_loss: 0.110728
2020-02-11 22:55:21,620 - INFO - Iter: 24200; ema_loss: 0.102495
2020-02-11 22:55:23,905 - INFO - Iter: 24300; ema_loss: 0.099827
2020-02-11 22:55:26,066 - INFO - Iter: 24400; ema_loss: 0.112433
2020-02-11 22:55:28,408 - INFO - Iter: 24500; ema_loss: 0.097795
2020-02-11 22:55:30,585 - INFO - Iter: 24600; ema_loss: 0.097322
2020-02-11 22:55:32,958 - INFO - Iter: 24700; ema_loss: 0.096720
2020-02-11 22:55:35,251 - INFO - Iter: 24800; ema_loss: 0.100589
2020-02-11 22:55:37,655 - INFO - Iter: 24900; ema_loss: 0.101542
2020-02-11 22:55:39,763 - INFO - Iter: 25000; ema_loss: 0.106288
2020-02-11 22:55:41,123 - INFO - 1-chain val AUC: 0.981496 val perc 98.289435; iteration: 25000
2020-02-11 22:55:42,428 - INFO - 2-inter val AUC: 0.757905 val perc 76.254098; iteration: 25000
2020-02-11 22:55:43,704 - INFO - Hard-2-inter val AUC: 0.492979 val perc 51.600620; iteration: 25000
2020-02-11 22:55:44,473 - INFO - 2-chain val AUC: 0.807970 val perc 83.704545; iteration: 25000
2020-02-11 22:55:45,757 - INFO - 3-chain val AUC: 0.766354 val perc 79.702970; iteration: 25000
2020-02-11 22:55:47,733 - INFO - 3-chain_inter val AUC: 0.740152 val perc 69.737374; iteration: 25000
2020-02-11 22:55:50,231 - INFO - Hard-3-chain_inter val AUC: 0.606991 val perc 59.719441; iteration: 25000
2020-02-11 22:55:52,639 - INFO - 3-inter_chain val AUC: 0.770318 val perc 77.755319; iteration: 25000
2020-02-11 22:55:55,034 - INFO - Hard-3-inter_chain val AUC: 0.513300 val perc 47.066889; iteration: 25000
2020-02-11 22:55:57,752 - INFO - 3-inter val AUC: 0.774123 val perc 74.652632; iteration: 25000
2020-02-11 22:56:00,465 - INFO - Hard-3-inter val AUC: 0.503523 val perc 50.023229; iteration: 25000
2020-02-11 22:56:02,692 - INFO - Iter: 25100; ema_loss: 0.104179
2020-02-11 22:56:04,926 - INFO - Iter: 25200; ema_loss: 0.099224
2020-02-11 22:56:07,230 - INFO - Iter: 25300; ema_loss: 0.111775
2020-02-11 22:56:09,581 - INFO - Iter: 25400; ema_loss: 0.102560
2020-02-11 22:56:11,714 - INFO - Iter: 25500; ema_loss: 0.103679
2020-02-11 22:56:13,927 - INFO - Iter: 25600; ema_loss: 0.101058
2020-02-11 22:56:16,230 - INFO - Iter: 25700; ema_loss: 0.101193
2020-02-11 22:56:18,529 - INFO - Iter: 25800; ema_loss: 0.108446
2020-02-11 22:56:20,930 - INFO - Iter: 25900; ema_loss: 0.110333
2020-02-11 22:56:23,057 - INFO - Iter: 26000; ema_loss: 0.113782
2020-02-11 22:56:25,361 - INFO - Iter: 26100; ema_loss: 0.104093
2020-02-11 22:56:27,781 - INFO - Iter: 26200; ema_loss: 0.102755
2020-02-11 22:56:30,213 - INFO - Iter: 26300; ema_loss: 0.104994
2020-02-11 22:56:32,121 - INFO - Iter: 26400; ema_loss: 0.103779
2020-02-11 22:56:34,309 - INFO - Iter: 26500; ema_loss: 0.096551
2020-02-11 22:56:36,478 - INFO - Iter: 26600; ema_loss: 0.103870
2020-02-11 22:56:38,844 - INFO - Iter: 26700; ema_loss: 0.103019
2020-02-11 22:56:41,238 - INFO - Iter: 26800; ema_loss: 0.098136
2020-02-11 22:56:43,460 - INFO - Iter: 26900; ema_loss: 0.086403
2020-02-11 22:56:45,798 - INFO - Iter: 27000; ema_loss: 0.099645
2020-02-11 22:56:48,094 - INFO - Iter: 27100; ema_loss: 0.097148
2020-02-11 22:56:50,337 - INFO - Iter: 27200; ema_loss: 0.107092
2020-02-11 22:56:52,672 - INFO - Iter: 27300; ema_loss: 0.109190
2020-02-11 22:56:55,164 - INFO - Iter: 27400; ema_loss: 0.107515
2020-02-11 22:56:57,315 - INFO - Iter: 27500; ema_loss: 0.100769
2020-02-11 22:56:59,576 - INFO - Iter: 27600; ema_loss: 0.099463
2020-02-11 22:57:01,713 - INFO - Iter: 27700; ema_loss: 0.100530
2020-02-11 22:57:04,022 - INFO - Iter: 27800; ema_loss: 0.093791
2020-02-11 22:57:06,216 - INFO - Iter: 27900; ema_loss: 0.100914
2020-02-11 22:57:08,480 - INFO - Iter: 28000; ema_loss: 0.104378
2020-02-11 22:57:10,775 - INFO - Iter: 28100; ema_loss: 0.110635
2020-02-11 22:57:13,038 - INFO - Iter: 28200; ema_loss: 0.105563
2020-02-11 22:57:15,421 - INFO - Iter: 28300; ema_loss: 0.106667
2020-02-11 22:57:17,615 - INFO - Iter: 28400; ema_loss: 0.107147
2020-02-11 22:57:19,877 - INFO - Iter: 28500; ema_loss: 0.110771
2020-02-11 22:57:22,251 - INFO - Iter: 28600; ema_loss: 0.109562
2020-02-11 22:57:24,350 - INFO - Iter: 28700; ema_loss: 0.105907
2020-02-11 22:57:26,694 - INFO - Iter: 28800; ema_loss: 0.105856
2020-02-11 22:57:28,547 - INFO - Iter: 28900; ema_loss: 0.102726
2020-02-11 22:57:30,417 - INFO - Iter: 29000; ema_loss: 0.097870
2020-02-11 22:57:32,242 - INFO - Iter: 29100; ema_loss: 0.105835
2020-02-11 22:57:34,101 - INFO - Iter: 29200; ema_loss: 0.103545
2020-02-11 22:57:36,136 - INFO - Iter: 29300; ema_loss: 0.112249
2020-02-11 22:57:38,055 - INFO - Iter: 29400; ema_loss: 0.107462
2020-02-11 22:57:39,914 - INFO - Iter: 29500; ema_loss: 0.109950
2020-02-11 22:57:41,774 - INFO - Iter: 29600; ema_loss: 0.102369
2020-02-11 22:57:43,987 - INFO - Iter: 29700; ema_loss: 0.098350
2020-02-11 22:57:46,333 - INFO - Iter: 29800; ema_loss: 0.092012
2020-02-11 22:57:48,579 - INFO - Iter: 29900; ema_loss: 0.091764
2020-02-11 22:57:50,849 - INFO - Iter: 30000; ema_loss: 0.098470
2020-02-11 22:57:52,369 - INFO - 1-chain val AUC: 0.981267 val perc 98.306719; iteration: 30000
2020-02-11 22:57:53,933 - INFO - 2-inter val AUC: 0.750031 val perc 76.909836; iteration: 30000
2020-02-11 22:57:55,450 - INFO - Hard-2-inter val AUC: 0.487501 val perc 50.879215; iteration: 30000
2020-02-11 22:57:56,348 - INFO - 2-chain val AUC: 0.799527 val perc 83.602273; iteration: 30000
2020-02-11 22:57:57,848 - INFO - 3-chain val AUC: 0.762119 val perc 79.504950; iteration: 30000
2020-02-11 22:57:59,922 - INFO - 3-chain_inter val AUC: 0.734397 val perc 68.898990; iteration: 30000
2020-02-11 22:58:01,888 - INFO - Hard-3-chain_inter val AUC: 0.595380 val perc 61.417088; iteration: 30000
2020-02-11 22:58:03,876 - INFO - 3-inter_chain val AUC: 0.762764 val perc 79.840426; iteration: 30000
2020-02-11 22:58:05,865 - INFO - Hard-3-inter_chain val AUC: 0.509142 val perc 49.608360; iteration: 30000
2020-02-11 22:58:08,050 - INFO - 3-inter val AUC: 0.772815 val perc 75.505263; iteration: 30000
2020-02-11 22:58:10,217 - INFO - Hard-3-inter val AUC: 0.497970 val perc 50.738314; iteration: 30000
2020-02-11 22:58:10,224 - INFO - Edge converged at iteration 30000
2020-02-11 22:58:10,224 - INFO - Testing at edge conv...
2020-02-11 22:58:22,899 - INFO - 1-chain val AUC: 0.981333 val perc 98.323380; iteration: 30001
2020-02-11 22:58:26,249 - INFO - 2-inter val AUC: 0.749405 val perc 74.518408; iteration: 30001
2020-02-11 22:58:29,494 - INFO - Hard-2-inter val AUC: 0.498578 val perc 48.895058; iteration: 30001
2020-02-11 22:58:32,066 - INFO - 2-chain val AUC: 0.825047 val perc 85.466189; iteration: 30001
2020-02-11 22:58:42,019 - INFO - 3-chain val AUC: 0.758487 val perc 75.975855; iteration: 30001
2020-02-11 22:58:59,123 - INFO - 3-chain_inter val AUC: 0.747840 val perc 72.800793; iteration: 30001
2020-02-11 22:59:16,193 - INFO - Hard-3-chain_inter val AUC: 0.598807 val perc 62.187267; iteration: 30001
2020-02-11 22:59:31,413 - INFO - 3-inter_chain val AUC: 0.781587 val perc 75.275393; iteration: 30001
2020-02-11 22:59:47,202 - INFO - Hard-3-inter_chain val AUC: 0.511339 val perc 50.503364; iteration: 30001
2020-02-11 23:00:05,662 - INFO - 3-inter val AUC: 0.749989 val perc 76.258656; iteration: 30001
2020-02-11 23:00:23,760 - INFO - Hard-3-inter val AUC: 0.493936 val perc 49.856072; iteration: 30001
2020-02-11 23:00:35,777 - INFO - 1-chain val AUC: 0.981333 val perc 98.323380; iteration: 30001
2020-02-11 23:00:39,966 - INFO - 2-inter val AUC: 0.749405 val perc 74.518408; iteration: 30001
2020-02-11 23:00:44,071 - INFO - Hard-2-inter val AUC: 0.498578 val perc 48.895058; iteration: 30001
2020-02-11 23:00:46,612 - INFO - 2-chain val AUC: 0.825047 val perc 85.466189; iteration: 30001
2020-02-11 23:00:56,563 - INFO - 3-chain val AUC: 0.758487 val perc 75.975855; iteration: 30001
2020-02-11 23:01:13,824 - INFO - 3-chain_inter val AUC: 0.747840 val perc 72.800793; iteration: 30001
2020-02-11 23:01:30,456 - INFO - Hard-3-chain_inter val AUC: 0.598807 val perc 62.187267; iteration: 30001
2020-02-11 23:01:46,078 - INFO - 3-inter_chain val AUC: 0.781587 val perc 75.275393; iteration: 30001
2020-02-11 23:02:01,942 - INFO - Hard-3-inter_chain val AUC: 0.511339 val perc 50.503364; iteration: 30001
2020-02-11 23:02:20,156 - INFO - 3-inter val AUC: 0.749989 val perc 76.258656; iteration: 30001
2020-02-11 23:02:37,883 - INFO - Hard-3-inter val AUC: 0.493936 val perc 49.856072; iteration: 30001
2020-02-11 23:02:37,884 - INFO - Test macro-averaged val: 0.699668
2020-02-11 23:02:37,884 - INFO - Improvement from edge conv: 0.000000
