2020-02-12 15:22:04,069 - INFO - Iter: 0; ema_loss: 0.275849
2020-02-12 15:22:05,250 - INFO - Iter: 100; ema_loss: 0.166866
2020-02-12 15:22:06,670 - INFO - Iter: 200; ema_loss: 0.128090
2020-02-12 15:22:07,971 - INFO - Iter: 300; ema_loss: 0.112240
2020-02-12 15:22:09,324 - INFO - Iter: 400; ema_loss: 0.098216
2020-02-12 15:22:10,703 - INFO - Iter: 500; ema_loss: 0.105805
2020-02-12 15:22:12,298 - INFO - Iter: 600; ema_loss: 0.100952
2020-02-12 15:22:14,447 - INFO - Iter: 700; ema_loss: 0.101430
2020-02-12 15:22:16,340 - INFO - Iter: 800; ema_loss: 0.101006
2020-02-12 15:22:18,423 - INFO - Iter: 900; ema_loss: 0.101314
2020-02-12 15:22:20,585 - INFO - Iter: 1000; ema_loss: 0.094935
2020-02-12 15:22:22,166 - INFO - Iter: 1100; ema_loss: 0.100834
2020-02-12 15:22:23,864 - INFO - Iter: 1200; ema_loss: 0.101942
2020-02-12 15:22:25,795 - INFO - Iter: 1300; ema_loss: 0.102425
2020-02-12 15:22:27,575 - INFO - Iter: 1400; ema_loss: 0.102015
2020-02-12 15:22:29,146 - INFO - Iter: 1500; ema_loss: 0.103291
2020-02-12 15:22:30,847 - INFO - Iter: 1600; ema_loss: 0.102078
2020-02-12 15:22:32,409 - INFO - Iter: 1700; ema_loss: 0.100968
2020-02-12 15:22:33,946 - INFO - Iter: 1800; ema_loss: 0.103437
2020-02-12 15:22:35,500 - INFO - Iter: 1900; ema_loss: 0.100927
2020-02-12 15:22:37,077 - INFO - Iter: 2000; ema_loss: 0.099567
2020-02-12 15:22:38,635 - INFO - Iter: 2100; ema_loss: 0.100410
2020-02-12 15:22:40,171 - INFO - Iter: 2200; ema_loss: 0.095701
2020-02-12 15:22:41,719 - INFO - Iter: 2300; ema_loss: 0.102693
2020-02-12 15:22:43,452 - INFO - Iter: 2400; ema_loss: 0.108313
2020-02-12 15:22:44,947 - INFO - Iter: 2500; ema_loss: 0.110013
2020-02-12 15:22:46,649 - INFO - Iter: 2600; ema_loss: 0.096102
2020-02-12 15:22:48,171 - INFO - Iter: 2700; ema_loss: 0.103171
2020-02-12 15:22:49,650 - INFO - Iter: 2800; ema_loss: 0.105553
2020-02-12 15:22:51,147 - INFO - Iter: 2900; ema_loss: 0.102193
2020-02-12 15:22:53,058 - INFO - Iter: 3000; ema_loss: 0.107695
2020-02-12 15:22:54,994 - INFO - Iter: 3100; ema_loss: 0.095105
2020-02-12 15:22:56,591 - INFO - Iter: 3200; ema_loss: 0.101664
2020-02-12 15:22:58,170 - INFO - Iter: 3300; ema_loss: 0.106159
2020-02-12 15:22:59,744 - INFO - Iter: 3400; ema_loss: 0.112097
2020-02-12 15:23:01,443 - INFO - Iter: 3500; ema_loss: 0.100350
2020-02-12 15:23:02,986 - INFO - Iter: 3600; ema_loss: 0.108318
2020-02-12 15:23:04,581 - INFO - Iter: 3700; ema_loss: 0.106095
2020-02-12 15:23:06,190 - INFO - Iter: 3800; ema_loss: 0.103713
2020-02-12 15:23:08,228 - INFO - Iter: 3900; ema_loss: 0.098906
2020-02-12 15:23:10,163 - INFO - Iter: 4000; ema_loss: 0.101619
2020-02-12 15:23:12,067 - INFO - Iter: 4100; ema_loss: 0.106792
2020-02-12 15:23:14,002 - INFO - Iter: 4200; ema_loss: 0.104693
2020-02-12 15:23:15,921 - INFO - Iter: 4300; ema_loss: 0.100647
2020-02-12 15:23:17,824 - INFO - Iter: 4400; ema_loss: 0.098552
2020-02-12 15:23:19,734 - INFO - Iter: 4500; ema_loss: 0.097778
2020-02-12 15:23:21,738 - INFO - Iter: 4600; ema_loss: 0.104923
2020-02-12 15:23:23,384 - INFO - Iter: 4700; ema_loss: 0.096532
2020-02-12 15:23:24,972 - INFO - Iter: 4800; ema_loss: 0.096778
2020-02-12 15:23:26,562 - INFO - Iter: 4900; ema_loss: 0.103493
2020-02-12 15:23:28,077 - INFO - Iter: 5000; ema_loss: 0.101715
2020-02-12 15:23:29,192 - INFO - 1-chain val AUC: 0.981291 val perc 98.279090; iteration: 5000
2020-02-12 15:23:30,266 - INFO - 2-inter val AUC: 0.744938 val perc 72.696721; iteration: 5000
2020-02-12 15:23:31,329 - INFO - Hard-2-inter val AUC: 0.501637 val perc 51.670691; iteration: 5000
2020-02-12 15:23:31,964 - INFO - 2-chain val AUC: 0.812274 val perc 84.909091; iteration: 5000
2020-02-12 15:23:33,022 - INFO - 3-chain val AUC: 0.785395 val perc 82.643564; iteration: 5000
2020-02-12 15:23:34,683 - INFO - 3-chain_inter val AUC: 0.722851 val perc 68.929293; iteration: 5000
2020-02-12 15:23:36,338 - INFO - Hard-3-chain_inter val AUC: 0.561692 val perc 58.723828; iteration: 5000
2020-02-12 15:23:38,013 - INFO - 3-inter_chain val AUC: 0.761450 val perc 77.531915; iteration: 5000
2020-02-12 15:23:39,732 - INFO - Hard-3-inter_chain val AUC: 0.522617 val perc 51.968969; iteration: 5000
2020-02-12 15:23:41,615 - INFO - 3-inter val AUC: 0.758768 val perc 73.084211; iteration: 5000
2020-02-12 15:23:43,480 - INFO - Hard-3-inter val AUC: 0.495490 val perc 53.043781; iteration: 5000
2020-02-12 15:23:45,227 - INFO - Iter: 5100; ema_loss: 0.096496
2020-02-12 15:23:47,049 - INFO - Iter: 5200; ema_loss: 0.097337
2020-02-12 15:23:49,206 - INFO - Iter: 5300; ema_loss: 0.103191
2020-02-12 15:23:50,783 - INFO - Iter: 5400; ema_loss: 0.100499
2020-02-12 15:23:52,285 - INFO - Iter: 5500; ema_loss: 0.110510
2020-02-12 15:23:54,027 - INFO - Iter: 5600; ema_loss: 0.110916
2020-02-12 15:23:55,598 - INFO - Iter: 5700; ema_loss: 0.109899
2020-02-12 15:23:57,149 - INFO - Iter: 5800; ema_loss: 0.102351
2020-02-12 15:23:58,706 - INFO - Iter: 5900; ema_loss: 0.105403
2020-02-12 15:24:00,234 - INFO - Iter: 6000; ema_loss: 0.104749
2020-02-12 15:24:01,756 - INFO - Iter: 6100; ema_loss: 0.105560
2020-02-12 15:24:03,262 - INFO - Iter: 6200; ema_loss: 0.099817
2020-02-12 15:24:04,784 - INFO - Iter: 6300; ema_loss: 0.102237
2020-02-12 15:24:06,466 - INFO - Iter: 6400; ema_loss: 0.106740
2020-02-12 15:24:07,973 - INFO - Iter: 6500; ema_loss: 0.109366
2020-02-12 15:24:09,472 - INFO - Iter: 6600; ema_loss: 0.104987
2020-02-12 15:24:10,992 - INFO - Iter: 6700; ema_loss: 0.095324
2020-02-12 15:24:12,454 - INFO - Iter: 6800; ema_loss: 0.102548
2020-02-12 15:24:13,947 - INFO - Iter: 6900; ema_loss: 0.102986
2020-02-12 15:24:15,405 - INFO - Iter: 7000; ema_loss: 0.100759
2020-02-12 15:24:16,861 - INFO - Iter: 7100; ema_loss: 0.092078
2020-02-12 15:24:18,328 - INFO - Iter: 7200; ema_loss: 0.096082
2020-02-12 15:24:19,787 - INFO - Iter: 7300; ema_loss: 0.098735
2020-02-12 15:24:21,268 - INFO - Iter: 7400; ema_loss: 0.099201
2020-02-12 15:24:22,754 - INFO - Iter: 7500; ema_loss: 0.096830
2020-02-12 15:24:24,204 - INFO - Iter: 7600; ema_loss: 0.102997
2020-02-12 15:24:25,684 - INFO - Iter: 7700; ema_loss: 0.107844
2020-02-12 15:24:27,159 - INFO - Iter: 7800; ema_loss: 0.104467
2020-02-12 15:24:28,616 - INFO - Iter: 7900; ema_loss: 0.093626
2020-02-12 15:24:30,123 - INFO - Iter: 8000; ema_loss: 0.101668
2020-02-12 15:24:31,957 - INFO - Iter: 8100; ema_loss: 0.099830
2020-02-12 15:24:33,719 - INFO - Iter: 8200; ema_loss: 0.098924
2020-02-12 15:24:35,742 - INFO - Iter: 8300; ema_loss: 0.098718
2020-02-12 15:24:37,267 - INFO - Iter: 8400; ema_loss: 0.107831
2020-02-12 15:24:38,789 - INFO - Iter: 8500; ema_loss: 0.106727
2020-02-12 15:24:40,328 - INFO - Iter: 8600; ema_loss: 0.104452
2020-02-12 15:24:41,870 - INFO - Iter: 8700; ema_loss: 0.097913
2020-02-12 15:24:43,442 - INFO - Iter: 8800; ema_loss: 0.093615
2020-02-12 15:24:44,906 - INFO - Iter: 8900; ema_loss: 0.098572
2020-02-12 15:24:46,461 - INFO - Iter: 9000; ema_loss: 0.106248
2020-02-12 15:24:48,018 - INFO - Iter: 9100; ema_loss: 0.091720
2020-02-12 15:24:49,789 - INFO - Iter: 9200; ema_loss: 0.098273
2020-02-12 15:24:51,553 - INFO - Iter: 9300; ema_loss: 0.102694
2020-02-12 15:24:53,121 - INFO - Iter: 9400; ema_loss: 0.101315
2020-02-12 15:24:54,705 - INFO - Iter: 9500; ema_loss: 0.104897
2020-02-12 15:24:56,229 - INFO - Iter: 9600; ema_loss: 0.092334
2020-02-12 15:24:57,762 - INFO - Iter: 9700; ema_loss: 0.095721
2020-02-12 15:24:59,282 - INFO - Iter: 9800; ema_loss: 0.099525
2020-02-12 15:25:00,815 - INFO - Iter: 9900; ema_loss: 0.102560
2020-02-12 15:25:02,358 - INFO - Iter: 10000; ema_loss: 0.102489
2020-02-12 15:25:03,438 - INFO - 1-chain val AUC: 0.981411 val perc 98.263875; iteration: 10000
2020-02-12 15:25:04,628 - INFO - 2-inter val AUC: 0.753988 val perc 73.049180; iteration: 10000
2020-02-12 15:25:05,692 - INFO - Hard-2-inter val AUC: 0.497260 val perc 48.423263; iteration: 10000
2020-02-12 15:25:06,328 - INFO - 2-chain val AUC: 0.800904 val perc 84.147727; iteration: 10000
2020-02-12 15:25:07,380 - INFO - 3-chain val AUC: 0.778622 val perc 80.564356; iteration: 10000
2020-02-12 15:25:09,039 - INFO - 3-chain_inter val AUC: 0.727041 val perc 69.050505; iteration: 10000
2020-02-12 15:25:10,703 - INFO - Hard-3-chain_inter val AUC: 0.573480 val perc 57.763672; iteration: 10000
2020-02-12 15:25:12,373 - INFO - 3-inter_chain val AUC: 0.766879 val perc 77.148936; iteration: 10000
2020-02-12 15:25:14,045 - INFO - Hard-3-inter_chain val AUC: 0.518296 val perc 51.226037; iteration: 10000
2020-02-12 15:25:15,916 - INFO - 3-inter val AUC: 0.758400 val perc 74.610526; iteration: 10000
2020-02-12 15:25:17,786 - INFO - Hard-3-inter val AUC: 0.491010 val perc 53.700927; iteration: 10000
2020-02-12 15:25:19,316 - INFO - Iter: 10100; ema_loss: 0.101826
2020-02-12 15:25:20,849 - INFO - Iter: 10200; ema_loss: 0.095315
2020-02-12 15:25:22,348 - INFO - Iter: 10300; ema_loss: 0.102803
2020-02-12 15:25:23,881 - INFO - Iter: 10400; ema_loss: 0.096512
2020-02-12 15:25:25,415 - INFO - Iter: 10500; ema_loss: 0.101834
2020-02-12 15:25:26,940 - INFO - Iter: 10600; ema_loss: 0.090625
2020-02-12 15:25:28,479 - INFO - Iter: 10700; ema_loss: 0.093703
2020-02-12 15:25:30,012 - INFO - Iter: 10800; ema_loss: 0.101653
2020-02-12 15:25:31,561 - INFO - Iter: 10900; ema_loss: 0.097674
2020-02-12 15:25:33,115 - INFO - Iter: 11000; ema_loss: 0.109712
2020-02-12 15:25:34,681 - INFO - Iter: 11100; ema_loss: 0.091930
2020-02-12 15:25:36,258 - INFO - Iter: 11200; ema_loss: 0.097069
2020-02-12 15:25:37,816 - INFO - Iter: 11300; ema_loss: 0.095659
2020-02-12 15:25:39,398 - INFO - Iter: 11400; ema_loss: 0.096212
2020-02-12 15:25:40,969 - INFO - Iter: 11500; ema_loss: 0.105654
2020-02-12 15:25:42,508 - INFO - Iter: 11600; ema_loss: 0.104964
2020-02-12 15:25:44,067 - INFO - Iter: 11700; ema_loss: 0.110584
2020-02-12 15:25:45,643 - INFO - Iter: 11800; ema_loss: 0.106493
2020-02-12 15:25:47,239 - INFO - Iter: 11900; ema_loss: 0.098832
2020-02-12 15:25:48,859 - INFO - Iter: 12000; ema_loss: 0.096075
2020-02-12 15:25:50,423 - INFO - Iter: 12100; ema_loss: 0.098489
2020-02-12 15:25:51,978 - INFO - Iter: 12200; ema_loss: 0.105001
2020-02-12 15:25:53,520 - INFO - Iter: 12300; ema_loss: 0.096996
2020-02-12 15:25:55,070 - INFO - Iter: 12400; ema_loss: 0.097441
2020-02-12 15:25:56,598 - INFO - Iter: 12500; ema_loss: 0.096481
2020-02-12 15:25:58,095 - INFO - Iter: 12600; ema_loss: 0.103662
2020-02-12 15:25:59,608 - INFO - Iter: 12700; ema_loss: 0.098434
2020-02-12 15:26:01,116 - INFO - Iter: 12800; ema_loss: 0.093729
2020-02-12 15:26:02,629 - INFO - Iter: 12900; ema_loss: 0.097472
2020-02-12 15:26:04,148 - INFO - Iter: 13000; ema_loss: 0.100424
2020-02-12 15:26:05,668 - INFO - Iter: 13100; ema_loss: 0.102550
2020-02-12 15:26:07,193 - INFO - Iter: 13200; ema_loss: 0.095412
2020-02-12 15:26:08,711 - INFO - Iter: 13300; ema_loss: 0.100177
2020-02-12 15:26:10,234 - INFO - Iter: 13400; ema_loss: 0.101366
2020-02-12 15:26:11,745 - INFO - Iter: 13500; ema_loss: 0.107076
2020-02-12 15:26:13,235 - INFO - Iter: 13600; ema_loss: 0.103431
2020-02-12 15:26:14,744 - INFO - Iter: 13700; ema_loss: 0.100932
2020-02-12 15:26:16,271 - INFO - Iter: 13800; ema_loss: 0.102227
2020-02-12 15:26:17,786 - INFO - Iter: 13900; ema_loss: 0.098263
2020-02-12 15:26:19,307 - INFO - Iter: 14000; ema_loss: 0.103582
2020-02-12 15:26:20,861 - INFO - Iter: 14100; ema_loss: 0.095376
2020-02-12 15:26:22,404 - INFO - Iter: 14200; ema_loss: 0.102971
2020-02-12 15:26:23,966 - INFO - Iter: 14300; ema_loss: 0.104602
2020-02-12 15:26:25,493 - INFO - Iter: 14400; ema_loss: 0.108670
2020-02-12 15:26:27,132 - INFO - Iter: 14500; ema_loss: 0.102582
2020-02-12 15:26:29,028 - INFO - Iter: 14600; ema_loss: 0.103525
2020-02-12 15:26:30,993 - INFO - Iter: 14700; ema_loss: 0.100272
2020-02-12 15:26:32,514 - INFO - Iter: 14800; ema_loss: 0.099214
2020-02-12 15:26:34,029 - INFO - Iter: 14900; ema_loss: 0.107046
2020-02-12 15:26:35,538 - INFO - Iter: 15000; ema_loss: 0.115531
2020-02-12 15:26:36,620 - INFO - 1-chain val AUC: 0.981479 val perc 98.268135; iteration: 15000
2020-02-12 15:26:37,690 - INFO - 2-inter val AUC: 0.758761 val perc 72.934426; iteration: 15000
2020-02-12 15:26:38,754 - INFO - Hard-2-inter val AUC: 0.495800 val perc 51.849254; iteration: 15000
2020-02-12 15:26:39,393 - INFO - 2-chain val AUC: 0.804459 val perc 83.136364; iteration: 15000
2020-02-12 15:26:40,451 - INFO - 3-chain val AUC: 0.786179 val perc 79.603960; iteration: 15000
2020-02-12 15:26:42,109 - INFO - 3-chain_inter val AUC: 0.718329 val perc 66.575758; iteration: 15000
2020-02-12 15:26:43,760 - INFO - Hard-3-chain_inter val AUC: 0.566039 val perc 58.024060; iteration: 15000
2020-02-12 15:26:45,429 - INFO - 3-inter_chain val AUC: 0.765198 val perc 77.521277; iteration: 15000
2020-02-12 15:26:47,103 - INFO - Hard-3-inter_chain val AUC: 0.518912 val perc 48.810765; iteration: 15000
2020-02-12 15:26:48,970 - INFO - 3-inter val AUC: 0.762639 val perc 74.410526; iteration: 15000
2020-02-12 15:26:50,835 - INFO - Hard-3-inter val AUC: 0.494497 val perc 53.080279; iteration: 15000
2020-02-12 15:26:52,430 - INFO - Iter: 15100; ema_loss: 0.105163
2020-02-12 15:26:53,997 - INFO - Iter: 15200; ema_loss: 0.093324
2020-02-12 15:26:55,539 - INFO - Iter: 15300; ema_loss: 0.097391
2020-02-12 15:26:57,073 - INFO - Iter: 15400; ema_loss: 0.103089
2020-02-12 15:26:58,607 - INFO - Iter: 15500; ema_loss: 0.099532
2020-02-12 15:27:00,203 - INFO - Iter: 15600; ema_loss: 0.102223
2020-02-12 15:27:02,143 - INFO - Iter: 15700; ema_loss: 0.104517
2020-02-12 15:27:04,116 - INFO - Iter: 15800; ema_loss: 0.092158
2020-02-12 15:27:05,632 - INFO - Iter: 15900; ema_loss: 0.107262
2020-02-12 15:27:07,130 - INFO - Iter: 16000; ema_loss: 0.097422
2020-02-12 15:27:08,632 - INFO - Iter: 16100; ema_loss: 0.097078
2020-02-12 15:27:10,133 - INFO - Iter: 16200; ema_loss: 0.105711
2020-02-12 15:27:11,611 - INFO - Iter: 16300; ema_loss: 0.105584
2020-02-12 15:27:13,098 - INFO - Iter: 16400; ema_loss: 0.099530
2020-02-12 15:27:14,585 - INFO - Iter: 16500; ema_loss: 0.101810
2020-02-12 15:27:16,098 - INFO - Iter: 16600; ema_loss: 0.095168
2020-02-12 15:27:17,614 - INFO - Iter: 16700; ema_loss: 0.094328
2020-02-12 15:27:19,111 - INFO - Iter: 16800; ema_loss: 0.096940
2020-02-12 15:27:20,625 - INFO - Iter: 16900; ema_loss: 0.104452
2020-02-12 15:27:22,299 - INFO - Iter: 17000; ema_loss: 0.104891
2020-02-12 15:27:24,248 - INFO - Iter: 17100; ema_loss: 0.100168
2020-02-12 15:27:26,498 - INFO - Iter: 17200; ema_loss: 0.112673
2020-02-12 15:27:28,150 - INFO - Iter: 17300; ema_loss: 0.103208
2020-02-12 15:27:30,149 - INFO - Iter: 17400; ema_loss: 0.099217
2020-02-12 15:27:32,389 - INFO - Iter: 17500; ema_loss: 0.103895
2020-02-12 15:27:33,994 - INFO - Iter: 17600; ema_loss: 0.110913
2020-02-12 15:27:35,488 - INFO - Iter: 17700; ema_loss: 0.095894
2020-02-12 15:27:36,962 - INFO - Iter: 17800; ema_loss: 0.102019
2020-02-12 15:27:38,452 - INFO - Iter: 17900; ema_loss: 0.097353
2020-02-12 15:27:40,159 - INFO - Iter: 18000; ema_loss: 0.101532
2020-02-12 15:27:41,792 - INFO - Iter: 18100; ema_loss: 0.097776
2020-02-12 15:27:43,342 - INFO - Iter: 18200; ema_loss: 0.098384
2020-02-12 15:27:45,087 - INFO - Iter: 18300; ema_loss: 0.106367
2020-02-12 15:27:46,681 - INFO - Iter: 18400; ema_loss: 0.114507
2020-02-12 15:27:48,279 - INFO - Iter: 18500; ema_loss: 0.102695
2020-02-12 15:27:49,891 - INFO - Iter: 18600; ema_loss: 0.100530
2020-02-12 15:27:51,495 - INFO - Iter: 18700; ema_loss: 0.103568
2020-02-12 15:27:53,077 - INFO - Iter: 18800; ema_loss: 0.097451
2020-02-12 15:27:54,663 - INFO - Iter: 18900; ema_loss: 0.098574
2020-02-12 15:27:56,431 - INFO - Iter: 19000; ema_loss: 0.090148
2020-02-12 15:27:58,059 - INFO - Iter: 19100; ema_loss: 0.095306
2020-02-12 15:27:59,670 - INFO - Iter: 19200; ema_loss: 0.109027
2020-02-12 15:28:01,485 - INFO - Iter: 19300; ema_loss: 0.105607
2020-02-12 15:28:03,077 - INFO - Iter: 19400; ema_loss: 0.102006
2020-02-12 15:28:04,598 - INFO - Iter: 19500; ema_loss: 0.104596
2020-02-12 15:28:06,121 - INFO - Iter: 19600; ema_loss: 0.099011
2020-02-12 15:28:07,608 - INFO - Iter: 19700; ema_loss: 0.098056
2020-02-12 15:28:09,495 - INFO - Iter: 19800; ema_loss: 0.097058
2020-02-12 15:28:11,629 - INFO - Iter: 19900; ema_loss: 0.097553
2020-02-12 15:28:13,616 - INFO - Iter: 20000; ema_loss: 0.098297
2020-02-12 15:28:14,778 - INFO - 1-chain val AUC: 0.981253 val perc 98.252921; iteration: 20000
2020-02-12 15:28:15,886 - INFO - 2-inter val AUC: 0.749156 val perc 73.770492; iteration: 20000
2020-02-12 15:28:17,123 - INFO - Hard-2-inter val AUC: 0.500437 val perc 54.735649; iteration: 20000
2020-02-12 15:28:17,870 - INFO - 2-chain val AUC: 0.814799 val perc 83.772727; iteration: 20000
2020-02-12 15:28:19,108 - INFO - 3-chain val AUC: 0.780104 val perc 79.950495; iteration: 20000
2020-02-12 15:28:21,032 - INFO - 3-chain_inter val AUC: 0.719354 val perc 68.969697; iteration: 20000
2020-02-12 15:28:22,967 - INFO - Hard-3-chain_inter val AUC: 0.572763 val perc 57.473546; iteration: 20000
2020-02-12 15:28:24,866 - INFO - 3-inter_chain val AUC: 0.762774 val perc 75.872340; iteration: 20000
2020-02-12 15:28:26,535 - INFO - Hard-3-inter_chain val AUC: 0.517654 val perc 47.297296; iteration: 20000
2020-02-12 15:28:28,409 - INFO - 3-inter val AUC: 0.753694 val perc 74.789474; iteration: 20000
2020-02-12 15:28:30,285 - INFO - Hard-3-inter val AUC: 0.489046 val perc 52.733885; iteration: 20000
2020-02-12 15:28:31,690 - INFO - Iter: 20100; ema_loss: 0.091949
2020-02-12 15:28:33,088 - INFO - Iter: 20200; ema_loss: 0.102542
2020-02-12 15:28:34,589 - INFO - Iter: 20300; ema_loss: 0.103622
2020-02-12 15:28:36,300 - INFO - Iter: 20400; ema_loss: 0.093660
2020-02-12 15:28:37,758 - INFO - Iter: 20500; ema_loss: 0.094720
2020-02-12 15:28:39,198 - INFO - Iter: 20600; ema_loss: 0.100274
2020-02-12 15:28:40,636 - INFO - Iter: 20700; ema_loss: 0.096854
2020-02-12 15:28:42,069 - INFO - Iter: 20800; ema_loss: 0.103267
2020-02-12 15:28:43,508 - INFO - Iter: 20900; ema_loss: 0.101169
2020-02-12 15:28:44,943 - INFO - Iter: 21000; ema_loss: 0.103619
2020-02-12 15:28:46,375 - INFO - Iter: 21100; ema_loss: 0.101001
2020-02-12 15:28:47,805 - INFO - Iter: 21200; ema_loss: 0.100755
2020-02-12 15:28:49,245 - INFO - Iter: 21300; ema_loss: 0.106178
2020-02-12 15:28:50,683 - INFO - Iter: 21400; ema_loss: 0.103986
2020-02-12 15:28:52,140 - INFO - Iter: 21500; ema_loss: 0.103665
2020-02-12 15:28:53,565 - INFO - Iter: 21600; ema_loss: 0.098596
2020-02-12 15:28:54,986 - INFO - Iter: 21700; ema_loss: 0.099953
2020-02-12 15:28:56,458 - INFO - Iter: 21800; ema_loss: 0.098801
2020-02-12 15:28:57,891 - INFO - Iter: 21900; ema_loss: 0.092766
2020-02-12 15:28:59,312 - INFO - Iter: 22000; ema_loss: 0.102516
2020-02-12 15:29:00,743 - INFO - Iter: 22100; ema_loss: 0.098506
2020-02-12 15:29:02,231 - INFO - Iter: 22200; ema_loss: 0.104043
2020-02-12 15:29:03,779 - INFO - Iter: 22300; ema_loss: 0.105479
2020-02-12 15:29:05,215 - INFO - Iter: 22400; ema_loss: 0.099094
2020-02-12 15:29:06,633 - INFO - Iter: 22500; ema_loss: 0.095644
2020-02-12 15:29:08,134 - INFO - Iter: 22600; ema_loss: 0.101668
2020-02-12 15:29:09,957 - INFO - Iter: 22700; ema_loss: 0.103304
2020-02-12 15:29:11,784 - INFO - Iter: 22800; ema_loss: 0.098454
2020-02-12 15:29:13,513 - INFO - Iter: 22900; ema_loss: 0.098020
2020-02-12 15:29:15,225 - INFO - Iter: 23000; ema_loss: 0.098045
2020-02-12 15:29:16,847 - INFO - Iter: 23100; ema_loss: 0.097631
2020-02-12 15:29:18,610 - INFO - Iter: 23200; ema_loss: 0.091284
2020-02-12 15:29:20,398 - INFO - Iter: 23300; ema_loss: 0.099559
2020-02-12 15:29:22,057 - INFO - Iter: 23400; ema_loss: 0.089982
2020-02-12 15:29:23,863 - INFO - Iter: 23500; ema_loss: 0.102776
2020-02-12 15:29:25,462 - INFO - Iter: 23600; ema_loss: 0.102360
2020-02-12 15:29:27,048 - INFO - Iter: 23700; ema_loss: 0.105607
2020-02-12 15:29:28,745 - INFO - Iter: 23800; ema_loss: 0.106973
2020-02-12 15:29:30,267 - INFO - Iter: 23900; ema_loss: 0.097659
2020-02-12 15:29:31,799 - INFO - Iter: 24000; ema_loss: 0.105839
2020-02-12 15:29:33,352 - INFO - Iter: 24100; ema_loss: 0.097295
2020-02-12 15:29:34,911 - INFO - Iter: 24200; ema_loss: 0.102019
2020-02-12 15:29:36,455 - INFO - Iter: 24300; ema_loss: 0.097428
2020-02-12 15:29:38,002 - INFO - Iter: 24400; ema_loss: 0.099569
2020-02-12 15:29:39,586 - INFO - Iter: 24500; ema_loss: 0.101347
2020-02-12 15:29:41,160 - INFO - Iter: 24600; ema_loss: 0.101847
2020-02-12 15:29:42,710 - INFO - Iter: 24700; ema_loss: 0.103920
2020-02-12 15:29:44,395 - INFO - Iter: 24800; ema_loss: 0.098122
2020-02-12 15:29:46,166 - INFO - Iter: 24900; ema_loss: 0.100159
2020-02-12 15:29:47,706 - INFO - Iter: 25000; ema_loss: 0.106167
2020-02-12 15:29:48,799 - INFO - 1-chain val AUC: 0.981432 val perc 98.278968; iteration: 25000
2020-02-12 15:29:49,873 - INFO - 2-inter val AUC: 0.747819 val perc 72.377049; iteration: 25000
2020-02-12 15:29:50,938 - INFO - Hard-2-inter val AUC: 0.499360 val perc 50.539479; iteration: 25000
2020-02-12 15:29:51,574 - INFO - 2-chain val AUC: 0.816217 val perc 83.750000; iteration: 25000
2020-02-12 15:29:52,631 - INFO - 3-chain val AUC: 0.804488 val perc 79.504950; iteration: 25000
2020-02-12 15:29:54,295 - INFO - 3-chain_inter val AUC: 0.714065 val perc 70.797980; iteration: 25000
2020-02-12 15:29:55,967 - INFO - Hard-3-chain_inter val AUC: 0.569219 val perc 58.652432; iteration: 25000
2020-02-12 15:29:57,641 - INFO - 3-inter_chain val AUC: 0.758903 val perc 76.989362; iteration: 25000
2020-02-12 15:29:59,311 - INFO - Hard-3-inter_chain val AUC: 0.518294 val perc 50.127809; iteration: 25000
2020-02-12 15:30:01,206 - INFO - 3-inter val AUC: 0.757322 val perc 73.389474; iteration: 25000
2020-02-12 15:30:03,084 - INFO - Hard-3-inter val AUC: 0.493253 val perc 50.474168; iteration: 25000
2020-02-12 15:30:03,090 - INFO - Edge converged at iteration 25000
2020-02-12 15:30:03,090 - INFO - Testing at edge conv...
2020-02-12 15:30:13,341 - INFO - 1-chain val AUC: 0.981275 val perc 98.315534; iteration: 25001
2020-02-12 15:30:17,396 - INFO - 2-inter val AUC: 0.753924 val perc 74.986070; iteration: 25001
2020-02-12 15:30:21,318 - INFO - Hard-2-inter val AUC: 0.503053 val perc 50.769654; iteration: 25001
2020-02-12 15:30:23,619 - INFO - 2-chain val AUC: 0.840590 val perc 85.308402; iteration: 25001
2020-02-12 15:30:31,804 - INFO - 3-chain val AUC: 0.795016 val perc 78.180080; iteration: 25001
2020-02-12 15:30:46,158 - INFO - 3-chain_inter val AUC: 0.712738 val perc 72.399405; iteration: 25001
2020-02-12 15:31:00,501 - INFO - Hard-3-chain_inter val AUC: 0.563156 val perc 56.961926; iteration: 25001
2020-02-12 15:31:14,869 - INFO - 3-inter_chain val AUC: 0.744002 val perc 72.856545; iteration: 25001
2020-02-12 15:31:29,466 - INFO - Hard-3-inter_chain val AUC: 0.506543 val perc 49.815392; iteration: 25001
2020-02-12 15:31:44,941 - INFO - 3-inter val AUC: 0.753943 val perc 74.596741; iteration: 25001
2020-02-12 15:32:00,271 - INFO - Hard-3-inter val AUC: 0.505301 val perc 48.472006; iteration: 25001
2020-02-12 15:32:09,748 - INFO - 1-chain val AUC: 0.981275 val perc 98.315534; iteration: 25001
2020-02-12 15:32:13,150 - INFO - 2-inter val AUC: 0.753924 val perc 74.986070; iteration: 25001
2020-02-12 15:32:16,508 - INFO - Hard-2-inter val AUC: 0.503053 val perc 50.769654; iteration: 25001
2020-02-12 15:32:18,553 - INFO - 2-chain val AUC: 0.840590 val perc 85.308402; iteration: 25001
2020-02-12 15:32:26,802 - INFO - 3-chain val AUC: 0.795016 val perc 78.180080; iteration: 25001
2020-02-12 15:32:41,189 - INFO - 3-chain_inter val AUC: 0.712738 val perc 72.399405; iteration: 25001
2020-02-12 15:32:55,526 - INFO - Hard-3-chain_inter val AUC: 0.563156 val perc 56.961926; iteration: 25001
2020-02-12 15:33:08,794 - INFO - 3-inter_chain val AUC: 0.744002 val perc 72.856545; iteration: 25001
2020-02-12 15:33:22,064 - INFO - Hard-3-inter_chain val AUC: 0.506543 val perc 49.815392; iteration: 25001
2020-02-12 15:33:37,401 - INFO - 3-inter val AUC: 0.753943 val perc 74.596741; iteration: 25001
2020-02-12 15:33:53,076 - INFO - Hard-3-inter val AUC: 0.505301 val perc 48.472006; iteration: 25001
2020-02-12 15:33:53,076 - INFO - Test macro-averaged val: 0.696322
2020-02-12 15:33:53,077 - INFO - Improvement from edge conv: 0.000000
