2020-02-11 22:17:07,109 - INFO - Iter: 0; ema_loss: 0.014839
2020-02-11 22:17:08,615 - INFO - Iter: 100; ema_loss: 0.073514
2020-02-11 22:17:10,215 - INFO - Iter: 200; ema_loss: 0.090738
2020-02-11 22:17:12,103 - INFO - Iter: 300; ema_loss: 0.102438
2020-02-11 22:17:14,200 - INFO - Iter: 400; ema_loss: 0.101511
2020-02-11 22:17:16,022 - INFO - Iter: 500; ema_loss: 0.090523
2020-02-11 22:17:18,131 - INFO - Iter: 600; ema_loss: 0.097162
2020-02-11 22:17:20,257 - INFO - Iter: 700; ema_loss: 0.103458
2020-02-11 22:17:22,235 - INFO - Iter: 800; ema_loss: 0.096782
2020-02-11 22:17:24,320 - INFO - Iter: 900; ema_loss: 0.109193
2020-02-11 22:17:26,381 - INFO - Iter: 1000; ema_loss: 0.112576
2020-02-11 22:17:28,400 - INFO - Iter: 1100; ema_loss: 0.103113
2020-02-11 22:17:30,605 - INFO - Iter: 1200; ema_loss: 0.092628
2020-02-11 22:17:32,911 - INFO - Iter: 1300; ema_loss: 0.096718
2020-02-11 22:17:34,945 - INFO - Iter: 1400; ema_loss: 0.099699
2020-02-11 22:17:37,131 - INFO - Iter: 1500; ema_loss: 0.106681
2020-02-11 22:17:39,420 - INFO - Iter: 1600; ema_loss: 0.098362
2020-02-11 22:17:41,789 - INFO - Iter: 1700; ema_loss: 0.101621
2020-02-11 22:17:44,019 - INFO - Iter: 1800; ema_loss: 0.094057
2020-02-11 22:17:46,340 - INFO - Iter: 1900; ema_loss: 0.089891
2020-02-11 22:17:48,563 - INFO - Iter: 2000; ema_loss: 0.099770
2020-02-11 22:17:50,795 - INFO - Iter: 2100; ema_loss: 0.103979
2020-02-11 22:17:52,855 - INFO - Iter: 2200; ema_loss: 0.105680
2020-02-11 22:17:54,948 - INFO - Iter: 2300; ema_loss: 0.102355
2020-02-11 22:17:57,280 - INFO - Iter: 2400; ema_loss: 0.097346
2020-02-11 22:17:59,407 - INFO - Iter: 2500; ema_loss: 0.094278
2020-02-11 22:18:01,253 - INFO - Iter: 2600; ema_loss: 0.103624
2020-02-11 22:18:03,088 - INFO - Iter: 2700; ema_loss: 0.103023
2020-02-11 22:18:04,892 - INFO - Iter: 2800; ema_loss: 0.104354
2020-02-11 22:18:06,726 - INFO - Iter: 2900; ema_loss: 0.096136
2020-02-11 22:18:08,773 - INFO - Iter: 3000; ema_loss: 0.108777
2020-02-11 22:18:11,031 - INFO - Iter: 3100; ema_loss: 0.107554
2020-02-11 22:18:13,153 - INFO - Iter: 3200; ema_loss: 0.098790
2020-02-11 22:18:15,537 - INFO - Iter: 3300; ema_loss: 0.101932
2020-02-11 22:18:17,995 - INFO - Iter: 3400; ema_loss: 0.114859
2020-02-11 22:18:20,320 - INFO - Iter: 3500; ema_loss: 0.103863
2020-02-11 22:18:22,355 - INFO - Iter: 3600; ema_loss: 0.101418
2020-02-11 22:18:24,750 - INFO - Iter: 3700; ema_loss: 0.104295
2020-02-11 22:18:27,127 - INFO - Iter: 3800; ema_loss: 0.101950
2020-02-11 22:18:29,529 - INFO - Iter: 3900; ema_loss: 0.106190
2020-02-11 22:18:31,968 - INFO - Iter: 4000; ema_loss: 0.108464
2020-02-11 22:18:34,224 - INFO - Iter: 4100; ema_loss: 0.112149
2020-02-11 22:18:36,616 - INFO - Iter: 4200; ema_loss: 0.113595
2020-02-11 22:18:38,745 - INFO - Iter: 4300; ema_loss: 0.107274
2020-02-11 22:18:40,887 - INFO - Iter: 4400; ema_loss: 0.109090
2020-02-11 22:18:43,102 - INFO - Iter: 4500; ema_loss: 0.109546
2020-02-11 22:18:45,412 - INFO - Iter: 4600; ema_loss: 0.108395
2020-02-11 22:18:47,519 - INFO - Iter: 4700; ema_loss: 0.104927
2020-02-11 22:18:49,870 - INFO - Iter: 4800; ema_loss: 0.116286
2020-02-11 22:18:52,020 - INFO - Iter: 4900; ema_loss: 0.108591
2020-02-11 22:18:54,324 - INFO - Iter: 5000; ema_loss: 0.104113
2020-02-11 22:18:55,921 - INFO - 1-chain val AUC: 0.981080 val perc 98.249391; iteration: 5000
2020-02-11 22:18:57,511 - INFO - 2-inter val AUC: 0.761099 val perc 75.754098; iteration: 5000
2020-02-11 22:18:59,028 - INFO - Hard-2-inter val AUC: 0.488368 val perc 46.664385; iteration: 5000
2020-02-11 22:18:59,909 - INFO - 2-chain val AUC: 0.812813 val perc 83.988636; iteration: 5000
2020-02-11 22:19:01,377 - INFO - 3-chain val AUC: 0.747412 val perc 79.613861; iteration: 5000
2020-02-11 22:19:03,742 - INFO - 3-chain_inter val AUC: 0.766847 val perc 69.353535; iteration: 5000
2020-02-11 22:19:06,105 - INFO - Hard-3-chain_inter val AUC: 0.603866 val perc 59.859886; iteration: 5000
2020-02-11 22:19:08,489 - INFO - 3-inter_chain val AUC: 0.781314 val perc 78.255319; iteration: 5000
2020-02-11 22:19:10,861 - INFO - Hard-3-inter_chain val AUC: 0.510455 val perc 48.456851; iteration: 5000
2020-02-11 22:19:13,490 - INFO - 3-inter val AUC: 0.770849 val perc 75.652632; iteration: 5000
2020-02-11 22:19:16,196 - INFO - Hard-3-inter val AUC: 0.498378 val perc 47.352299; iteration: 5000
2020-02-11 22:19:18,661 - INFO - Iter: 5100; ema_loss: 0.102545
2020-02-11 22:19:21,261 - INFO - Iter: 5200; ema_loss: 0.102124
2020-02-11 22:19:23,736 - INFO - Iter: 5300; ema_loss: 0.106039
2020-02-11 22:19:26,105 - INFO - Iter: 5400; ema_loss: 0.107625
2020-02-11 22:19:28,331 - INFO - Iter: 5500; ema_loss: 0.100668
2020-02-11 22:19:30,592 - INFO - Iter: 5600; ema_loss: 0.112000
2020-02-11 22:19:32,873 - INFO - Iter: 5700; ema_loss: 0.111050
2020-02-11 22:19:35,239 - INFO - Iter: 5800; ema_loss: 0.100812
2020-02-11 22:19:37,437 - INFO - Iter: 5900; ema_loss: 0.090559
2020-02-11 22:19:39,393 - INFO - Iter: 6000; ema_loss: 0.090128
2020-02-11 22:19:41,166 - INFO - Iter: 6100; ema_loss: 0.099586
2020-02-11 22:19:42,899 - INFO - Iter: 6200; ema_loss: 0.104891
2020-02-11 22:19:44,689 - INFO - Iter: 6300; ema_loss: 0.103236
2020-02-11 22:19:46,482 - INFO - Iter: 6400; ema_loss: 0.103002
2020-02-11 22:19:48,245 - INFO - Iter: 6500; ema_loss: 0.106896
2020-02-11 22:19:49,983 - INFO - Iter: 6600; ema_loss: 0.106454
2020-02-11 22:19:51,726 - INFO - Iter: 6700; ema_loss: 0.097499
2020-02-11 22:19:53,459 - INFO - Iter: 6800; ema_loss: 0.094795
2020-02-11 22:19:55,326 - INFO - Iter: 6900; ema_loss: 0.102556
2020-02-11 22:19:57,782 - INFO - Iter: 7000; ema_loss: 0.108860
2020-02-11 22:20:00,145 - INFO - Iter: 7100; ema_loss: 0.105963
2020-02-11 22:20:02,265 - INFO - Iter: 7200; ema_loss: 0.104655
2020-02-11 22:20:04,699 - INFO - Iter: 7300; ema_loss: 0.099869
2020-02-11 22:20:07,058 - INFO - Iter: 7400; ema_loss: 0.108591
2020-02-11 22:20:09,450 - INFO - Iter: 7500; ema_loss: 0.107252
2020-02-11 22:20:11,713 - INFO - Iter: 7600; ema_loss: 0.104766
2020-02-11 22:20:14,123 - INFO - Iter: 7700; ema_loss: 0.103833
2020-02-11 22:20:16,631 - INFO - Iter: 7800; ema_loss: 0.097581
2020-02-11 22:20:19,109 - INFO - Iter: 7900; ema_loss: 0.097570
2020-02-11 22:20:21,361 - INFO - Iter: 8000; ema_loss: 0.103680
2020-02-11 22:20:23,779 - INFO - Iter: 8100; ema_loss: 0.108773
2020-02-11 22:20:25,910 - INFO - Iter: 8200; ema_loss: 0.102997
2020-02-11 22:20:28,173 - INFO - Iter: 8300; ema_loss: 0.099592
2020-02-11 22:20:30,363 - INFO - Iter: 8400; ema_loss: 0.107431
2020-02-11 22:20:32,577 - INFO - Iter: 8500; ema_loss: 0.097284
2020-02-11 22:20:34,849 - INFO - Iter: 8600; ema_loss: 0.099722
2020-02-11 22:20:36,955 - INFO - Iter: 8700; ema_loss: 0.103122
2020-02-11 22:20:39,188 - INFO - Iter: 8800; ema_loss: 0.098871
2020-02-11 22:20:41,508 - INFO - Iter: 8900; ema_loss: 0.102848
2020-02-11 22:20:43,821 - INFO - Iter: 9000; ema_loss: 0.108528
2020-02-11 22:20:46,167 - INFO - Iter: 9100; ema_loss: 0.100201
2020-02-11 22:20:48,484 - INFO - Iter: 9200; ema_loss: 0.095905
2020-02-11 22:20:50,804 - INFO - Iter: 9300; ema_loss: 0.107931
2020-02-11 22:20:53,007 - INFO - Iter: 9400; ema_loss: 0.109990
2020-02-11 22:20:55,343 - INFO - Iter: 9500; ema_loss: 0.113640
2020-02-11 22:20:57,608 - INFO - Iter: 9600; ema_loss: 0.104748
2020-02-11 22:20:59,717 - INFO - Iter: 9700; ema_loss: 0.101911
2020-02-11 22:21:02,063 - INFO - Iter: 9800; ema_loss: 0.098583
2020-02-11 22:21:04,401 - INFO - Iter: 9900; ema_loss: 0.102001
2020-02-11 22:21:06,768 - INFO - Iter: 10000; ema_loss: 0.105947
2020-02-11 22:21:08,206 - INFO - 1-chain val AUC: 0.981134 val perc 98.273856; iteration: 10000
2020-02-11 22:21:09,464 - INFO - 2-inter val AUC: 0.762212 val perc 77.131148; iteration: 10000
2020-02-11 22:21:10,724 - INFO - Hard-2-inter val AUC: 0.493640 val perc 48.576798; iteration: 10000
2020-02-11 22:21:11,499 - INFO - 2-chain val AUC: 0.818953 val perc 84.909091; iteration: 10000
2020-02-11 22:21:12,764 - INFO - 3-chain val AUC: 0.757684 val perc 79.326733; iteration: 10000
2020-02-11 22:21:14,732 - INFO - 3-chain_inter val AUC: 0.764850 val perc 70.616162; iteration: 10000
2020-02-11 22:21:16,675 - INFO - Hard-3-chain_inter val AUC: 0.606832 val perc 61.408845; iteration: 10000
2020-02-11 22:21:18,653 - INFO - 3-inter_chain val AUC: 0.780477 val perc 80.297872; iteration: 10000
2020-02-11 22:21:20,705 - INFO - Hard-3-inter_chain val AUC: 0.505794 val perc 48.720444; iteration: 10000
2020-02-11 22:21:23,020 - INFO - 3-inter val AUC: 0.766270 val perc 76.463158; iteration: 10000
2020-02-11 22:21:25,294 - INFO - Hard-3-inter val AUC: 0.500251 val perc 49.637669; iteration: 10000
2020-02-11 22:21:27,212 - INFO - Iter: 10100; ema_loss: 0.101467
2020-02-11 22:21:29,575 - INFO - Iter: 10200; ema_loss: 0.105094
2020-02-11 22:21:31,942 - INFO - Iter: 10300; ema_loss: 0.099837
2020-02-11 22:21:33,983 - INFO - Iter: 10400; ema_loss: 0.104309
2020-02-11 22:21:36,233 - INFO - Iter: 10500; ema_loss: 0.103759
2020-02-11 22:21:38,636 - INFO - Iter: 10600; ema_loss: 0.098180
2020-02-11 22:21:40,974 - INFO - Iter: 10700; ema_loss: 0.108994
2020-02-11 22:21:43,299 - INFO - Iter: 10800; ema_loss: 0.106863
2020-02-11 22:21:45,827 - INFO - Iter: 10900; ema_loss: 0.104076
2020-02-11 22:21:48,143 - INFO - Iter: 11000; ema_loss: 0.108550
2020-02-11 22:21:50,428 - INFO - Iter: 11100; ema_loss: 0.099264
2020-02-11 22:21:52,820 - INFO - Iter: 11200; ema_loss: 0.100479
2020-02-11 22:21:55,011 - INFO - Iter: 11300; ema_loss: 0.100346
2020-02-11 22:21:57,197 - INFO - Iter: 11400; ema_loss: 0.100214
2020-02-11 22:21:59,487 - INFO - Iter: 11500; ema_loss: 0.101113
2020-02-11 22:22:01,894 - INFO - Iter: 11600; ema_loss: 0.093460
2020-02-11 22:22:04,507 - INFO - Iter: 11700; ema_loss: 0.100795
2020-02-11 22:22:06,944 - INFO - Iter: 11800; ema_loss: 0.107805
2020-02-11 22:22:09,312 - INFO - Iter: 11900; ema_loss: 0.098186
2020-02-11 22:22:11,512 - INFO - Iter: 12000; ema_loss: 0.102259
2020-02-11 22:22:13,631 - INFO - Iter: 12100; ema_loss: 0.103026
2020-02-11 22:22:16,066 - INFO - Iter: 12200; ema_loss: 0.097973
2020-02-11 22:22:18,558 - INFO - Iter: 12300; ema_loss: 0.105836
2020-02-11 22:22:20,682 - INFO - Iter: 12400; ema_loss: 0.098336
2020-02-11 22:22:22,905 - INFO - Iter: 12500; ema_loss: 0.096840
2020-02-11 22:22:25,099 - INFO - Iter: 12600; ema_loss: 0.108097
2020-02-11 22:22:27,270 - INFO - Iter: 12700; ema_loss: 0.104027
2020-02-11 22:22:29,684 - INFO - Iter: 12800; ema_loss: 0.099816
2020-02-11 22:22:32,055 - INFO - Iter: 12900; ema_loss: 0.098329
2020-02-11 22:22:34,635 - INFO - Iter: 13000; ema_loss: 0.094814
2020-02-11 22:22:37,102 - INFO - Iter: 13100; ema_loss: 0.097606
2020-02-11 22:22:39,488 - INFO - Iter: 13200; ema_loss: 0.092754
2020-02-11 22:22:41,790 - INFO - Iter: 13300; ema_loss: 0.096547
2020-02-11 22:22:44,188 - INFO - Iter: 13400; ema_loss: 0.090899
2020-02-11 22:22:46,634 - INFO - Iter: 13500; ema_loss: 0.097917
2020-02-11 22:22:49,278 - INFO - Iter: 13600; ema_loss: 0.102400
2020-02-11 22:22:51,762 - INFO - Iter: 13700; ema_loss: 0.102858
2020-02-11 22:22:54,173 - INFO - Iter: 13800; ema_loss: 0.103848
2020-02-11 22:22:56,478 - INFO - Iter: 13900; ema_loss: 0.110533
2020-02-11 22:22:58,873 - INFO - Iter: 14000; ema_loss: 0.111724
2020-02-11 22:23:01,416 - INFO - Iter: 14100; ema_loss: 0.102254
2020-02-11 22:23:03,601 - INFO - Iter: 14200; ema_loss: 0.097510
2020-02-11 22:23:06,105 - INFO - Iter: 14300; ema_loss: 0.096677
2020-02-11 22:23:08,655 - INFO - Iter: 14400; ema_loss: 0.087698
2020-02-11 22:23:11,240 - INFO - Iter: 14500; ema_loss: 0.087876
2020-02-11 22:23:13,775 - INFO - Iter: 14600; ema_loss: 0.093123
2020-02-11 22:23:16,335 - INFO - Iter: 14700; ema_loss: 0.099549
2020-02-11 22:23:18,883 - INFO - Iter: 14800; ema_loss: 0.096103
2020-02-11 22:23:21,292 - INFO - Iter: 14900; ema_loss: 0.104748
2020-02-11 22:23:23,640 - INFO - Iter: 15000; ema_loss: 0.099135
2020-02-11 22:23:25,066 - INFO - 1-chain val AUC: 0.981116 val perc 98.268500; iteration: 15000
2020-02-11 22:23:26,327 - INFO - 2-inter val AUC: 0.754193 val perc 76.098361; iteration: 15000
2020-02-11 22:23:27,594 - INFO - Hard-2-inter val AUC: 0.491672 val perc 46.310065; iteration: 15000
2020-02-11 22:23:28,382 - INFO - 2-chain val AUC: 0.811579 val perc 84.250000; iteration: 15000
2020-02-11 22:23:29,688 - INFO - 3-chain val AUC: 0.751213 val perc 81.079208; iteration: 15000
2020-02-11 22:23:31,720 - INFO - 3-chain_inter val AUC: 0.760483 val perc 71.141414; iteration: 15000
2020-02-11 22:23:33,739 - INFO - Hard-3-chain_inter val AUC: 0.599431 val perc 62.181711; iteration: 15000
2020-02-11 22:23:35,787 - INFO - 3-inter_chain val AUC: 0.777070 val perc 80.404255; iteration: 15000
2020-02-11 22:23:37,819 - INFO - Hard-3-inter_chain val AUC: 0.506964 val perc 49.271381; iteration: 15000
2020-02-11 22:23:40,064 - INFO - 3-inter val AUC: 0.769721 val perc 76.157895; iteration: 15000
2020-02-11 22:23:42,333 - INFO - Hard-3-inter val AUC: 0.500106 val perc 48.483933; iteration: 15000
2020-02-11 22:23:44,848 - INFO - Iter: 15100; ema_loss: 0.092504
2020-02-11 22:23:47,191 - INFO - Iter: 15200; ema_loss: 0.096538
2020-02-11 22:23:49,434 - INFO - Iter: 15300; ema_loss: 0.095830
2020-02-11 22:23:51,836 - INFO - Iter: 15400; ema_loss: 0.099897
2020-02-11 22:23:54,248 - INFO - Iter: 15500; ema_loss: 0.098419
2020-02-11 22:23:56,644 - INFO - Iter: 15600; ema_loss: 0.112985
2020-02-11 22:23:58,956 - INFO - Iter: 15700; ema_loss: 0.103096
2020-02-11 22:24:01,170 - INFO - Iter: 15800; ema_loss: 0.100240
2020-02-11 22:24:03,591 - INFO - Iter: 15900; ema_loss: 0.100061
2020-02-11 22:24:05,960 - INFO - Iter: 16000; ema_loss: 0.101102
2020-02-11 22:24:08,314 - INFO - Iter: 16100; ema_loss: 0.106209
2020-02-11 22:24:10,574 - INFO - Iter: 16200; ema_loss: 0.104039
2020-02-11 22:24:13,076 - INFO - Iter: 16300; ema_loss: 0.099369
2020-02-11 22:24:15,544 - INFO - Iter: 16400; ema_loss: 0.099053
2020-02-11 22:24:17,967 - INFO - Iter: 16500; ema_loss: 0.100695
2020-02-11 22:24:20,218 - INFO - Iter: 16600; ema_loss: 0.103594
2020-02-11 22:24:22,215 - INFO - Iter: 16700; ema_loss: 0.104632
2020-02-11 22:24:24,166 - INFO - Iter: 16800; ema_loss: 0.107217
2020-02-11 22:24:25,957 - INFO - Iter: 16900; ema_loss: 0.098884
2020-02-11 22:24:28,299 - INFO - Iter: 17000; ema_loss: 0.101557
2020-02-11 22:24:30,782 - INFO - Iter: 17100; ema_loss: 0.102428
2020-02-11 22:24:33,001 - INFO - Iter: 17200; ema_loss: 0.103124
2020-02-11 22:24:35,552 - INFO - Iter: 17300; ema_loss: 0.102536
2020-02-11 22:24:37,996 - INFO - Iter: 17400; ema_loss: 0.101717
2020-02-11 22:24:40,152 - INFO - Iter: 17500; ema_loss: 0.098901
2020-02-11 22:24:42,519 - INFO - Iter: 17600; ema_loss: 0.096912
2020-02-11 22:24:44,993 - INFO - Iter: 17700; ema_loss: 0.094341
2020-02-11 22:24:47,259 - INFO - Iter: 17800; ema_loss: 0.097114
2020-02-11 22:24:49,719 - INFO - Iter: 17900; ema_loss: 0.106454
2020-02-11 22:24:52,024 - INFO - Iter: 18000; ema_loss: 0.098070
2020-02-11 22:24:54,599 - INFO - Iter: 18100; ema_loss: 0.112666
2020-02-11 22:24:56,940 - INFO - Iter: 18200; ema_loss: 0.106847
2020-02-11 22:24:59,395 - INFO - Iter: 18300; ema_loss: 0.108779
2020-02-11 22:25:01,861 - INFO - Iter: 18400; ema_loss: 0.112347
2020-02-11 22:25:04,390 - INFO - Iter: 18500; ema_loss: 0.102069
2020-02-11 22:25:06,662 - INFO - Iter: 18600; ema_loss: 0.103918
2020-02-11 22:25:09,043 - INFO - Iter: 18700; ema_loss: 0.095781
2020-02-11 22:25:11,564 - INFO - Iter: 18800; ema_loss: 0.101104
2020-02-11 22:25:13,955 - INFO - Iter: 18900; ema_loss: 0.097386
2020-02-11 22:25:16,295 - INFO - Iter: 19000; ema_loss: 0.096962
2020-02-11 22:25:18,584 - INFO - Iter: 19100; ema_loss: 0.101266
2020-02-11 22:25:21,064 - INFO - Iter: 19200; ema_loss: 0.107138
2020-02-11 22:25:23,631 - INFO - Iter: 19300; ema_loss: 0.104068
2020-02-11 22:25:26,045 - INFO - Iter: 19400; ema_loss: 0.116000
2020-02-11 22:25:28,508 - INFO - Iter: 19500; ema_loss: 0.116466
2020-02-11 22:25:30,776 - INFO - Iter: 19600; ema_loss: 0.113394
2020-02-11 22:25:33,314 - INFO - Iter: 19700; ema_loss: 0.103697
2020-02-11 22:25:35,853 - INFO - Iter: 19800; ema_loss: 0.103675
2020-02-11 22:25:38,331 - INFO - Iter: 19900; ema_loss: 0.108942
2020-02-11 22:25:40,573 - INFO - Iter: 20000; ema_loss: 0.102115
2020-02-11 22:25:41,927 - INFO - 1-chain val AUC: 0.981201 val perc 98.265458; iteration: 20000
2020-02-11 22:25:43,273 - INFO - 2-inter val AUC: 0.747016 val perc 76.229508; iteration: 20000
2020-02-11 22:25:44,580 - INFO - Hard-2-inter val AUC: 0.491004 val perc 47.255075; iteration: 20000
2020-02-11 22:25:45,356 - INFO - 2-chain val AUC: 0.815441 val perc 84.704545; iteration: 20000
2020-02-11 22:25:46,665 - INFO - 3-chain val AUC: 0.759012 val perc 80.821782; iteration: 20000
2020-02-11 22:25:48,686 - INFO - 3-chain_inter val AUC: 0.753990 val perc 70.131313; iteration: 20000
2020-02-11 22:25:50,700 - INFO - Hard-3-chain_inter val AUC: 0.598318 val perc 59.382782; iteration: 20000
2020-02-11 22:25:52,732 - INFO - 3-inter_chain val AUC: 0.779686 val perc 77.723404; iteration: 20000
2020-02-11 22:25:54,762 - INFO - Hard-3-inter_chain val AUC: 0.506199 val perc 46.529412; iteration: 20000
2020-02-11 22:25:57,040 - INFO - 3-inter val AUC: 0.766641 val perc 74.652632; iteration: 20000
2020-02-11 22:25:59,318 - INFO - Hard-3-inter val AUC: 0.501578 val perc 47.649997; iteration: 20000
2020-02-11 22:26:01,179 - INFO - Iter: 20100; ema_loss: 0.099747
2020-02-11 22:26:03,042 - INFO - Iter: 20200; ema_loss: 0.090458
2020-02-11 22:26:04,848 - INFO - Iter: 20300; ema_loss: 0.095132
2020-02-11 22:26:06,662 - INFO - Iter: 20400; ema_loss: 0.092572
2020-02-11 22:26:08,523 - INFO - Iter: 20500; ema_loss: 0.102861
2020-02-11 22:26:10,318 - INFO - Iter: 20600; ema_loss: 0.103713
2020-02-11 22:26:12,266 - INFO - Iter: 20700; ema_loss: 0.101620
2020-02-11 22:26:14,353 - INFO - Iter: 20800; ema_loss: 0.096768
2020-02-11 22:26:16,152 - INFO - Iter: 20900; ema_loss: 0.098264
2020-02-11 22:26:17,968 - INFO - Iter: 21000; ema_loss: 0.096692
2020-02-11 22:26:19,769 - INFO - Iter: 21100; ema_loss: 0.101765
2020-02-11 22:26:21,577 - INFO - Iter: 21200; ema_loss: 0.104384
2020-02-11 22:26:23,506 - INFO - Iter: 21300; ema_loss: 0.106940
2020-02-11 22:26:25,336 - INFO - Iter: 21400; ema_loss: 0.100729
2020-02-11 22:26:27,366 - INFO - Iter: 21500; ema_loss: 0.109923
2020-02-11 22:26:29,302 - INFO - Iter: 21600; ema_loss: 0.108148
2020-02-11 22:26:31,084 - INFO - Iter: 21700; ema_loss: 0.104341
2020-02-11 22:26:32,919 - INFO - Iter: 21800; ema_loss: 0.107362
2020-02-11 22:26:34,697 - INFO - Iter: 21900; ema_loss: 0.099156
2020-02-11 22:26:36,519 - INFO - Iter: 22000; ema_loss: 0.099171
2020-02-11 22:26:38,474 - INFO - Iter: 22100; ema_loss: 0.101351
2020-02-11 22:26:40,685 - INFO - Iter: 22200; ema_loss: 0.100498
2020-02-11 22:26:43,104 - INFO - Iter: 22300; ema_loss: 0.091819
2020-02-11 22:26:45,556 - INFO - Iter: 22400; ema_loss: 0.093684
2020-02-11 22:26:48,003 - INFO - Iter: 22500; ema_loss: 0.102403
2020-02-11 22:26:50,216 - INFO - Iter: 22600; ema_loss: 0.107111
2020-02-11 22:26:52,346 - INFO - Iter: 22700; ema_loss: 0.102293
2020-02-11 22:26:54,197 - INFO - Iter: 22800; ema_loss: 0.108204
2020-02-11 22:26:56,340 - INFO - Iter: 22900; ema_loss: 0.103376
2020-02-11 22:26:58,364 - INFO - Iter: 23000; ema_loss: 0.100194
2020-02-11 22:27:00,170 - INFO - Iter: 23100; ema_loss: 0.108782
2020-02-11 22:27:01,980 - INFO - Iter: 23200; ema_loss: 0.109242
2020-02-11 22:27:03,787 - INFO - Iter: 23300; ema_loss: 0.110774
2020-02-11 22:27:05,587 - INFO - Iter: 23400; ema_loss: 0.112348
2020-02-11 22:27:07,510 - INFO - Iter: 23500; ema_loss: 0.108018
2020-02-11 22:27:09,455 - INFO - Iter: 23600; ema_loss: 0.103802
2020-02-11 22:27:11,325 - INFO - Iter: 23700; ema_loss: 0.100914
2020-02-11 22:27:13,267 - INFO - Iter: 23800; ema_loss: 0.107669
2020-02-11 22:27:15,089 - INFO - Iter: 23900; ema_loss: 0.098785
2020-02-11 22:27:17,062 - INFO - Iter: 24000; ema_loss: 0.092459
2020-02-11 22:27:18,968 - INFO - Iter: 24100; ema_loss: 0.101443
2020-02-11 22:27:20,760 - INFO - Iter: 24200; ema_loss: 0.114538
2020-02-11 22:27:22,553 - INFO - Iter: 24300; ema_loss: 0.105452
2020-02-11 22:27:24,327 - INFO - Iter: 24400; ema_loss: 0.108295
2020-02-11 22:27:26,325 - INFO - Iter: 24500; ema_loss: 0.098400
2020-02-11 22:27:28,228 - INFO - Iter: 24600; ema_loss: 0.101893
2020-02-11 22:27:30,442 - INFO - Iter: 24700; ema_loss: 0.100165
2020-02-11 22:27:32,587 - INFO - Iter: 24800; ema_loss: 0.100680
2020-02-11 22:27:35,167 - INFO - Iter: 24900; ema_loss: 0.103338
2020-02-11 22:27:37,559 - INFO - Iter: 25000; ema_loss: 0.105650
2020-02-11 22:27:39,058 - INFO - 1-chain val AUC: 0.981291 val perc 98.261806; iteration: 25000
2020-02-11 22:27:40,381 - INFO - 2-inter val AUC: 0.748209 val perc 76.418033; iteration: 25000
2020-02-11 22:27:41,628 - INFO - Hard-2-inter val AUC: 0.491560 val perc 49.562958; iteration: 25000
2020-02-11 22:27:42,352 - INFO - 2-chain val AUC: 0.819248 val perc 85.795455; iteration: 25000
2020-02-11 22:27:43,646 - INFO - 3-chain val AUC: 0.756433 val perc 80.227723; iteration: 25000
2020-02-11 22:27:45,670 - INFO - 3-chain_inter val AUC: 0.749864 val perc 70.040404; iteration: 25000
2020-02-11 22:27:47,702 - INFO - Hard-3-chain_inter val AUC: 0.589701 val perc 60.886803; iteration: 25000
2020-02-11 22:27:49,700 - INFO - 3-inter_chain val AUC: 0.776801 val perc 79.531915; iteration: 25000
2020-02-11 22:27:51,732 - INFO - Hard-3-inter_chain val AUC: 0.505390 val perc 48.184189; iteration: 25000
2020-02-11 22:27:54,010 - INFO - 3-inter val AUC: 0.767807 val perc 76.663158; iteration: 25000
2020-02-11 22:27:56,256 - INFO - Hard-3-inter val AUC: 0.503615 val perc 49.621823; iteration: 25000
2020-02-11 22:27:58,657 - INFO - Iter: 25100; ema_loss: 0.101129
2020-02-11 22:28:01,053 - INFO - Iter: 25200; ema_loss: 0.094709
2020-02-11 22:28:03,345 - INFO - Iter: 25300; ema_loss: 0.090133
2020-02-11 22:28:05,444 - INFO - Iter: 25400; ema_loss: 0.093804
2020-02-11 22:28:07,441 - INFO - Iter: 25500; ema_loss: 0.105124
2020-02-11 22:28:09,785 - INFO - Iter: 25600; ema_loss: 0.094761
2020-02-11 22:28:12,036 - INFO - Iter: 25700; ema_loss: 0.098777
2020-02-11 22:28:14,369 - INFO - Iter: 25800; ema_loss: 0.098821
2020-02-11 22:28:16,654 - INFO - Iter: 25900; ema_loss: 0.102793
2020-02-11 22:28:19,211 - INFO - Iter: 26000; ema_loss: 0.101504
2020-02-11 22:28:21,685 - INFO - Iter: 26100; ema_loss: 0.095549
2020-02-11 22:28:24,044 - INFO - Iter: 26200; ema_loss: 0.101053
2020-02-11 22:28:26,238 - INFO - Iter: 26300; ema_loss: 0.100909
2020-02-11 22:28:28,847 - INFO - Iter: 26400; ema_loss: 0.097800
2020-02-11 22:28:31,098 - INFO - Iter: 26500; ema_loss: 0.099763
2020-02-11 22:28:33,250 - INFO - Iter: 26600; ema_loss: 0.098376
2020-02-11 22:28:35,073 - INFO - Iter: 26700; ema_loss: 0.100412
2020-02-11 22:28:36,885 - INFO - Iter: 26800; ema_loss: 0.100292
2020-02-11 22:28:38,696 - INFO - Iter: 26900; ema_loss: 0.112502
2020-02-11 22:28:40,512 - INFO - Iter: 27000; ema_loss: 0.105090
2020-02-11 22:28:42,321 - INFO - Iter: 27100; ema_loss: 0.095986
2020-02-11 22:28:44,140 - INFO - Iter: 27200; ema_loss: 0.096396
2020-02-11 22:28:45,905 - INFO - Iter: 27300; ema_loss: 0.103616
2020-02-11 22:28:47,711 - INFO - Iter: 27400; ema_loss: 0.096669
2020-02-11 22:28:49,502 - INFO - Iter: 27500; ema_loss: 0.104007
2020-02-11 22:28:51,296 - INFO - Iter: 27600; ema_loss: 0.097196
2020-02-11 22:28:53,070 - INFO - Iter: 27700; ema_loss: 0.104351
2020-02-11 22:28:54,852 - INFO - Iter: 27800; ema_loss: 0.111295
2020-02-11 22:28:56,630 - INFO - Iter: 27900; ema_loss: 0.102849
2020-02-11 22:28:58,431 - INFO - Iter: 28000; ema_loss: 0.102467
2020-02-11 22:29:00,658 - INFO - Iter: 28100; ema_loss: 0.096308
2020-02-11 22:29:03,055 - INFO - Iter: 28200; ema_loss: 0.097984
2020-02-11 22:29:05,402 - INFO - Iter: 28300; ema_loss: 0.095752
2020-02-11 22:29:07,764 - INFO - Iter: 28400; ema_loss: 0.101925
2020-02-11 22:29:10,210 - INFO - Iter: 28500; ema_loss: 0.099130
2020-02-11 22:29:12,504 - INFO - Iter: 28600; ema_loss: 0.100312
2020-02-11 22:29:14,756 - INFO - Iter: 28700; ema_loss: 0.107043
2020-02-11 22:29:16,988 - INFO - Iter: 28800; ema_loss: 0.095290
2020-02-11 22:29:19,375 - INFO - Iter: 28900; ema_loss: 0.098685
2020-02-11 22:29:21,744 - INFO - Iter: 29000; ema_loss: 0.106477
2020-02-11 22:29:24,010 - INFO - Iter: 29100; ema_loss: 0.099430
2020-02-11 22:29:26,291 - INFO - Iter: 29200; ema_loss: 0.103413
2020-02-11 22:29:28,688 - INFO - Iter: 29300; ema_loss: 0.104384
2020-02-11 22:29:31,172 - INFO - Iter: 29400; ema_loss: 0.100835
2020-02-11 22:29:33,419 - INFO - Iter: 29500; ema_loss: 0.111073
2020-02-11 22:29:35,908 - INFO - Iter: 29600; ema_loss: 0.103512
2020-02-11 22:29:38,423 - INFO - Iter: 29700; ema_loss: 0.100213
2020-02-11 22:29:40,861 - INFO - Iter: 29800; ema_loss: 0.109487
2020-02-11 22:29:43,453 - INFO - Iter: 29900; ema_loss: 0.100177
2020-02-11 22:29:45,492 - INFO - Iter: 30000; ema_loss: 0.091534
2020-02-11 22:29:46,869 - INFO - 1-chain val AUC: 0.981351 val perc 98.271665; iteration: 30000
2020-02-11 22:29:48,137 - INFO - 2-inter val AUC: 0.753526 val perc 76.204918; iteration: 30000
2020-02-11 22:29:49,409 - INFO - Hard-2-inter val AUC: 0.495010 val perc 46.456223; iteration: 30000
2020-02-11 22:29:50,118 - INFO - 2-chain val AUC: 0.818442 val perc 83.886364; iteration: 30000
2020-02-11 22:29:51,403 - INFO - 3-chain val AUC: 0.765907 val perc 81.415842; iteration: 30000
2020-02-11 22:29:53,438 - INFO - 3-chain_inter val AUC: 0.750824 val perc 69.444444; iteration: 30000
2020-02-11 22:29:55,477 - INFO - Hard-3-chain_inter val AUC: 0.592691 val perc 59.644190; iteration: 30000
2020-02-11 22:29:57,514 - INFO - 3-inter_chain val AUC: 0.773277 val perc 79.106383; iteration: 30000
2020-02-11 22:29:59,537 - INFO - Hard-3-inter_chain val AUC: 0.511128 val perc 46.994050; iteration: 30000
2020-02-11 22:30:01,803 - INFO - 3-inter val AUC: 0.764055 val perc 76.063158; iteration: 30000
2020-02-11 22:30:04,072 - INFO - Hard-3-inter val AUC: 0.498847 val perc 48.869345; iteration: 30000
2020-02-11 22:30:05,970 - INFO - Iter: 30100; ema_loss: 0.089471
2020-02-11 22:30:07,835 - INFO - Iter: 30200; ema_loss: 0.100007
2020-02-11 22:30:09,681 - INFO - Iter: 30300; ema_loss: 0.105536
2020-02-11 22:30:11,502 - INFO - Iter: 30400; ema_loss: 0.095998
2020-02-11 22:30:13,306 - INFO - Iter: 30500; ema_loss: 0.100975
2020-02-11 22:30:15,438 - INFO - Iter: 30600; ema_loss: 0.116039
2020-02-11 22:30:17,555 - INFO - Iter: 30700; ema_loss: 0.103855
2020-02-11 22:30:19,478 - INFO - Iter: 30800; ema_loss: 0.099661
2020-02-11 22:30:21,397 - INFO - Iter: 30900; ema_loss: 0.101913
2020-02-11 22:30:23,315 - INFO - Iter: 31000; ema_loss: 0.092957
2020-02-11 22:30:25,552 - INFO - Iter: 31100; ema_loss: 0.101278
2020-02-11 22:30:27,880 - INFO - Iter: 31200; ema_loss: 0.100777
2020-02-11 22:30:30,307 - INFO - Iter: 31300; ema_loss: 0.097955
2020-02-11 22:30:32,621 - INFO - Iter: 31400; ema_loss: 0.098769
2020-02-11 22:30:34,707 - INFO - Iter: 31500; ema_loss: 0.100477
2020-02-11 22:30:37,159 - INFO - Iter: 31600; ema_loss: 0.101812
2020-02-11 22:30:39,540 - INFO - Iter: 31700; ema_loss: 0.096244
2020-02-11 22:30:41,645 - INFO - Iter: 31800; ema_loss: 0.096814
2020-02-11 22:30:43,476 - INFO - Iter: 31900; ema_loss: 0.095519
2020-02-11 22:30:45,491 - INFO - Iter: 32000; ema_loss: 0.095762
2020-02-11 22:30:48,035 - INFO - Iter: 32100; ema_loss: 0.102005
2020-02-11 22:30:50,543 - INFO - Iter: 32200; ema_loss: 0.105640
2020-02-11 22:30:53,015 - INFO - Iter: 32300; ema_loss: 0.108976
2020-02-11 22:30:55,418 - INFO - Iter: 32400; ema_loss: 0.109022
2020-02-11 22:30:57,799 - INFO - Iter: 32500; ema_loss: 0.102830
2020-02-11 22:31:00,136 - INFO - Iter: 32600; ema_loss: 0.099621
2020-02-11 22:31:02,557 - INFO - Iter: 32700; ema_loss: 0.097308
2020-02-11 22:31:05,064 - INFO - Iter: 32800; ema_loss: 0.098309
2020-02-11 22:31:07,483 - INFO - Iter: 32900; ema_loss: 0.102963
2020-02-11 22:31:09,797 - INFO - Iter: 33000; ema_loss: 0.101769
2020-02-11 22:31:12,080 - INFO - Iter: 33100; ema_loss: 0.098184
2020-02-11 22:31:14,479 - INFO - Iter: 33200; ema_loss: 0.091034
2020-02-11 22:31:16,862 - INFO - Iter: 33300; ema_loss: 0.098977
2020-02-11 22:31:19,015 - INFO - Iter: 33400; ema_loss: 0.100700
2020-02-11 22:31:21,373 - INFO - Iter: 33500; ema_loss: 0.096485
2020-02-11 22:31:23,727 - INFO - Iter: 33600; ema_loss: 0.091832
2020-02-11 22:31:26,136 - INFO - Iter: 33700; ema_loss: 0.102173
2020-02-11 22:31:28,514 - INFO - Iter: 33800; ema_loss: 0.102240
2020-02-11 22:31:30,999 - INFO - Iter: 33900; ema_loss: 0.109069
2020-02-11 22:31:33,358 - INFO - Iter: 34000; ema_loss: 0.102297
2020-02-11 22:31:35,843 - INFO - Iter: 34100; ema_loss: 0.100928
2020-02-11 22:31:38,343 - INFO - Iter: 34200; ema_loss: 0.097378
2020-02-11 22:31:40,875 - INFO - Iter: 34300; ema_loss: 0.098946
2020-02-11 22:31:43,246 - INFO - Iter: 34400; ema_loss: 0.101636
2020-02-11 22:31:45,626 - INFO - Iter: 34500; ema_loss: 0.105431
2020-02-11 22:31:48,029 - INFO - Iter: 34600; ema_loss: 0.106879
2020-02-11 22:31:50,436 - INFO - Iter: 34700; ema_loss: 0.098893
2020-02-11 22:31:53,011 - INFO - Iter: 34800; ema_loss: 0.105601
2020-02-11 22:31:55,482 - INFO - Iter: 34900; ema_loss: 0.103610
2020-02-11 22:31:57,803 - INFO - Iter: 35000; ema_loss: 0.098716
2020-02-11 22:31:59,250 - INFO - 1-chain val AUC: 0.981352 val perc 98.276047; iteration: 35000
2020-02-11 22:32:00,571 - INFO - 2-inter val AUC: 0.755940 val perc 76.344262; iteration: 35000
2020-02-11 22:32:01,888 - INFO - Hard-2-inter val AUC: 0.498142 val perc 46.644096; iteration: 35000
2020-02-11 22:32:02,674 - INFO - 2-chain val AUC: 0.809063 val perc 85.159091; iteration: 35000
2020-02-11 22:32:03,980 - INFO - 3-chain val AUC: 0.745985 val perc 79.247525; iteration: 35000
2020-02-11 22:32:06,020 - INFO - 3-chain_inter val AUC: 0.746493 val perc 68.919192; iteration: 35000
2020-02-11 22:32:08,051 - INFO - Hard-3-chain_inter val AUC: 0.596410 val perc 61.474590; iteration: 35000
2020-02-11 22:32:10,077 - INFO - 3-inter_chain val AUC: 0.772871 val perc 79.351064; iteration: 35000
2020-02-11 22:32:12,117 - INFO - Hard-3-inter_chain val AUC: 0.510646 val perc 46.571200; iteration: 35000
2020-02-11 22:32:14,357 - INFO - 3-inter val AUC: 0.764492 val perc 75.726316; iteration: 35000
2020-02-11 22:32:16,630 - INFO - Hard-3-inter val AUC: 0.495592 val perc 46.805597; iteration: 35000
2020-02-11 22:32:18,892 - INFO - Iter: 35100; ema_loss: 0.098561
2020-02-11 22:32:20,710 - INFO - Iter: 35200; ema_loss: 0.097249
2020-02-11 22:32:22,539 - INFO - Iter: 35300; ema_loss: 0.102964
2020-02-11 22:32:24,378 - INFO - Iter: 35400; ema_loss: 0.101690
2020-02-11 22:32:26,301 - INFO - Iter: 35500; ema_loss: 0.100020
2020-02-11 22:32:28,183 - INFO - Iter: 35600; ema_loss: 0.097339
2020-02-11 22:32:29,986 - INFO - Iter: 35700; ema_loss: 0.097118
2020-02-11 22:32:31,916 - INFO - Iter: 35800; ema_loss: 0.088706
2020-02-11 22:32:33,771 - INFO - Iter: 35900; ema_loss: 0.094491
2020-02-11 22:32:35,641 - INFO - Iter: 36000; ema_loss: 0.097787
2020-02-11 22:32:37,402 - INFO - Iter: 36100; ema_loss: 0.095437
2020-02-11 22:32:39,230 - INFO - Iter: 36200; ema_loss: 0.111379
2020-02-11 22:32:41,474 - INFO - Iter: 36300; ema_loss: 0.105304
2020-02-11 22:32:43,832 - INFO - Iter: 36400; ema_loss: 0.099898
2020-02-11 22:32:46,238 - INFO - Iter: 36500; ema_loss: 0.103452
2020-02-11 22:32:48,590 - INFO - Iter: 36600; ema_loss: 0.098651
2020-02-11 22:32:51,264 - INFO - Iter: 36700; ema_loss: 0.104184
2020-02-11 22:32:53,841 - INFO - Iter: 36800; ema_loss: 0.097632
2020-02-11 22:32:56,537 - INFO - Iter: 36900; ema_loss: 0.103166
2020-02-11 22:32:58,900 - INFO - Iter: 37000; ema_loss: 0.108603
2020-02-11 22:33:01,356 - INFO - Iter: 37100; ema_loss: 0.107496
2020-02-11 22:33:03,694 - INFO - Iter: 37200; ema_loss: 0.103755
2020-02-11 22:33:06,023 - INFO - Iter: 37300; ema_loss: 0.102789
2020-02-11 22:33:08,440 - INFO - Iter: 37400; ema_loss: 0.103365
2020-02-11 22:33:10,795 - INFO - Iter: 37500; ema_loss: 0.110807
2020-02-11 22:33:13,065 - INFO - Iter: 37600; ema_loss: 0.107378
2020-02-11 22:33:15,358 - INFO - Iter: 37700; ema_loss: 0.112434
2020-02-11 22:33:17,666 - INFO - Iter: 37800; ema_loss: 0.099839
2020-02-11 22:33:20,192 - INFO - Iter: 37900; ema_loss: 0.089582
2020-02-11 22:33:22,497 - INFO - Iter: 38000; ema_loss: 0.095591
2020-02-11 22:33:24,745 - INFO - Iter: 38100; ema_loss: 0.100304
2020-02-11 22:33:26,883 - INFO - Iter: 38200; ema_loss: 0.101738
2020-02-11 22:33:28,665 - INFO - Iter: 38300; ema_loss: 0.102978
2020-02-11 22:33:30,499 - INFO - Iter: 38400; ema_loss: 0.101987
2020-02-11 22:33:32,384 - INFO - Iter: 38500; ema_loss: 0.107801
2020-02-11 22:33:34,214 - INFO - Iter: 38600; ema_loss: 0.103610
2020-02-11 22:33:36,063 - INFO - Iter: 38700; ema_loss: 0.099737
2020-02-11 22:33:38,029 - INFO - Iter: 38800; ema_loss: 0.101191
2020-02-11 22:33:40,139 - INFO - Iter: 38900; ema_loss: 0.101115
2020-02-11 22:33:42,491 - INFO - Iter: 39000; ema_loss: 0.096488
2020-02-11 22:33:44,814 - INFO - Iter: 39100; ema_loss: 0.104268
2020-02-11 22:33:47,090 - INFO - Iter: 39200; ema_loss: 0.106546
2020-02-11 22:33:49,395 - INFO - Iter: 39300; ema_loss: 0.114610
2020-02-11 22:33:51,344 - INFO - Iter: 39400; ema_loss: 0.104426
2020-02-11 22:33:53,600 - INFO - Iter: 39500; ema_loss: 0.113050
2020-02-11 22:33:55,899 - INFO - Iter: 39600; ema_loss: 0.100499
2020-02-11 22:33:57,836 - INFO - Iter: 39700; ema_loss: 0.098058
2020-02-11 22:33:59,673 - INFO - Iter: 39800; ema_loss: 0.101704
2020-02-11 22:34:01,984 - INFO - Iter: 39900; ema_loss: 0.108934
2020-02-11 22:34:04,476 - INFO - Iter: 40000; ema_loss: 0.099737
2020-02-11 22:34:06,027 - INFO - 1-chain val AUC: 0.981307 val perc 98.285662; iteration: 40000
2020-02-11 22:34:07,355 - INFO - 2-inter val AUC: 0.756001 val perc 75.336066; iteration: 40000
2020-02-11 22:34:08,657 - INFO - Hard-2-inter val AUC: 0.495756 val perc 47.380983; iteration: 40000
2020-02-11 22:34:09,431 - INFO - 2-chain val AUC: 0.818271 val perc 84.840909; iteration: 40000
2020-02-11 22:34:10,732 - INFO - 3-chain val AUC: 0.758287 val perc 80.990099; iteration: 40000
2020-02-11 22:34:12,740 - INFO - 3-chain_inter val AUC: 0.742002 val perc 69.727273; iteration: 40000
2020-02-11 22:34:14,745 - INFO - Hard-3-chain_inter val AUC: 0.593882 val perc 63.515480; iteration: 40000
2020-02-11 22:34:16,764 - INFO - 3-inter_chain val AUC: 0.771612 val perc 79.234043; iteration: 40000
2020-02-11 22:34:18,795 - INFO - Hard-3-inter_chain val AUC: 0.510191 val perc 48.286608; iteration: 40000
2020-02-11 22:34:21,028 - INFO - 3-inter val AUC: 0.769465 val perc 76.136842; iteration: 40000
2020-02-11 22:34:23,243 - INFO - Hard-3-inter val AUC: 0.499722 val perc 46.843218; iteration: 40000
2020-02-11 22:34:25,399 - INFO - Iter: 40100; ema_loss: 0.096181
2020-02-11 22:34:27,489 - INFO - Iter: 40200; ema_loss: 0.102395
2020-02-11 22:34:29,329 - INFO - Iter: 40300; ema_loss: 0.099965
2020-02-11 22:34:31,277 - INFO - Iter: 40400; ema_loss: 0.107346
2020-02-11 22:34:33,058 - INFO - Iter: 40500; ema_loss: 0.104714
2020-02-11 22:34:34,896 - INFO - Iter: 40600; ema_loss: 0.101048
2020-02-11 22:34:36,780 - INFO - Iter: 40700; ema_loss: 0.094578
2020-02-11 22:34:38,580 - INFO - Iter: 40800; ema_loss: 0.097019
2020-02-11 22:34:40,345 - INFO - Iter: 40900; ema_loss: 0.099105
2020-02-11 22:34:42,118 - INFO - Iter: 41000; ema_loss: 0.099113
2020-02-11 22:34:43,944 - INFO - Iter: 41100; ema_loss: 0.094657
2020-02-11 22:34:45,726 - INFO - Iter: 41200; ema_loss: 0.091956
2020-02-11 22:34:47,571 - INFO - Iter: 41300; ema_loss: 0.090364
2020-02-11 22:34:49,526 - INFO - Iter: 41400; ema_loss: 0.107079
2020-02-11 22:34:51,292 - INFO - Iter: 41500; ema_loss: 0.103965
2020-02-11 22:34:53,078 - INFO - Iter: 41600; ema_loss: 0.103890
2020-02-11 22:34:54,995 - INFO - Iter: 41700; ema_loss: 0.094871
2020-02-11 22:34:56,832 - INFO - Iter: 41800; ema_loss: 0.106519
2020-02-11 22:34:58,627 - INFO - Iter: 41900; ema_loss: 0.103382
2020-02-11 22:35:00,421 - INFO - Iter: 42000; ema_loss: 0.103532
2020-02-11 22:35:02,408 - INFO - Iter: 42100; ema_loss: 0.107779
2020-02-11 22:35:04,640 - INFO - Iter: 42200; ema_loss: 0.098652
2020-02-11 22:35:07,174 - INFO - Iter: 42300; ema_loss: 0.095307
2020-02-11 22:35:09,667 - INFO - Iter: 42400; ema_loss: 0.097671
2020-02-11 22:35:12,014 - INFO - Iter: 42500; ema_loss: 0.104797
2020-02-11 22:35:14,337 - INFO - Iter: 42600; ema_loss: 0.094434
2020-02-11 22:35:16,670 - INFO - Iter: 42700; ema_loss: 0.091814
2020-02-11 22:35:18,906 - INFO - Iter: 42800; ema_loss: 0.093923
2020-02-11 22:35:21,206 - INFO - Iter: 42900; ema_loss: 0.094182
2020-02-11 22:35:23,517 - INFO - Iter: 43000; ema_loss: 0.099708
2020-02-11 22:35:25,913 - INFO - Iter: 43100; ema_loss: 0.090928
2020-02-11 22:35:28,299 - INFO - Iter: 43200; ema_loss: 0.100111
2020-02-11 22:35:30,808 - INFO - Iter: 43300; ema_loss: 0.102769
2020-02-11 22:35:33,148 - INFO - Iter: 43400; ema_loss: 0.098792
2020-02-11 22:35:35,632 - INFO - Iter: 43500; ema_loss: 0.101660
2020-02-11 22:35:38,222 - INFO - Iter: 43600; ema_loss: 0.099453
2020-02-11 22:35:40,718 - INFO - Iter: 43700; ema_loss: 0.104522
2020-02-11 22:35:43,096 - INFO - Iter: 43800; ema_loss: 0.094220
2020-02-11 22:35:45,567 - INFO - Iter: 43900; ema_loss: 0.101959
2020-02-11 22:35:48,189 - INFO - Iter: 44000; ema_loss: 0.108220
2020-02-11 22:35:50,782 - INFO - Iter: 44100; ema_loss: 0.101015
2020-02-11 22:35:53,004 - INFO - Iter: 44200; ema_loss: 0.101930
2020-02-11 22:35:55,214 - INFO - Iter: 44300; ema_loss: 0.096041
2020-02-11 22:35:57,563 - INFO - Iter: 44400; ema_loss: 0.109586
2020-02-11 22:36:00,043 - INFO - Iter: 44500; ema_loss: 0.103637
2020-02-11 22:36:02,460 - INFO - Iter: 44600; ema_loss: 0.101371
2020-02-11 22:36:04,977 - INFO - Iter: 44700; ema_loss: 0.093765
2020-02-11 22:36:07,636 - INFO - Iter: 44800; ema_loss: 0.105025
2020-02-11 22:36:10,088 - INFO - Iter: 44900; ema_loss: 0.106976
2020-02-11 22:36:12,519 - INFO - Iter: 45000; ema_loss: 0.107662
2020-02-11 22:36:13,944 - INFO - 1-chain val AUC: 0.981367 val perc 98.295886; iteration: 45000
2020-02-11 22:36:15,263 - INFO - 2-inter val AUC: 0.758572 val perc 74.942623; iteration: 45000
2020-02-11 22:36:16,550 - INFO - Hard-2-inter val AUC: 0.497747 val perc 47.117407; iteration: 45000
2020-02-11 22:36:17,341 - INFO - 2-chain val AUC: 0.820392 val perc 83.965909; iteration: 45000
2020-02-11 22:36:18,625 - INFO - 3-chain val AUC: 0.767227 val perc 79.920792; iteration: 45000
2020-02-11 22:36:20,635 - INFO - 3-chain_inter val AUC: 0.744211 val perc 68.949495; iteration: 45000
2020-02-11 22:36:22,669 - INFO - Hard-3-chain_inter val AUC: 0.594936 val perc 61.832545; iteration: 45000
2020-02-11 22:36:24,698 - INFO - 3-inter_chain val AUC: 0.771523 val perc 79.787234; iteration: 45000
2020-02-11 22:36:26,698 - INFO - Hard-3-inter_chain val AUC: 0.515351 val perc 48.387568; iteration: 45000
2020-02-11 22:36:28,960 - INFO - 3-inter val AUC: 0.764383 val perc 75.842105; iteration: 45000
2020-02-11 22:36:31,220 - INFO - Hard-3-inter val AUC: 0.500421 val perc 47.313442; iteration: 45000
2020-02-11 22:36:31,227 - INFO - Edge converged at iteration 45000
2020-02-11 22:36:31,227 - INFO - Testing at edge conv...
2020-02-11 22:36:42,711 - INFO - 1-chain val AUC: 0.981309 val perc 98.302745; iteration: 45001
2020-02-11 22:36:46,231 - INFO - 2-inter val AUC: 0.751852 val perc 75.019900; iteration: 45001
2020-02-11 22:36:49,684 - INFO - Hard-2-inter val AUC: 0.500353 val perc 49.403075; iteration: 45001
2020-02-11 22:36:51,860 - INFO - 2-chain val AUC: 0.844631 val perc 85.353484; iteration: 45001
2020-02-11 22:37:00,432 - INFO - 3-chain val AUC: 0.760875 val perc 76.637827; iteration: 45001
2020-02-11 22:37:14,536 - INFO - 3-chain_inter val AUC: 0.744566 val perc 71.911794; iteration: 45001
2020-02-11 22:37:28,841 - INFO - Hard-3-chain_inter val AUC: 0.592237 val perc 61.147354; iteration: 45001
2020-02-11 22:37:42,296 - INFO - 3-inter_chain val AUC: 0.786974 val perc 75.570681; iteration: 45001
2020-02-11 22:37:55,673 - INFO - Hard-3-inter_chain val AUC: 0.507929 val perc 50.024251; iteration: 45001
2020-02-11 22:38:10,904 - INFO - 3-inter val AUC: 0.744105 val perc 75.161914; iteration: 45001
2020-02-11 22:38:25,846 - INFO - Hard-3-inter val AUC: 0.495021 val perc 49.712896; iteration: 45001
2020-02-11 22:38:37,342 - INFO - 1-chain val AUC: 0.981309 val perc 98.302745; iteration: 45001
2020-02-11 22:38:40,787 - INFO - 2-inter val AUC: 0.751852 val perc 75.019900; iteration: 45001
2020-02-11 22:38:44,203 - INFO - Hard-2-inter val AUC: 0.500353 val perc 49.403075; iteration: 45001
2020-02-11 22:38:46,343 - INFO - 2-chain val AUC: 0.844631 val perc 85.353484; iteration: 45001
2020-02-11 22:38:54,882 - INFO - 3-chain val AUC: 0.760875 val perc 76.637827; iteration: 45001
2020-02-11 22:39:09,431 - INFO - 3-chain_inter val AUC: 0.744566 val perc 71.911794; iteration: 45001
2020-02-11 22:39:23,451 - INFO - Hard-3-chain_inter val AUC: 0.592237 val perc 61.147354; iteration: 45001
2020-02-11 22:39:36,856 - INFO - 3-inter_chain val AUC: 0.786974 val perc 75.570681; iteration: 45001
2020-02-11 22:39:50,269 - INFO - Hard-3-inter_chain val AUC: 0.507929 val perc 50.024251; iteration: 45001
2020-02-11 22:40:05,728 - INFO - 3-inter val AUC: 0.744105 val perc 75.161914; iteration: 45001
2020-02-11 22:40:20,855 - INFO - Hard-3-inter val AUC: 0.495021 val perc 49.712896; iteration: 45001
2020-02-11 22:40:20,856 - INFO - Test macro-averaged val: 0.700896
2020-02-11 22:40:20,856 - INFO - Improvement from edge conv: 0.000000
